Analysis & Synthesis report for counter_16_bits_decoders
Mon Apr 08 16:41:31 2024
Quartus Prime Version 18.0.0 Build 614 04/24/2018 SJ Lite Edition


---------------------
; Table of Contents ;
---------------------
  1. Legal Notice
  2. Analysis & Synthesis Summary
  3. Analysis & Synthesis Settings
  4. Parallel Compilation
  5. Analysis & Synthesis Source Files Read
  6. Analysis & Synthesis Resource Usage Summary
  7. Analysis & Synthesis Resource Utilization by Entity
  8. General Register Statistics
  9. Parameter Settings for User Entity Instance: counter_16_bits:counter0|counter_N_bits:counter_16bit
 10. Parameter Settings for Inferred Entity Instance: convert_to_bcd:conv0|lpm_divide:Mod2
 11. Parameter Settings for Inferred Entity Instance: convert_to_bcd:conv0|lpm_divide:Mod1
 12. Parameter Settings for Inferred Entity Instance: convert_to_bcd:conv0|lpm_divide:Div2
 13. Parameter Settings for Inferred Entity Instance: convert_to_bcd:conv0|lpm_divide:Mod0
 14. Parameter Settings for Inferred Entity Instance: convert_to_bcd:conv0|lpm_divide:Div1
 15. Parameter Settings for Inferred Entity Instance: convert_to_bcd:conv0|lpm_divide:Div0
 16. Post-Synthesis Netlist Statistics for Top Partition
 17. Elapsed Time Per Partition
 18. Analysis & Synthesis Messages



----------------
; Legal Notice ;
----------------
Copyright (C) 2018  Intel Corporation. All rights reserved.
Your use of Intel Corporation's design tools, logic functions 
and other software and tools, and its AMPP partner logic 
functions, and any output files from any of the foregoing 
(including device programming or simulation files), and any 
associated documentation or information are expressly subject 
to the terms and conditions of the Intel Program License 
Subscription Agreement, the Intel Quartus Prime License Agreement,
the Intel FPGA IP License Agreement, or other applicable license
agreement, including, without limitation, that your use is for
the sole purpose of programming logic devices manufactured by
Intel and sold by Intel or its authorized distributors.  Please
refer to the applicable agreement for further details.



+-------------------------------------------------------------------------------+
; Analysis & Synthesis Summary                                                  ;
+---------------------------------+---------------------------------------------+
; Analysis & Synthesis Status     ; Successful - Mon Apr 08 16:41:31 2024       ;
; Quartus Prime Version           ; 18.0.0 Build 614 04/24/2018 SJ Lite Edition ;
; Revision Name                   ; counter_16_bits_decoders                    ;
; Top-level Entity Name           ; counter_16_bits_decoders                    ;
; Family                          ; Cyclone V                                   ;
; Logic utilization (in ALMs)     ; N/A                                         ;
; Total registers                 ; 16                                          ;
; Total pins                      ; 31                                          ;
; Total virtual pins              ; 0                                           ;
; Total block memory bits         ; 0                                           ;
; Total DSP Blocks                ; 0                                           ;
; Total HSSI RX PCSs              ; 0                                           ;
; Total HSSI PMA RX Deserializers ; 0                                           ;
; Total HSSI TX PCSs              ; 0                                           ;
; Total HSSI PMA TX Serializers   ; 0                                           ;
; Total PLLs                      ; 0                                           ;
; Total DLLs                      ; 0                                           ;
+---------------------------------+---------------------------------------------+


+---------------------------------------------------------------------------------------------------------------------------------------+
; Analysis & Synthesis Settings                                                                                                         ;
+---------------------------------------------------------------------------------+--------------------------+--------------------------+
; Option                                                                          ; Setting                  ; Default Value            ;
+---------------------------------------------------------------------------------+--------------------------+--------------------------+
; Device                                                                          ; 5CSEMA5F31C6             ;                          ;
; Top-level entity name                                                           ; counter_16_bits_decoders ; counter_16_bits_decoders ;
; Family name                                                                     ; Cyclone V                ; Cyclone V                ;
; Use smart compilation                                                           ; Off                      ; Off                      ;
; Enable parallel Assembler and Timing Analyzer during compilation                ; On                       ; On                       ;
; Enable compact report table                                                     ; Off                      ; Off                      ;
; Restructure Multiplexers                                                        ; Auto                     ; Auto                     ;
; MLAB Add Timing Constraints For Mixed-Port Feed-Through Mode Setting Don't Care ; Off                      ; Off                      ;
; Create Debugging Nodes for IP Cores                                             ; Off                      ; Off                      ;
; Preserve fewer node names                                                       ; On                       ; On                       ;
; Intel FPGA IP Evaluation Mode                                                   ; Enable                   ; Enable                   ;
; Verilog Version                                                                 ; Verilog_2001             ; Verilog_2001             ;
; VHDL Version                                                                    ; VHDL_1993                ; VHDL_1993                ;
; State Machine Processing                                                        ; Auto                     ; Auto                     ;
; Safe State Machine                                                              ; Off                      ; Off                      ;
; Extract Verilog State Machines                                                  ; On                       ; On                       ;
; Extract VHDL State Machines                                                     ; On                       ; On                       ;
; Ignore Verilog initial constructs                                               ; Off                      ; Off                      ;
; Iteration limit for constant Verilog loops                                      ; 5000                     ; 5000                     ;
; Iteration limit for non-constant Verilog loops                                  ; 250                      ; 250                      ;
; Add Pass-Through Logic to Inferred RAMs                                         ; On                       ; On                       ;
; Infer RAMs from Raw Logic                                                       ; On                       ; On                       ;
; Parallel Synthesis                                                              ; On                       ; On                       ;
; DSP Block Balancing                                                             ; Auto                     ; Auto                     ;
; NOT Gate Push-Back                                                              ; On                       ; On                       ;
; Power-Up Don't Care                                                             ; On                       ; On                       ;
; Remove Redundant Logic Cells                                                    ; Off                      ; Off                      ;
; Remove Duplicate Registers                                                      ; On                       ; On                       ;
; Ignore CARRY Buffers                                                            ; Off                      ; Off                      ;
; Ignore CASCADE Buffers                                                          ; Off                      ; Off                      ;
; Ignore GLOBAL Buffers                                                           ; Off                      ; Off                      ;
; Ignore ROW GLOBAL Buffers                                                       ; Off                      ; Off                      ;
; Ignore LCELL Buffers                                                            ; Off                      ; Off                      ;
; Ignore SOFT Buffers                                                             ; On                       ; On                       ;
; Limit AHDL Integers to 32 Bits                                                  ; Off                      ; Off                      ;
; Optimization Technique                                                          ; Balanced                 ; Balanced                 ;
; Carry Chain Length                                                              ; 70                       ; 70                       ;
; Auto Carry Chains                                                               ; On                       ; On                       ;
; Auto Open-Drain Pins                                                            ; On                       ; On                       ;
; Perform WYSIWYG Primitive Resynthesis                                           ; Off                      ; Off                      ;
; Auto ROM Replacement                                                            ; On                       ; On                       ;
; Auto RAM Replacement                                                            ; On                       ; On                       ;
; Auto DSP Block Replacement                                                      ; On                       ; On                       ;
; Auto Shift Register Replacement                                                 ; Auto                     ; Auto                     ;
; Allow Shift Register Merging across Hierarchies                                 ; Auto                     ; Auto                     ;
; Auto Clock Enable Replacement                                                   ; On                       ; On                       ;
; Strict RAM Replacement                                                          ; Off                      ; Off                      ;
; Allow Synchronous Control Signals                                               ; On                       ; On                       ;
; Force Use of Synchronous Clear Signals                                          ; Off                      ; Off                      ;
; Auto Resource Sharing                                                           ; Off                      ; Off                      ;
; Allow Any RAM Size For Recognition                                              ; Off                      ; Off                      ;
; Allow Any ROM Size For Recognition                                              ; Off                      ; Off                      ;
; Allow Any Shift Register Size For Recognition                                   ; Off                      ; Off                      ;
; Use LogicLock Constraints during Resource Balancing                             ; On                       ; On                       ;
; Ignore translate_off and synthesis_off directives                               ; Off                      ; Off                      ;
; Timing-Driven Synthesis                                                         ; On                       ; On                       ;
; Report Parameter Settings                                                       ; On                       ; On                       ;
; Report Source Assignments                                                       ; On                       ; On                       ;
; Report Connectivity Checks                                                      ; On                       ; On                       ;
; Ignore Maximum Fan-Out Assignments                                              ; Off                      ; Off                      ;
; Synchronization Register Chain Length                                           ; 3                        ; 3                        ;
; Power Optimization During Synthesis                                             ; Normal compilation       ; Normal compilation       ;
; HDL message level                                                               ; Level2                   ; Level2                   ;
; Suppress Register Optimization Related Messages                                 ; Off                      ; Off                      ;
; Number of Removed Registers Reported in Synthesis Report                        ; 5000                     ; 5000                     ;
; Number of Swept Nodes Reported in Synthesis Report                              ; 5000                     ; 5000                     ;
; Number of Inverted Registers Reported in Synthesis Report                       ; 100                      ; 100                      ;
; Clock MUX Protection                                                            ; On                       ; On                       ;
; Auto Gated Clock Conversion                                                     ; Off                      ; Off                      ;
; Block Design Naming                                                             ; Auto                     ; Auto                     ;
; SDC constraint protection                                                       ; Off                      ; Off                      ;
; Synthesis Effort                                                                ; Auto                     ; Auto                     ;
; Shift Register Replacement - Allow Asynchronous Clear Signal                    ; On                       ; On                       ;
; Pre-Mapping Resynthesis Optimization                                            ; Off                      ; Off                      ;
; Analysis & Synthesis Message Level                                              ; Medium                   ; Medium                   ;
; Disable Register Merging Across Hierarchies                                     ; Auto                     ; Auto                     ;
; Resource Aware Inference For Block RAM                                          ; On                       ; On                       ;
; Automatic Parallel Synthesis                                                    ; On                       ; On                       ;
; Partial Reconfiguration Bitstream ID                                            ; Off                      ; Off                      ;
+---------------------------------------------------------------------------------+--------------------------+--------------------------+


+------------------------------------------+
; Parallel Compilation                     ;
+----------------------------+-------------+
; Processors                 ; Number      ;
+----------------------------+-------------+
; Number detected on machine ; 16          ;
; Maximum allowed            ; 8           ;
;                            ;             ;
; Average used               ; 1.00        ;
; Maximum used               ; 8           ;
;                            ;             ;
; Usage by Processor         ; % Time Used ;
;     Processor 1            ; 100.0%      ;
;     Processors 2-8         ;   0.0%      ;
+----------------------------+-------------+


+--------------------------------------------------------------------------------------------------------------------------------------------------------------------------------------------------------------------------------------+
; Analysis & Synthesis Source Files Read                                                                                                                                                                                               ;
+----------------------------------------------------------+-----------------+------------------------------+----------------------------------------------------------------------------------------------------------------+---------+
; File Name with User-Entered Path                         ; Used in Netlist ; File Type                    ; File Name with Absolute Path                                                                                   ; Library ;
+----------------------------------------------------------+-----------------+------------------------------+----------------------------------------------------------------------------------------------------------------+---------+
; ../../../LAB 4/Zadanie 1/decoder_hex_10/decoder_hex_10.v ; yes             ; User Verilog HDL File        ; C:/Users/Mateusz/Desktop/Systemy wbudowane/LAB 4/Zadanie 1/decoder_hex_10/decoder_hex_10.v                     ;         ;
; ../counter_N_bits/counter_N_bits.v                       ; yes             ; User Verilog HDL File        ; C:/Users/Mateusz/Desktop/Systemy wbudowane/LAB 6/Zadanie 2/counter_N_bits/counter_N_bits.v                     ;         ;
; ../convert_to_bcd/convert_to_bcd.v                       ; yes             ; User Verilog HDL File        ; C:/Users/Mateusz/Desktop/Systemy wbudowane/LAB 6/Zadanie 2/convert_to_bcd/convert_to_bcd.v                     ;         ;
; ../counter_16_bits/counter_16_bits.v                     ; yes             ; User Verilog HDL File        ; C:/Users/Mateusz/Desktop/Systemy wbudowane/LAB 6/Zadanie 2/counter_16_bits/counter_16_bits.v                   ;         ;
; counter_16_bits_decoders.v                               ; yes             ; User Verilog HDL File        ; C:/Users/Mateusz/Desktop/Systemy wbudowane/LAB 6/Zadanie 2/counter_16_bits_decoders/counter_16_bits_decoders.v ;         ;
; lpm_divide.tdf                                           ; yes             ; Megafunction                 ; c:/intelfpga_lite/18.0/quartus/libraries/megafunctions/lpm_divide.tdf                                          ;         ;
; abs_divider.inc                                          ; yes             ; Megafunction                 ; c:/intelfpga_lite/18.0/quartus/libraries/megafunctions/abs_divider.inc                                         ;         ;
; sign_div_unsign.inc                                      ; yes             ; Megafunction                 ; c:/intelfpga_lite/18.0/quartus/libraries/megafunctions/sign_div_unsign.inc                                     ;         ;
; aglobal180.inc                                           ; yes             ; Megafunction                 ; c:/intelfpga_lite/18.0/quartus/libraries/megafunctions/aglobal180.inc                                          ;         ;
; db/lpm_divide_n3m.tdf                                    ; yes             ; Auto-Generated Megafunction  ; C:/Users/Mateusz/Desktop/Systemy wbudowane/LAB 6/Zadanie 2/counter_16_bits_decoders/db/lpm_divide_n3m.tdf      ;         ;
; db/sign_div_unsign_qlh.tdf                               ; yes             ; Auto-Generated Megafunction  ; C:/Users/Mateusz/Desktop/Systemy wbudowane/LAB 6/Zadanie 2/counter_16_bits_decoders/db/sign_div_unsign_qlh.tdf ;         ;
; db/alt_u_div_qve.tdf                                     ; yes             ; Auto-Generated Megafunction  ; C:/Users/Mateusz/Desktop/Systemy wbudowane/LAB 6/Zadanie 2/counter_16_bits_decoders/db/alt_u_div_qve.tdf       ;         ;
; db/lpm_divide_q3m.tdf                                    ; yes             ; Auto-Generated Megafunction  ; C:/Users/Mateusz/Desktop/Systemy wbudowane/LAB 6/Zadanie 2/counter_16_bits_decoders/db/lpm_divide_q3m.tdf      ;         ;
; db/sign_div_unsign_tlh.tdf                               ; yes             ; Auto-Generated Megafunction  ; C:/Users/Mateusz/Desktop/Systemy wbudowane/LAB 6/Zadanie 2/counter_16_bits_decoders/db/sign_div_unsign_tlh.tdf ;         ;
; db/alt_u_div_00f.tdf                                     ; yes             ; Auto-Generated Megafunction  ; C:/Users/Mateusz/Desktop/Systemy wbudowane/LAB 6/Zadanie 2/counter_16_bits_decoders/db/alt_u_div_00f.tdf       ;         ;
; db/lpm_divide_4am.tdf                                    ; yes             ; Auto-Generated Megafunction  ; C:/Users/Mateusz/Desktop/Systemy wbudowane/LAB 6/Zadanie 2/counter_16_bits_decoders/db/lpm_divide_4am.tdf      ;         ;
; db/sign_div_unsign_akh.tdf                               ; yes             ; Auto-Generated Megafunction  ; C:/Users/Mateusz/Desktop/Systemy wbudowane/LAB 6/Zadanie 2/counter_16_bits_decoders/db/sign_div_unsign_akh.tdf ;         ;
; db/alt_u_div_qse.tdf                                     ; yes             ; Auto-Generated Megafunction  ; C:/Users/Mateusz/Desktop/Systemy wbudowane/LAB 6/Zadanie 2/counter_16_bits_decoders/db/alt_u_div_qse.tdf       ;         ;
; db/lpm_divide_45m.tdf                                    ; yes             ; Auto-Generated Megafunction  ; C:/Users/Mateusz/Desktop/Systemy wbudowane/LAB 6/Zadanie 2/counter_16_bits_decoders/db/lpm_divide_45m.tdf      ;         ;
; db/sign_div_unsign_7nh.tdf                               ; yes             ; Auto-Generated Megafunction  ; C:/Users/Mateusz/Desktop/Systemy wbudowane/LAB 6/Zadanie 2/counter_16_bits_decoders/db/sign_div_unsign_7nh.tdf ;         ;
; db/alt_u_div_k2f.tdf                                     ; yes             ; Auto-Generated Megafunction  ; C:/Users/Mateusz/Desktop/Systemy wbudowane/LAB 6/Zadanie 2/counter_16_bits_decoders/db/alt_u_div_k2f.tdf       ;         ;
; db/lpm_divide_hbm.tdf                                    ; yes             ; Auto-Generated Megafunction  ; C:/Users/Mateusz/Desktop/Systemy wbudowane/LAB 6/Zadanie 2/counter_16_bits_decoders/db/lpm_divide_hbm.tdf      ;         ;
; db/sign_div_unsign_nlh.tdf                               ; yes             ; Auto-Generated Megafunction  ; C:/Users/Mateusz/Desktop/Systemy wbudowane/LAB 6/Zadanie 2/counter_16_bits_decoders/db/sign_div_unsign_nlh.tdf ;         ;
; db/alt_u_div_kve.tdf                                     ; yes             ; Auto-Generated Megafunction  ; C:/Users/Mateusz/Desktop/Systemy wbudowane/LAB 6/Zadanie 2/counter_16_bits_decoders/db/alt_u_div_kve.tdf       ;         ;
; db/lpm_divide_1dm.tdf                                    ; yes             ; Auto-Generated Megafunction  ; C:/Users/Mateusz/Desktop/Systemy wbudowane/LAB 6/Zadanie 2/counter_16_bits_decoders/db/lpm_divide_1dm.tdf      ;         ;
+----------------------------------------------------------+-----------------+------------------------------+----------------------------------------------------------------------------------------------------------------+---------+


+---------------------------------------------------------------------------------------------------------------------------------------------------------------------------+
; Analysis & Synthesis Resource Usage Summary                                                                                                                               ;
+---------------------------------------------+-----------------------------------------------------------------------------------------------------------------------------+
; Resource                                    ; Usage                                                                                                                       ;
+---------------------------------------------+-----------------------------------------------------------------------------------------------------------------------------+
; Estimate of Logic utilization (ALMs needed) ; 417                                                                                                                         ;
;                                             ;                                                                                                                             ;
; Combinational ALUT usage for logic          ; 828                                                                                                                         ;
;     -- 7 input functions                    ; 0                                                                                                                           ;
;     -- 6 input functions                    ; 5                                                                                                                           ;
;     -- 5 input functions                    ; 6                                                                                                                           ;
;     -- 4 input functions                    ; 172                                                                                                                         ;
;     -- <=3 input functions                  ; 645                                                                                                                         ;
;                                             ;                                                                                                                             ;
; Dedicated logic registers                   ; 16                                                                                                                          ;
;                                             ;                                                                                                                             ;
; I/O pins                                    ; 31                                                                                                                          ;
;                                             ;                                                                                                                             ;
; Total DSP Blocks                            ; 0                                                                                                                           ;
;                                             ;                                                                                                                             ;
; Maximum fan-out node                        ; convert_to_bcd:conv0|lpm_divide:Div0|lpm_divide_1dm:auto_generated|sign_div_unsign_7nh:divider|alt_u_div_k2f:divider|op_6~1 ;
; Maximum fan-out                             ; 30                                                                                                                          ;
; Total fan-out                               ; 2542                                                                                                                        ;
; Average fan-out                             ; 2.81                                                                                                                        ;
+---------------------------------------------+-----------------------------------------------------------------------------------------------------------------------------+


+-----------------------------------------------------------------------------------------------------------------------------------------------------------------------------------------------------------------------------------------------------------------------------------------------------------------------------------------------+
; Analysis & Synthesis Resource Utilization by Entity                                                                                                                                                                                                                                                                                           ;
+-------------------------------------------+---------------------+---------------------------+-------------------+------------+------+--------------+------------------------------------------------------------------------------------------------------------------------------------------------+--------------------------+--------------+
; Compilation Hierarchy Node                ; Combinational ALUTs ; Dedicated Logic Registers ; Block Memory Bits ; DSP Blocks ; Pins ; Virtual Pins ; Full Hierarchy Name                                                                                                                            ; Entity Name              ; Library Name ;
+-------------------------------------------+---------------------+---------------------------+-------------------+------------+------+--------------+------------------------------------------------------------------------------------------------------------------------------------------------+--------------------------+--------------+
; |counter_16_bits_decoders                 ; 828 (0)             ; 16 (0)                    ; 0                 ; 0          ; 31   ; 0            ; |counter_16_bits_decoders                                                                                                                      ; counter_16_bits_decoders ; work         ;
;    |convert_to_bcd:conv0|                 ; 784 (0)             ; 0 (0)                     ; 0                 ; 0          ; 0    ; 0            ; |counter_16_bits_decoders|convert_to_bcd:conv0                                                                                                 ; convert_to_bcd           ; work         ;
;       |lpm_divide:Div0|                   ; 164 (0)             ; 0 (0)                     ; 0                 ; 0          ; 0    ; 0            ; |counter_16_bits_decoders|convert_to_bcd:conv0|lpm_divide:Div0                                                                                 ; lpm_divide               ; work         ;
;          |lpm_divide_1dm:auto_generated|  ; 164 (0)             ; 0 (0)                     ; 0                 ; 0          ; 0    ; 0            ; |counter_16_bits_decoders|convert_to_bcd:conv0|lpm_divide:Div0|lpm_divide_1dm:auto_generated                                                   ; lpm_divide_1dm           ; work         ;
;             |sign_div_unsign_7nh:divider| ; 164 (0)             ; 0 (0)                     ; 0                 ; 0          ; 0    ; 0            ; |counter_16_bits_decoders|convert_to_bcd:conv0|lpm_divide:Div0|lpm_divide_1dm:auto_generated|sign_div_unsign_7nh:divider                       ; sign_div_unsign_7nh      ; work         ;
;                |alt_u_div_k2f:divider|    ; 164 (164)           ; 0 (0)                     ; 0                 ; 0          ; 0    ; 0            ; |counter_16_bits_decoders|convert_to_bcd:conv0|lpm_divide:Div0|lpm_divide_1dm:auto_generated|sign_div_unsign_7nh:divider|alt_u_div_k2f:divider ; alt_u_div_k2f            ; work         ;
;       |lpm_divide:Div1|                   ; 59 (0)              ; 0 (0)                     ; 0                 ; 0          ; 0    ; 0            ; |counter_16_bits_decoders|convert_to_bcd:conv0|lpm_divide:Div1                                                                                 ; lpm_divide               ; work         ;
;          |lpm_divide_hbm:auto_generated|  ; 59 (0)              ; 0 (0)                     ; 0                 ; 0          ; 0    ; 0            ; |counter_16_bits_decoders|convert_to_bcd:conv0|lpm_divide:Div1|lpm_divide_hbm:auto_generated                                                   ; lpm_divide_hbm           ; work         ;
;             |sign_div_unsign_nlh:divider| ; 59 (0)              ; 0 (0)                     ; 0                 ; 0          ; 0    ; 0            ; |counter_16_bits_decoders|convert_to_bcd:conv0|lpm_divide:Div1|lpm_divide_hbm:auto_generated|sign_div_unsign_nlh:divider                       ; sign_div_unsign_nlh      ; work         ;
;                |alt_u_div_kve:divider|    ; 59 (59)             ; 0 (0)                     ; 0                 ; 0          ; 0    ; 0            ; |counter_16_bits_decoders|convert_to_bcd:conv0|lpm_divide:Div1|lpm_divide_hbm:auto_generated|sign_div_unsign_nlh:divider|alt_u_div_kve:divider ; alt_u_div_kve            ; work         ;
;       |lpm_divide:Div2|                   ; 36 (0)              ; 0 (0)                     ; 0                 ; 0          ; 0    ; 0            ; |counter_16_bits_decoders|convert_to_bcd:conv0|lpm_divide:Div2                                                                                 ; lpm_divide               ; work         ;
;          |lpm_divide_4am:auto_generated|  ; 36 (0)              ; 0 (0)                     ; 0                 ; 0          ; 0    ; 0            ; |counter_16_bits_decoders|convert_to_bcd:conv0|lpm_divide:Div2|lpm_divide_4am:auto_generated                                                   ; lpm_divide_4am           ; work         ;
;             |sign_div_unsign_akh:divider| ; 36 (0)              ; 0 (0)                     ; 0                 ; 0          ; 0    ; 0            ; |counter_16_bits_decoders|convert_to_bcd:conv0|lpm_divide:Div2|lpm_divide_4am:auto_generated|sign_div_unsign_akh:divider                       ; sign_div_unsign_akh      ; work         ;
;                |alt_u_div_qse:divider|    ; 36 (36)             ; 0 (0)                     ; 0                 ; 0          ; 0    ; 0            ; |counter_16_bits_decoders|convert_to_bcd:conv0|lpm_divide:Div2|lpm_divide_4am:auto_generated|sign_div_unsign_akh:divider|alt_u_div_qse:divider ; alt_u_div_qse            ; work         ;
;       |lpm_divide:Mod0|                   ; 191 (0)             ; 0 (0)                     ; 0                 ; 0          ; 0    ; 0            ; |counter_16_bits_decoders|convert_to_bcd:conv0|lpm_divide:Mod0                                                                                 ; lpm_divide               ; work         ;
;          |lpm_divide_45m:auto_generated|  ; 191 (0)             ; 0 (0)                     ; 0                 ; 0          ; 0    ; 0            ; |counter_16_bits_decoders|convert_to_bcd:conv0|lpm_divide:Mod0|lpm_divide_45m:auto_generated                                                   ; lpm_divide_45m           ; work         ;
;             |sign_div_unsign_7nh:divider| ; 191 (0)             ; 0 (0)                     ; 0                 ; 0          ; 0    ; 0            ; |counter_16_bits_decoders|convert_to_bcd:conv0|lpm_divide:Mod0|lpm_divide_45m:auto_generated|sign_div_unsign_7nh:divider                       ; sign_div_unsign_7nh      ; work         ;
;                |alt_u_div_k2f:divider|    ; 191 (191)           ; 0 (0)                     ; 0                 ; 0          ; 0    ; 0            ; |counter_16_bits_decoders|convert_to_bcd:conv0|lpm_divide:Mod0|lpm_divide_45m:auto_generated|sign_div_unsign_7nh:divider|alt_u_div_k2f:divider ; alt_u_div_k2f            ; work         ;
;       |lpm_divide:Mod1|                   ; 193 (0)             ; 0 (0)                     ; 0                 ; 0          ; 0    ; 0            ; |counter_16_bits_decoders|convert_to_bcd:conv0|lpm_divide:Mod1                                                                                 ; lpm_divide               ; work         ;
;          |lpm_divide_q3m:auto_generated|  ; 193 (0)             ; 0 (0)                     ; 0                 ; 0          ; 0    ; 0            ; |counter_16_bits_decoders|convert_to_bcd:conv0|lpm_divide:Mod1|lpm_divide_q3m:auto_generated                                                   ; lpm_divide_q3m           ; work         ;
;             |sign_div_unsign_tlh:divider| ; 193 (0)             ; 0 (0)                     ; 0                 ; 0          ; 0    ; 0            ; |counter_16_bits_decoders|convert_to_bcd:conv0|lpm_divide:Mod1|lpm_divide_q3m:auto_generated|sign_div_unsign_tlh:divider                       ; sign_div_unsign_tlh      ; work         ;
;                |alt_u_div_00f:divider|    ; 193 (193)           ; 0 (0)                     ; 0                 ; 0          ; 0    ; 0            ; |counter_16_bits_decoders|convert_to_bcd:conv0|lpm_divide:Mod1|lpm_divide_q3m:auto_generated|sign_div_unsign_tlh:divider|alt_u_div_00f:divider ; alt_u_div_00f            ; work         ;
;       |lpm_divide:Mod2|                   ; 141 (0)             ; 0 (0)                     ; 0                 ; 0          ; 0    ; 0            ; |counter_16_bits_decoders|convert_to_bcd:conv0|lpm_divide:Mod2                                                                                 ; lpm_divide               ; work         ;
;          |lpm_divide_n3m:auto_generated|  ; 141 (0)             ; 0 (0)                     ; 0                 ; 0          ; 0    ; 0            ; |counter_16_bits_decoders|convert_to_bcd:conv0|lpm_divide:Mod2|lpm_divide_n3m:auto_generated                                                   ; lpm_divide_n3m           ; work         ;
;             |sign_div_unsign_qlh:divider| ; 141 (0)             ; 0 (0)                     ; 0                 ; 0          ; 0    ; 0            ; |counter_16_bits_decoders|convert_to_bcd:conv0|lpm_divide:Mod2|lpm_divide_n3m:auto_generated|sign_div_unsign_qlh:divider                       ; sign_div_unsign_qlh      ; work         ;
;                |alt_u_div_qve:divider|    ; 141 (141)           ; 0 (0)                     ; 0                 ; 0          ; 0    ; 0            ; |counter_16_bits_decoders|convert_to_bcd:conv0|lpm_divide:Mod2|lpm_divide_n3m:auto_generated|sign_div_unsign_qlh:divider|alt_u_div_qve:divider ; alt_u_div_qve            ; work         ;
;    |counter_16_bits:counter0|             ; 16 (0)              ; 16 (0)                    ; 0                 ; 0          ; 0    ; 0            ; |counter_16_bits_decoders|counter_16_bits:counter0                                                                                             ; counter_16_bits          ; work         ;
;       |counter_N_bits:counter_16bit|      ; 16 (16)             ; 16 (16)                   ; 0                 ; 0          ; 0    ; 0            ; |counter_16_bits_decoders|counter_16_bits:counter0|counter_N_bits:counter_16bit                                                                ; counter_N_bits           ; work         ;
;    |decoder_hex_10:dec0|                  ; 7 (7)               ; 0 (0)                     ; 0                 ; 0          ; 0    ; 0            ; |counter_16_bits_decoders|decoder_hex_10:dec0                                                                                                  ; decoder_hex_10           ; work         ;
;    |decoder_hex_10:dec1|                  ; 7 (7)               ; 0 (0)                     ; 0                 ; 0          ; 0    ; 0            ; |counter_16_bits_decoders|decoder_hex_10:dec1                                                                                                  ; decoder_hex_10           ; work         ;
;    |decoder_hex_10:dec2|                  ; 7 (7)               ; 0 (0)                     ; 0                 ; 0          ; 0    ; 0            ; |counter_16_bits_decoders|decoder_hex_10:dec2                                                                                                  ; decoder_hex_10           ; work         ;
;    |decoder_hex_10:dec3|                  ; 7 (7)               ; 0 (0)                     ; 0                 ; 0          ; 0    ; 0            ; |counter_16_bits_decoders|decoder_hex_10:dec3                                                                                                  ; decoder_hex_10           ; work         ;
+-------------------------------------------+---------------------+---------------------------+-------------------+------------+------+--------------+------------------------------------------------------------------------------------------------------------------------------------------------+--------------------------+--------------+
Note: For table entries with two numbers listed, the numbers in parentheses indicate the number of resources of the given type used by the specific entity alone. The numbers listed outside of parentheses indicate the total resources of the given type used by the specific entity and all of its sub-entities in the hierarchy.


+------------------------------------------------------+
; General Register Statistics                          ;
+----------------------------------------------+-------+
; Statistic                                    ; Value ;
+----------------------------------------------+-------+
; Total registers                              ; 16    ;
; Number of registers using Synchronous Clear  ; 0     ;
; Number of registers using Synchronous Load   ; 0     ;
; Number of registers using Asynchronous Clear ; 16    ;
; Number of registers using Asynchronous Load  ; 0     ;
; Number of registers using Clock Enable       ; 16    ;
; Number of registers using Preset             ; 0     ;
+----------------------------------------------+-------+


+----------------------------------------------------------------------------------------------------+
; Parameter Settings for User Entity Instance: counter_16_bits:counter0|counter_N_bits:counter_16bit ;
+----------------+-------+---------------------------------------------------------------------------+
; Parameter Name ; Value ; Type                                                                      ;
+----------------+-------+---------------------------------------------------------------------------+
; N              ; 16    ; Signed Integer                                                            ;
+----------------+-------+---------------------------------------------------------------------------+
Note: In order to hide this table in the UI and the text report file, please set the "Show Parameter Settings in Synthesis Report" option in "Analysis and Synthesis Settings -> More Settings" to "Off".


+---------------------------------------------------------------------------------------+
; Parameter Settings for Inferred Entity Instance: convert_to_bcd:conv0|lpm_divide:Mod2 ;
+------------------------+----------------+---------------------------------------------+
; Parameter Name         ; Value          ; Type                                        ;
+------------------------+----------------+---------------------------------------------+
; LPM_WIDTHN             ; 16             ; Untyped                                     ;
; LPM_WIDTHD             ; 4              ; Untyped                                     ;
; LPM_NREPRESENTATION    ; UNSIGNED       ; Untyped                                     ;
; LPM_DREPRESENTATION    ; UNSIGNED       ; Untyped                                     ;
; LPM_PIPELINE           ; 0              ; Untyped                                     ;
; LPM_REMAINDERPOSITIVE  ; TRUE           ; Untyped                                     ;
; MAXIMIZE_SPEED         ; 5              ; Untyped                                     ;
; CBXI_PARAMETER         ; lpm_divide_n3m ; Untyped                                     ;
; CARRY_CHAIN            ; MANUAL         ; Untyped                                     ;
; OPTIMIZE_FOR_SPEED     ; 5              ; Untyped                                     ;
; AUTO_CARRY_CHAINS      ; ON             ; AUTO_CARRY                                  ;
; IGNORE_CARRY_BUFFERS   ; OFF            ; IGNORE_CARRY                                ;
; AUTO_CASCADE_CHAINS    ; ON             ; AUTO_CASCADE                                ;
; IGNORE_CASCADE_BUFFERS ; OFF            ; IGNORE_CASCADE                              ;
+------------------------+----------------+---------------------------------------------+
Note: In order to hide this table in the UI and the text report file, please set the "Show Parameter Settings in Synthesis Report" option in "Analysis and Synthesis Settings -> More Settings" to "Off".


+---------------------------------------------------------------------------------------+
; Parameter Settings for Inferred Entity Instance: convert_to_bcd:conv0|lpm_divide:Mod1 ;
+------------------------+----------------+---------------------------------------------+
; Parameter Name         ; Value          ; Type                                        ;
+------------------------+----------------+---------------------------------------------+
; LPM_WIDTHN             ; 16             ; Untyped                                     ;
; LPM_WIDTHD             ; 7              ; Untyped                                     ;
; LPM_NREPRESENTATION    ; UNSIGNED       ; Untyped                                     ;
; LPM_DREPRESENTATION    ; UNSIGNED       ; Untyped                                     ;
; LPM_PIPELINE           ; 0              ; Untyped                                     ;
; LPM_REMAINDERPOSITIVE  ; TRUE           ; Untyped                                     ;
; MAXIMIZE_SPEED         ; 5              ; Untyped                                     ;
; CBXI_PARAMETER         ; lpm_divide_q3m ; Untyped                                     ;
; CARRY_CHAIN            ; MANUAL         ; Untyped                                     ;
; OPTIMIZE_FOR_SPEED     ; 5              ; Untyped                                     ;
; AUTO_CARRY_CHAINS      ; ON             ; AUTO_CARRY                                  ;
; IGNORE_CARRY_BUFFERS   ; OFF            ; IGNORE_CARRY                                ;
; AUTO_CASCADE_CHAINS    ; ON             ; AUTO_CASCADE                                ;
; IGNORE_CASCADE_BUFFERS ; OFF            ; IGNORE_CASCADE                              ;
+------------------------+----------------+---------------------------------------------+
Note: In order to hide this table in the UI and the text report file, please set the "Show Parameter Settings in Synthesis Report" option in "Analysis and Synthesis Settings -> More Settings" to "Off".


+---------------------------------------------------------------------------------------+
; Parameter Settings for Inferred Entity Instance: convert_to_bcd:conv0|lpm_divide:Div2 ;
+------------------------+----------------+---------------------------------------------+
; Parameter Name         ; Value          ; Type                                        ;
+------------------------+----------------+---------------------------------------------+
; LPM_WIDTHN             ; 7              ; Untyped                                     ;
; LPM_WIDTHD             ; 4              ; Untyped                                     ;
; LPM_NREPRESENTATION    ; UNSIGNED       ; Untyped                                     ;
; LPM_DREPRESENTATION    ; UNSIGNED       ; Untyped                                     ;
; LPM_PIPELINE           ; 0              ; Untyped                                     ;
; LPM_REMAINDERPOSITIVE  ; TRUE           ; Untyped                                     ;
; MAXIMIZE_SPEED         ; 5              ; Untyped                                     ;
; CBXI_PARAMETER         ; lpm_divide_4am ; Untyped                                     ;
; CARRY_CHAIN            ; MANUAL         ; Untyped                                     ;
; OPTIMIZE_FOR_SPEED     ; 5              ; Untyped                                     ;
; AUTO_CARRY_CHAINS      ; ON             ; AUTO_CARRY                                  ;
; IGNORE_CARRY_BUFFERS   ; OFF            ; IGNORE_CARRY                                ;
; AUTO_CASCADE_CHAINS    ; ON             ; AUTO_CASCADE                                ;
; IGNORE_CASCADE_BUFFERS ; OFF            ; IGNORE_CASCADE                              ;
+------------------------+----------------+---------------------------------------------+
Note: In order to hide this table in the UI and the text report file, please set the "Show Parameter Settings in Synthesis Report" option in "Analysis and Synthesis Settings -> More Settings" to "Off".


+---------------------------------------------------------------------------------------+
; Parameter Settings for Inferred Entity Instance: convert_to_bcd:conv0|lpm_divide:Mod0 ;
+------------------------+----------------+---------------------------------------------+
; Parameter Name         ; Value          ; Type                                        ;
+------------------------+----------------+---------------------------------------------+
; LPM_WIDTHN             ; 16             ; Untyped                                     ;
; LPM_WIDTHD             ; 10             ; Untyped                                     ;
; LPM_NREPRESENTATION    ; UNSIGNED       ; Untyped                                     ;
; LPM_DREPRESENTATION    ; UNSIGNED       ; Untyped                                     ;
; LPM_PIPELINE           ; 0              ; Untyped                                     ;
; LPM_REMAINDERPOSITIVE  ; TRUE           ; Untyped                                     ;
; MAXIMIZE_SPEED         ; 5              ; Untyped                                     ;
; CBXI_PARAMETER         ; lpm_divide_45m ; Untyped                                     ;
; CARRY_CHAIN            ; MANUAL         ; Untyped                                     ;
; OPTIMIZE_FOR_SPEED     ; 5              ; Untyped                                     ;
; AUTO_CARRY_CHAINS      ; ON             ; AUTO_CARRY                                  ;
; IGNORE_CARRY_BUFFERS   ; OFF            ; IGNORE_CARRY                                ;
; AUTO_CASCADE_CHAINS    ; ON             ; AUTO_CASCADE                                ;
; IGNORE_CASCADE_BUFFERS ; OFF            ; IGNORE_CASCADE                              ;
+------------------------+----------------+---------------------------------------------+
Note: In order to hide this table in the UI and the text report file, please set the "Show Parameter Settings in Synthesis Report" option in "Analysis and Synthesis Settings -> More Settings" to "Off".


+---------------------------------------------------------------------------------------+
; Parameter Settings for Inferred Entity Instance: convert_to_bcd:conv0|lpm_divide:Div1 ;
+------------------------+----------------+---------------------------------------------+
; Parameter Name         ; Value          ; Type                                        ;
+------------------------+----------------+---------------------------------------------+
; LPM_WIDTHN             ; 10             ; Untyped                                     ;
; LPM_WIDTHD             ; 7              ; Untyped                                     ;
; LPM_NREPRESENTATION    ; UNSIGNED       ; Untyped                                     ;
; LPM_DREPRESENTATION    ; UNSIGNED       ; Untyped                                     ;
; LPM_PIPELINE           ; 0              ; Untyped                                     ;
; LPM_REMAINDERPOSITIVE  ; TRUE           ; Untyped                                     ;
; MAXIMIZE_SPEED         ; 5              ; Untyped                                     ;
; CBXI_PARAMETER         ; lpm_divide_hbm ; Untyped                                     ;
; CARRY_CHAIN            ; MANUAL         ; Untyped                                     ;
; OPTIMIZE_FOR_SPEED     ; 5              ; Untyped                                     ;
; AUTO_CARRY_CHAINS      ; ON             ; AUTO_CARRY                                  ;
; IGNORE_CARRY_BUFFERS   ; OFF            ; IGNORE_CARRY                                ;
; AUTO_CASCADE_CHAINS    ; ON             ; AUTO_CASCADE                                ;
; IGNORE_CASCADE_BUFFERS ; OFF            ; IGNORE_CASCADE                              ;
+------------------------+----------------+---------------------------------------------+
Note: In order to hide this table in the UI and the text report file, please set the "Show Parameter Settings in Synthesis Report" option in "Analysis and Synthesis Settings -> More Settings" to "Off".


+---------------------------------------------------------------------------------------+
; Parameter Settings for Inferred Entity Instance: convert_to_bcd:conv0|lpm_divide:Div0 ;
+------------------------+----------------+---------------------------------------------+
; Parameter Name         ; Value          ; Type                                        ;
+------------------------+----------------+---------------------------------------------+
; LPM_WIDTHN             ; 16             ; Untyped                                     ;
; LPM_WIDTHD             ; 10             ; Untyped                                     ;
; LPM_NREPRESENTATION    ; UNSIGNED       ; Untyped                                     ;
; LPM_DREPRESENTATION    ; UNSIGNED       ; Untyped                                     ;
; LPM_PIPELINE           ; 0              ; Untyped                                     ;
; LPM_REMAINDERPOSITIVE  ; TRUE           ; Untyped                                     ;
; MAXIMIZE_SPEED         ; 5              ; Untyped                                     ;
; CBXI_PARAMETER         ; lpm_divide_1dm ; Untyped                                     ;
; CARRY_CHAIN            ; MANUAL         ; Untyped                                     ;
; OPTIMIZE_FOR_SPEED     ; 5              ; Untyped                                     ;
; AUTO_CARRY_CHAINS      ; ON             ; AUTO_CARRY                                  ;
; IGNORE_CARRY_BUFFERS   ; OFF            ; IGNORE_CARRY                                ;
; AUTO_CASCADE_CHAINS    ; ON             ; AUTO_CASCADE                                ;
; IGNORE_CASCADE_BUFFERS ; OFF            ; IGNORE_CASCADE                              ;
+------------------------+----------------+---------------------------------------------+
Note: In order to hide this table in the UI and the text report file, please set the "Show Parameter Settings in Synthesis Report" option in "Analysis and Synthesis Settings -> More Settings" to "Off".


+-----------------------------------------------------+
; Post-Synthesis Netlist Statistics for Top Partition ;
+-----------------------+-----------------------------+
; Type                  ; Count                       ;
+-----------------------+-----------------------------+
; arriav_ff             ; 16                          ;
;     ENA CLR           ; 16                          ;
; arriav_lcell_comb     ; 832                         ;
;     arith             ; 411                         ;
;         0 data inputs ; 82                          ;
;         1 data inputs ; 52                          ;
;         2 data inputs ; 16                          ;
;         3 data inputs ; 157                         ;
;         4 data inputs ; 104                         ;
;     normal            ; 386                         ;
;         1 data inputs ; 5                           ;
;         2 data inputs ; 222                         ;
;         3 data inputs ; 80                          ;
;         4 data inputs ; 68                          ;
;         5 data inputs ; 6                           ;
;         6 data inputs ; 5                           ;
;     shared            ; 35                          ;
;         0 data inputs ; 4                           ;
;         1 data inputs ; 31                          ;
; boundary_port         ; 31                          ;
;                       ;                             ;
; Max LUT depth         ; 26.50                       ;
; Average LUT depth     ; 20.86                       ;
+-----------------------+-----------------------------+


+-------------------------------+
; Elapsed Time Per Partition    ;
+----------------+--------------+
; Partition Name ; Elapsed Time ;
+----------------+--------------+
; Top            ; 00:00:01     ;
+----------------+--------------+


+-------------------------------+
; Analysis & Synthesis Messages ;
+-------------------------------+
Info: *******************************************************************
Info: Running Quartus Prime Analysis & Synthesis
    Info: Version 18.0.0 Build 614 04/24/2018 SJ Lite Edition
    Info: Processing started: Mon Apr 08 16:41:19 2024
Info: Command: quartus_map --read_settings_files=on --write_settings_files=off counter_16_bits_decoders -c counter_16_bits_decoders
Warning (18236): Number of processors has not been specified which may cause overloading on shared machines.  Set the global assignment NUM_PARALLEL_PROCESSORS in your QSF to an appropriate value for best performance.
Info (20030): Parallel compilation is enabled and will use 8 of the 8 processors detected
Info (12021): Found 1 design units, including 1 entities, in source file /users/mateusz/desktop/systemy wbudowane/lab 4/zadanie 1/decoder_hex_10/decoder_hex_10.v
    Info (12023): Found entity 1: decoder_hex_10 File: C:/Users/Mateusz/Desktop/Systemy wbudowane/LAB 4/Zadanie 1/decoder_hex_10/decoder_hex_10.v Line: 1
Info (12021): Found 1 design units, including 1 entities, in source file /users/mateusz/desktop/systemy wbudowane/lab 6/zadanie 2/counter_n_bits/counter_n_bits.v
    Info (12023): Found entity 1: counter_N_bits File: C:/Users/Mateusz/Desktop/Systemy wbudowane/LAB 6/Zadanie 2/counter_N_bits/counter_N_bits.v Line: 1
Info (12021): Found 1 design units, including 1 entities, in source file /users/mateusz/desktop/systemy wbudowane/lab 6/zadanie 2/convert_to_bcd/convert_to_bcd.v
    Info (12023): Found entity 1: convert_to_bcd File: C:/Users/Mateusz/Desktop/Systemy wbudowane/LAB 6/Zadanie 2/convert_to_bcd/convert_to_bcd.v Line: 1
Info (12021): Found 1 design units, including 1 entities, in source file /users/mateusz/desktop/systemy wbudowane/lab 6/zadanie 2/counter_16_bits/counter_16_bits.v
    Info (12023): Found entity 1: counter_16_bits File: C:/Users/Mateusz/Desktop/Systemy wbudowane/LAB 6/Zadanie 2/counter_16_bits/counter_16_bits.v Line: 1
Info (12021): Found 1 design units, including 1 entities, in source file counter_16_bits_decoders.v
    Info (12023): Found entity 1: counter_16_bits_decoders File: C:/Users/Mateusz/Desktop/Systemy wbudowane/LAB 6/Zadanie 2/counter_16_bits_decoders/counter_16_bits_decoders.v Line: 1
Info (12127): Elaborating entity "counter_16_bits_decoders" for the top level hierarchy
Info (12128): Elaborating entity "counter_16_bits" for hierarchy "counter_16_bits:counter0" File: C:/Users/Mateusz/Desktop/Systemy wbudowane/LAB 6/Zadanie 2/counter_16_bits_decoders/counter_16_bits_decoders.v Line: 5
Info (12128): Elaborating entity "counter_N_bits" for hierarchy "counter_16_bits:counter0|counter_N_bits:counter_16bit" File: C:/Users/Mateusz/Desktop/Systemy wbudowane/LAB 6/Zadanie 2/counter_16_bits/counter_16_bits.v Line: 4
Info (12128): Elaborating entity "convert_to_bcd" for hierarchy "convert_to_bcd:conv0" File: C:/Users/Mateusz/Desktop/Systemy wbudowane/LAB 6/Zadanie 2/counter_16_bits_decoders/counter_16_bits_decoders.v Line: 6
Warning (10230): Verilog HDL assignment warning at convert_to_bcd.v(10): truncated value with size 32 to match size of target (4) File: C:/Users/Mateusz/Desktop/Systemy wbudowane/LAB 6/Zadanie 2/convert_to_bcd/convert_to_bcd.v Line: 10
Warning (10230): Verilog HDL assignment warning at convert_to_bcd.v(13): truncated value with size 32 to match size of target (4) File: C:/Users/Mateusz/Desktop/Systemy wbudowane/LAB 6/Zadanie 2/convert_to_bcd/convert_to_bcd.v Line: 13
Warning (10230): Verilog HDL assignment warning at convert_to_bcd.v(17): truncated value with size 32 to match size of target (4) File: C:/Users/Mateusz/Desktop/Systemy wbudowane/LAB 6/Zadanie 2/convert_to_bcd/convert_to_bcd.v Line: 17
Warning (10230): Verilog HDL assignment warning at convert_to_bcd.v(21): truncated value with size 32 to match size of target (4) File: C:/Users/Mateusz/Desktop/Systemy wbudowane/LAB 6/Zadanie 2/convert_to_bcd/convert_to_bcd.v Line: 21
Info (12128): Elaborating entity "decoder_hex_10" for hierarchy "decoder_hex_10:dec3" File: C:/Users/Mateusz/Desktop/Systemy wbudowane/LAB 6/Zadanie 2/counter_16_bits_decoders/counter_16_bits_decoders.v Line: 8
Info (278001): Inferred 6 megafunctions from design logic
    Info (278004): Inferred divider/modulo megafunction ("lpm_divide") from the following logic: "convert_to_bcd:conv0|Mod2" File: C:/Users/Mateusz/Desktop/Systemy wbudowane/LAB 6/Zadanie 2/convert_to_bcd/convert_to_bcd.v Line: 21
    Info (278004): Inferred divider/modulo megafunction ("lpm_divide") from the following logic: "convert_to_bcd:conv0|Mod1" File: C:/Users/Mateusz/Desktop/Systemy wbudowane/LAB 6/Zadanie 2/convert_to_bcd/convert_to_bcd.v Line: 17
    Info (278004): Inferred divider/modulo megafunction ("lpm_divide") from the following logic: "convert_to_bcd:conv0|Div2" File: C:/Users/Mateusz/Desktop/Systemy wbudowane/LAB 6/Zadanie 2/convert_to_bcd/convert_to_bcd.v Line: 17
    Info (278004): Inferred divider/modulo megafunction ("lpm_divide") from the following logic: "convert_to_bcd:conv0|Mod0" File: C:/Users/Mateusz/Desktop/Systemy wbudowane/LAB 6/Zadanie 2/convert_to_bcd/convert_to_bcd.v Line: 13
    Info (278004): Inferred divider/modulo megafunction ("lpm_divide") from the following logic: "convert_to_bcd:conv0|Div1" File: C:/Users/Mateusz/Desktop/Systemy wbudowane/LAB 6/Zadanie 2/convert_to_bcd/convert_to_bcd.v Line: 13
    Info (278004): Inferred divider/modulo megafunction ("lpm_divide") from the following logic: "convert_to_bcd:conv0|Div0" File: C:/Users/Mateusz/Desktop/Systemy wbudowane/LAB 6/Zadanie 2/convert_to_bcd/convert_to_bcd.v Line: 10
Info (12130): Elaborated megafunction instantiation "convert_to_bcd:conv0|lpm_divide:Mod2" File: C:/Users/Mateusz/Desktop/Systemy wbudowane/LAB 6/Zadanie 2/convert_to_bcd/convert_to_bcd.v Line: 21
Info (12133): Instantiated megafunction "convert_to_bcd:conv0|lpm_divide:Mod2" with the following parameter: File: C:/Users/Mateusz/Desktop/Systemy wbudowane/LAB 6/Zadanie 2/convert_to_bcd/convert_to_bcd.v Line: 21
    Info (12134): Parameter "LPM_WIDTHN" = "16"
    Info (12134): Parameter "LPM_WIDTHD" = "4"
    Info (12134): Parameter "LPM_NREPRESENTATION" = "UNSIGNED"
    Info (12134): Parameter "LPM_DREPRESENTATION" = "UNSIGNED"
Info (12021): Found 1 design units, including 1 entities, in source file db/lpm_divide_n3m.tdf
    Info (12023): Found entity 1: lpm_divide_n3m File: C:/Users/Mateusz/Desktop/Systemy wbudowane/LAB 6/Zadanie 2/counter_16_bits_decoders/db/lpm_divide_n3m.tdf Line: 24
Info (12021): Found 1 design units, including 1 entities, in source file db/sign_div_unsign_qlh.tdf
    Info (12023): Found entity 1: sign_div_unsign_qlh File: C:/Users/Mateusz/Desktop/Systemy wbudowane/LAB 6/Zadanie 2/counter_16_bits_decoders/db/sign_div_unsign_qlh.tdf Line: 24
Info (12021): Found 1 design units, including 1 entities, in source file db/alt_u_div_qve.tdf
    Info (12023): Found entity 1: alt_u_div_qve File: C:/Users/Mateusz/Desktop/Systemy wbudowane/LAB 6/Zadanie 2/counter_16_bits_decoders/db/alt_u_div_qve.tdf Line: 22
Info (12130): Elaborated megafunction instantiation "convert_to_bcd:conv0|lpm_divide:Mod1" File: C:/Users/Mateusz/Desktop/Systemy wbudowane/LAB 6/Zadanie 2/convert_to_bcd/convert_to_bcd.v Line: 17
Info (12133): Instantiated megafunction "convert_to_bcd:conv0|lpm_divide:Mod1" with the following parameter: File: C:/Users/Mateusz/Desktop/Systemy wbudowane/LAB 6/Zadanie 2/convert_to_bcd/convert_to_bcd.v Line: 17
    Info (12134): Parameter "LPM_WIDTHN" = "16"
    Info (12134): Parameter "LPM_WIDTHD" = "7"
    Info (12134): Parameter "LPM_NREPRESENTATION" = "UNSIGNED"
    Info (12134): Parameter "LPM_DREPRESENTATION" = "UNSIGNED"
Info (12021): Found 1 design units, including 1 entities, in source file db/lpm_divide_q3m.tdf
    Info (12023): Found entity 1: lpm_divide_q3m File: C:/Users/Mateusz/Desktop/Systemy wbudowane/LAB 6/Zadanie 2/counter_16_bits_decoders/db/lpm_divide_q3m.tdf Line: 24
Info (12021): Found 1 design units, including 1 entities, in source file db/sign_div_unsign_tlh.tdf
    Info (12023): Found entity 1: sign_div_unsign_tlh File: C:/Users/Mateusz/Desktop/Systemy wbudowane/LAB 6/Zadanie 2/counter_16_bits_decoders/db/sign_div_unsign_tlh.tdf Line: 24
Info (12021): Found 1 design units, including 1 entities, in source file db/alt_u_div_00f.tdf
    Info (12023): Found entity 1: alt_u_div_00f File: C:/Users/Mateusz/Desktop/Systemy wbudowane/LAB 6/Zadanie 2/counter_16_bits_decoders/db/alt_u_div_00f.tdf Line: 22
Info (12130): Elaborated megafunction instantiation "convert_to_bcd:conv0|lpm_divide:Div2" File: C:/Users/Mateusz/Desktop/Systemy wbudowane/LAB 6/Zadanie 2/convert_to_bcd/convert_to_bcd.v Line: 17
Info (12133): Instantiated megafunction "convert_to_bcd:conv0|lpm_divide:Div2" with the following parameter: File: C:/Users/Mateusz/Desktop/Systemy wbudowane/LAB 6/Zadanie 2/convert_to_bcd/convert_to_bcd.v Line: 17
    Info (12134): Parameter "LPM_WIDTHN" = "7"
    Info (12134): Parameter "LPM_WIDTHD" = "4"
    Info (12134): Parameter "LPM_NREPRESENTATION" = "UNSIGNED"
    Info (12134): Parameter "LPM_DREPRESENTATION" = "UNSIGNED"
Info (12021): Found 1 design units, including 1 entities, in source file db/lpm_divide_4am.tdf
    Info (12023): Found entity 1: lpm_divide_4am File: C:/Users/Mateusz/Desktop/Systemy wbudowane/LAB 6/Zadanie 2/counter_16_bits_decoders/db/lpm_divide_4am.tdf Line: 24
Info (12021): Found 1 design units, including 1 entities, in source file db/sign_div_unsign_akh.tdf
    Info (12023): Found entity 1: sign_div_unsign_akh File: C:/Users/Mateusz/Desktop/Systemy wbudowane/LAB 6/Zadanie 2/counter_16_bits_decoders/db/sign_div_unsign_akh.tdf Line: 24
Info (12021): Found 1 design units, including 1 entities, in source file db/alt_u_div_qse.tdf
    Info (12023): Found entity 1: alt_u_div_qse File: C:/Users/Mateusz/Desktop/Systemy wbudowane/LAB 6/Zadanie 2/counter_16_bits_decoders/db/alt_u_div_qse.tdf Line: 22
Info (12130): Elaborated megafunction instantiation "convert_to_bcd:conv0|lpm_divide:Mod0" File: C:/Users/Mateusz/Desktop/Systemy wbudowane/LAB 6/Zadanie 2/convert_to_bcd/convert_to_bcd.v Line: 13
Info (12133): Instantiated megafunction "convert_to_bcd:conv0|lpm_divide:Mod0" with the following parameter: File: C:/Users/Mateusz/Desktop/Systemy wbudowane/LAB 6/Zadanie 2/convert_to_bcd/convert_to_bcd.v Line: 13
    Info (12134): Parameter "LPM_WIDTHN" = "16"
    Info (12134): Parameter "LPM_WIDTHD" = "10"
    Info (12134): Parameter "LPM_NREPRESENTATION" = "UNSIGNED"
    Info (12134): Parameter "LPM_DREPRESENTATION" = "UNSIGNED"
Info (12021): Found 1 design units, including 1 entities, in source file db/lpm_divide_45m.tdf
    Info (12023): Found entity 1: lpm_divide_45m File: C:/Users/Mateusz/Desktop/Systemy wbudowane/LAB 6/Zadanie 2/counter_16_bits_decoders/db/lpm_divide_45m.tdf Line: 24
Info (12021): Found 1 design units, including 1 entities, in source file db/sign_div_unsign_7nh.tdf
    Info (12023): Found entity 1: sign_div_unsign_7nh File: C:/Users/Mateusz/Desktop/Systemy wbudowane/LAB 6/Zadanie 2/counter_16_bits_decoders/db/sign_div_unsign_7nh.tdf Line: 24
Info (12021): Found 1 design units, including 1 entities, in source file db/alt_u_div_k2f.tdf
    Info (12023): Found entity 1: alt_u_div_k2f File: C:/Users/Mateusz/Desktop/Systemy wbudowane/LAB 6/Zadanie 2/counter_16_bits_decoders/db/alt_u_div_k2f.tdf Line: 22
Info (12130): Elaborated megafunction instantiation "convert_to_bcd:conv0|lpm_divide:Div1" File: C:/Users/Mateusz/Desktop/Systemy wbudowane/LAB 6/Zadanie 2/convert_to_bcd/convert_to_bcd.v Line: 13
Info (12133): Instantiated megafunction "convert_to_bcd:conv0|lpm_divide:Div1" with the following parameter: File: C:/Users/Mateusz/Desktop/Systemy wbudowane/LAB 6/Zadanie 2/convert_to_bcd/convert_to_bcd.v Line: 13
    Info (12134): Parameter "LPM_WIDTHN" = "10"
    Info (12134): Parameter "LPM_WIDTHD" = "7"
    Info (12134): Parameter "LPM_NREPRESENTATION" = "UNSIGNED"
    Info (12134): Parameter "LPM_DREPRESENTATION" = "UNSIGNED"
Info (12021): Found 1 design units, including 1 entities, in source file db/lpm_divide_hbm.tdf
    Info (12023): Found entity 1: lpm_divide_hbm File: C:/Users/Mateusz/Desktop/Systemy wbudowane/LAB 6/Zadanie 2/counter_16_bits_decoders/db/lpm_divide_hbm.tdf Line: 24
Info (12021): Found 1 design units, including 1 entities, in source file db/sign_div_unsign_nlh.tdf
    Info (12023): Found entity 1: sign_div_unsign_nlh File: C:/Users/Mateusz/Desktop/Systemy wbudowane/LAB 6/Zadanie 2/counter_16_bits_decoders/db/sign_div_unsign_nlh.tdf Line: 24
Info (12021): Found 1 design units, including 1 entities, in source file db/alt_u_div_kve.tdf
    Info (12023): Found entity 1: alt_u_div_kve File: C:/Users/Mateusz/Desktop/Systemy wbudowane/LAB 6/Zadanie 2/counter_16_bits_decoders/db/alt_u_div_kve.tdf Line: 22
Info (12130): Elaborated megafunction instantiation "convert_to_bcd:conv0|lpm_divide:Div0" File: C:/Users/Mateusz/Desktop/Systemy wbudowane/LAB 6/Zadanie 2/convert_to_bcd/convert_to_bcd.v Line: 10
Info (12133): Instantiated megafunction "convert_to_bcd:conv0|lpm_divide:Div0" with the following parameter: File: C:/Users/Mateusz/Desktop/Systemy wbudowane/LAB 6/Zadanie 2/convert_to_bcd/convert_to_bcd.v Line: 10
    Info (12134): Parameter "LPM_WIDTHN" = "16"
    Info (12134): Parameter "LPM_WIDTHD" = "10"
    Info (12134): Parameter "LPM_NREPRESENTATION" = "UNSIGNED"
    Info (12134): Parameter "LPM_DREPRESENTATION" = "UNSIGNED"
Info (12021): Found 1 design units, including 1 entities, in source file db/lpm_divide_1dm.tdf
    Info (12023): Found entity 1: lpm_divide_1dm File: C:/Users/Mateusz/Desktop/Systemy wbudowane/LAB 6/Zadanie 2/counter_16_bits_decoders/db/lpm_divide_1dm.tdf Line: 24
Info (286030): Timing-Driven Synthesis is running
Info (16010): Generating hard_block partition "hard_block:auto_generated_inst"
    Info (16011): Adding 0 node(s), including 0 DDIO, 0 PLL, 0 transceiver and 0 LCELL
Info (21057): Implemented 859 device resources after synthesis - the final resource count might be different
    Info (21058): Implemented 3 input pins
    Info (21059): Implemented 28 output pins
    Info (21061): Implemented 828 logic cells
Info: Quartus Prime Analysis & Synthesis was successful. 0 errors, 5 warnings
    Info: Peak virtual memory: 4888 megabytes
    Info: Processing ended: Mon Apr 08 16:41:31 2024
    Info: Elapsed time: 00:00:12
    Info: Total CPU time (on all processors): 00:00:24


