Analysis & Synthesis report for real_time_clock
Mon Apr 15 01:15:08 2024
Quartus Prime Version 18.0.0 Build 614 04/24/2018 SJ Lite Edition


---------------------
; Table of Contents ;
---------------------
  1. Legal Notice
  2. Analysis & Synthesis Summary
  3. Analysis & Synthesis Settings
  4. Parallel Compilation
  5. Analysis & Synthesis Source Files Read
  6. Analysis & Synthesis Resource Usage Summary
  7. Analysis & Synthesis Resource Utilization by Entity
  8. General Register Statistics
  9. Parameter Settings for User Entity Instance: delay_10_ms:fast_clock_delay|counter_modulo_k_with_data_load:fast_counter
 10. Parameter Settings for User Entity Instance: counter_modulo_k_with_data_load:counter_centisec0
 11. Parameter Settings for User Entity Instance: counter_modulo_k_with_data_load:counter_centisec1
 12. Parameter Settings for User Entity Instance: counter_modulo_k_with_data_load:counter_sec0
 13. Parameter Settings for User Entity Instance: counter_modulo_k_with_data_load:counter_sec1
 14. Parameter Settings for User Entity Instance: counter_modulo_k_with_data_load:counter_min0
 15. Parameter Settings for User Entity Instance: counter_modulo_k_with_data_load:counter_min1
 16. Port Connectivity Checks: "counter_modulo_k_with_data_load:counter_min1"
 17. Port Connectivity Checks: "counter_modulo_k_with_data_load:counter_min0"
 18. Port Connectivity Checks: "counter_modulo_k_with_data_load:counter_sec1"
 19. Port Connectivity Checks: "counter_modulo_k_with_data_load:counter_sec0"
 20. Port Connectivity Checks: "counter_modulo_k_with_data_load:counter_centisec1"
 21. Port Connectivity Checks: "counter_modulo_k_with_data_load:counter_centisec0"
 22. Port Connectivity Checks: "delay_10_ms:fast_clock_delay|counter_modulo_k_with_data_load:fast_counter"
 23. Post-Synthesis Netlist Statistics for Top Partition
 24. Elapsed Time Per Partition
 25. Analysis & Synthesis Messages



----------------
; Legal Notice ;
----------------
Copyright (C) 2018  Intel Corporation. All rights reserved.
Your use of Intel Corporation's design tools, logic functions 
and other software and tools, and its AMPP partner logic 
functions, and any output files from any of the foregoing 
(including device programming or simulation files), and any 
associated documentation or information are expressly subject 
to the terms and conditions of the Intel Program License 
Subscription Agreement, the Intel Quartus Prime License Agreement,
the Intel FPGA IP License Agreement, or other applicable license
agreement, including, without limitation, that your use is for
the sole purpose of programming logic devices manufactured by
Intel and sold by Intel or its authorized distributors.  Please
refer to the applicable agreement for further details.



+-------------------------------------------------------------------------------+
; Analysis & Synthesis Summary                                                  ;
+---------------------------------+---------------------------------------------+
; Analysis & Synthesis Status     ; Successful - Mon Apr 15 01:15:08 2024       ;
; Quartus Prime Version           ; 18.0.0 Build 614 04/24/2018 SJ Lite Edition ;
; Revision Name                   ; real_time_clock                             ;
; Top-level Entity Name           ; real_time_clock                             ;
; Family                          ; Cyclone V                                   ;
; Logic utilization (in ALMs)     ; N/A                                         ;
; Total registers                 ; 24                                          ;
; Total pins                      ; 37                                          ;
; Total virtual pins              ; 0                                           ;
; Total block memory bits         ; 0                                           ;
; Total DSP Blocks                ; 0                                           ;
; Total HSSI RX PCSs              ; 0                                           ;
; Total HSSI PMA RX Deserializers ; 0                                           ;
; Total HSSI TX PCSs              ; 0                                           ;
; Total HSSI PMA TX Serializers   ; 0                                           ;
; Total PLLs                      ; 0                                           ;
; Total DLLs                      ; 0                                           ;
+---------------------------------+---------------------------------------------+


+---------------------------------------------------------------------------------------------------------------------------+
; Analysis & Synthesis Settings                                                                                             ;
+---------------------------------------------------------------------------------+--------------------+--------------------+
; Option                                                                          ; Setting            ; Default Value      ;
+---------------------------------------------------------------------------------+--------------------+--------------------+
; Device                                                                          ; 5CSEMA5F31C6       ;                    ;
; Top-level entity name                                                           ; real_time_clock    ; real_time_clock    ;
; Family name                                                                     ; Cyclone V          ; Cyclone V          ;
; Use smart compilation                                                           ; Off                ; Off                ;
; Enable parallel Assembler and Timing Analyzer during compilation                ; On                 ; On                 ;
; Enable compact report table                                                     ; Off                ; Off                ;
; Restructure Multiplexers                                                        ; Auto               ; Auto               ;
; MLAB Add Timing Constraints For Mixed-Port Feed-Through Mode Setting Don't Care ; Off                ; Off                ;
; Create Debugging Nodes for IP Cores                                             ; Off                ; Off                ;
; Preserve fewer node names                                                       ; On                 ; On                 ;
; Intel FPGA IP Evaluation Mode                                                   ; Enable             ; Enable             ;
; Verilog Version                                                                 ; Verilog_2001       ; Verilog_2001       ;
; VHDL Version                                                                    ; VHDL_1993          ; VHDL_1993          ;
; State Machine Processing                                                        ; Auto               ; Auto               ;
; Safe State Machine                                                              ; Off                ; Off                ;
; Extract Verilog State Machines                                                  ; On                 ; On                 ;
; Extract VHDL State Machines                                                     ; On                 ; On                 ;
; Ignore Verilog initial constructs                                               ; Off                ; Off                ;
; Iteration limit for constant Verilog loops                                      ; 5000               ; 5000               ;
; Iteration limit for non-constant Verilog loops                                  ; 250                ; 250                ;
; Add Pass-Through Logic to Inferred RAMs                                         ; On                 ; On                 ;
; Infer RAMs from Raw Logic                                                       ; On                 ; On                 ;
; Parallel Synthesis                                                              ; On                 ; On                 ;
; DSP Block Balancing                                                             ; Auto               ; Auto               ;
; NOT Gate Push-Back                                                              ; On                 ; On                 ;
; Power-Up Don't Care                                                             ; On                 ; On                 ;
; Remove Redundant Logic Cells                                                    ; Off                ; Off                ;
; Remove Duplicate Registers                                                      ; On                 ; On                 ;
; Ignore CARRY Buffers                                                            ; Off                ; Off                ;
; Ignore CASCADE Buffers                                                          ; Off                ; Off                ;
; Ignore GLOBAL Buffers                                                           ; Off                ; Off                ;
; Ignore ROW GLOBAL Buffers                                                       ; Off                ; Off                ;
; Ignore LCELL Buffers                                                            ; Off                ; Off                ;
; Ignore SOFT Buffers                                                             ; On                 ; On                 ;
; Limit AHDL Integers to 32 Bits                                                  ; Off                ; Off                ;
; Optimization Technique                                                          ; Balanced           ; Balanced           ;
; Carry Chain Length                                                              ; 70                 ; 70                 ;
; Auto Carry Chains                                                               ; On                 ; On                 ;
; Auto Open-Drain Pins                                                            ; On                 ; On                 ;
; Perform WYSIWYG Primitive Resynthesis                                           ; Off                ; Off                ;
; Auto ROM Replacement                                                            ; On                 ; On                 ;
; Auto RAM Replacement                                                            ; On                 ; On                 ;
; Auto DSP Block Replacement                                                      ; On                 ; On                 ;
; Auto Shift Register Replacement                                                 ; Auto               ; Auto               ;
; Allow Shift Register Merging across Hierarchies                                 ; Auto               ; Auto               ;
; Auto Clock Enable Replacement                                                   ; On                 ; On                 ;
; Strict RAM Replacement                                                          ; Off                ; Off                ;
; Allow Synchronous Control Signals                                               ; On                 ; On                 ;
; Force Use of Synchronous Clear Signals                                          ; Off                ; Off                ;
; Auto Resource Sharing                                                           ; Off                ; Off                ;
; Allow Any RAM Size For Recognition                                              ; Off                ; Off                ;
; Allow Any ROM Size For Recognition                                              ; Off                ; Off                ;
; Allow Any Shift Register Size For Recognition                                   ; Off                ; Off                ;
; Use LogicLock Constraints during Resource Balancing                             ; On                 ; On                 ;
; Ignore translate_off and synthesis_off directives                               ; Off                ; Off                ;
; Timing-Driven Synthesis                                                         ; On                 ; On                 ;
; Report Parameter Settings                                                       ; On                 ; On                 ;
; Report Source Assignments                                                       ; On                 ; On                 ;
; Report Connectivity Checks                                                      ; On                 ; On                 ;
; Ignore Maximum Fan-Out Assignments                                              ; Off                ; Off                ;
; Synchronization Register Chain Length                                           ; 3                  ; 3                  ;
; Power Optimization During Synthesis                                             ; Normal compilation ; Normal compilation ;
; HDL message level                                                               ; Level2             ; Level2             ;
; Suppress Register Optimization Related Messages                                 ; Off                ; Off                ;
; Number of Removed Registers Reported in Synthesis Report                        ; 5000               ; 5000               ;
; Number of Swept Nodes Reported in Synthesis Report                              ; 5000               ; 5000               ;
; Number of Inverted Registers Reported in Synthesis Report                       ; 100                ; 100                ;
; Clock MUX Protection                                                            ; On                 ; On                 ;
; Auto Gated Clock Conversion                                                     ; Off                ; Off                ;
; Block Design Naming                                                             ; Auto               ; Auto               ;
; SDC constraint protection                                                       ; Off                ; Off                ;
; Synthesis Effort                                                                ; Auto               ; Auto               ;
; Shift Register Replacement - Allow Asynchronous Clear Signal                    ; On                 ; On                 ;
; Pre-Mapping Resynthesis Optimization                                            ; Off                ; Off                ;
; Analysis & Synthesis Message Level                                              ; Medium             ; Medium             ;
; Disable Register Merging Across Hierarchies                                     ; Auto               ; Auto               ;
; Resource Aware Inference For Block RAM                                          ; On                 ; On                 ;
; Automatic Parallel Synthesis                                                    ; On                 ; On                 ;
; Partial Reconfiguration Bitstream ID                                            ; Off                ; Off                ;
+---------------------------------------------------------------------------------+--------------------+--------------------+


+------------------------------------------+
; Parallel Compilation                     ;
+----------------------------+-------------+
; Processors                 ; Number      ;
+----------------------------+-------------+
; Number detected on machine ; 16          ;
; Maximum allowed            ; 8           ;
;                            ;             ;
; Average used               ; 1.00        ;
; Maximum used               ; 8           ;
;                            ;             ;
; Usage by Processor         ; % Time Used ;
;     Processor 1            ; 100.0%      ;
;     Processors 2-8         ;   0.0%      ;
+----------------------------+-------------+


+----------------------------------------------------------------------------------------------------------------------------------------------------------------------------------------------------------------------------------------------------------+
; Analysis & Synthesis Source Files Read                                                                                                                                                                                                                   ;
+----------------------------------------------------------------------+-----------------+------------------------+------------------------------------------------------------------------------------------------------------------------------+---------+
; File Name with User-Entered Path                                     ; Used in Netlist ; File Type              ; File Name with Absolute Path                                                                                                 ; Library ;
+----------------------------------------------------------------------+-----------------+------------------------+------------------------------------------------------------------------------------------------------------------------------+---------+
; ../counter_modulo_k_with_data_load/counter_modulo_k_with_data_load.v ; yes             ; User Verilog HDL File  ; C:/Users/Mateusz/Desktop/Systemy wbudowane/LAB 7/Zadanie 3/counter_modulo_k_with_data_load/counter_modulo_k_with_data_load.v ;         ;
; ../delay_10_ms/delay_10_ms.v                                         ; yes             ; User Verilog HDL File  ; C:/Users/Mateusz/Desktop/Systemy wbudowane/LAB 7/Zadanie 3/delay_10_ms/delay_10_ms.v                                         ;         ;
; real_time_clock.v                                                    ; yes             ; User Verilog HDL File  ; C:/Users/Mateusz/Desktop/Systemy wbudowane/LAB 7/Zadanie 3/real_time_clock/real_time_clock.v                                 ;         ;
+----------------------------------------------------------------------+-----------------+------------------------+------------------------------------------------------------------------------------------------------------------------------+---------+


+---------------------------------------------------------------+
; Analysis & Synthesis Resource Usage Summary                   ;
+---------------------------------------------+-----------------+
; Resource                                    ; Usage           ;
+---------------------------------------------+-----------------+
; Estimate of Logic utilization (ALMs needed) ; 44              ;
;                                             ;                 ;
; Combinational ALUT usage for logic          ; 87              ;
;     -- 7 input functions                    ; 0               ;
;     -- 6 input functions                    ; 0               ;
;     -- 5 input functions                    ; 0               ;
;     -- 4 input functions                    ; 42              ;
;     -- <=3 input functions                  ; 45              ;
;                                             ;                 ;
; Dedicated logic registers                   ; 24              ;
;                                             ;                 ;
; I/O pins                                    ; 37              ;
;                                             ;                 ;
; Total DSP Blocks                            ; 0               ;
;                                             ;                 ;
; Maximum fan-out node                        ; load_csec~input ;
; Maximum fan-out                             ; 24              ;
; Total fan-out                               ; 416             ;
; Average fan-out                             ; 2.25            ;
+---------------------------------------------+-----------------+


+---------------------------------------------------------------------------------------------------------------------------------------------------------------------------------------------------------------------------------------------------------------------------------------------------------------+
; Analysis & Synthesis Resource Utilization by Entity                                                                                                                                                                                                                                                           ;
+--------------------------------------------------------+---------------------+---------------------------+-------------------+------------+------+--------------+--------------------------------------------------------------------------------------------+---------------------------------+--------------+
; Compilation Hierarchy Node                             ; Combinational ALUTs ; Dedicated Logic Registers ; Block Memory Bits ; DSP Blocks ; Pins ; Virtual Pins ; Full Hierarchy Name                                                                        ; Entity Name                     ; Library Name ;
+--------------------------------------------------------+---------------------+---------------------------+-------------------+------------+------+--------------+--------------------------------------------------------------------------------------------+---------------------------------+--------------+
; |real_time_clock                                       ; 87 (1)              ; 24 (1)                    ; 0                 ; 0          ; 37   ; 0            ; |real_time_clock                                                                           ; real_time_clock                 ; work         ;
;    |counter_modulo_k_with_data_load:counter_centisec0| ; 16 (16)             ; 4 (4)                     ; 0                 ; 0          ; 0    ; 0            ; |real_time_clock|counter_modulo_k_with_data_load:counter_centisec0                         ; counter_modulo_k_with_data_load ; work         ;
;    |counter_modulo_k_with_data_load:counter_centisec1| ; 16 (16)             ; 4 (4)                     ; 0                 ; 0          ; 0    ; 0            ; |real_time_clock|counter_modulo_k_with_data_load:counter_centisec1                         ; counter_modulo_k_with_data_load ; work         ;
;    |counter_modulo_k_with_data_load:counter_min0|      ; 16 (16)             ; 4 (4)                     ; 0                 ; 0          ; 0    ; 0            ; |real_time_clock|counter_modulo_k_with_data_load:counter_min0                              ; counter_modulo_k_with_data_load ; work         ;
;    |counter_modulo_k_with_data_load:counter_min1|      ; 9 (9)               ; 3 (3)                     ; 0                 ; 0          ; 0    ; 0            ; |real_time_clock|counter_modulo_k_with_data_load:counter_min1                              ; counter_modulo_k_with_data_load ; work         ;
;    |counter_modulo_k_with_data_load:counter_sec0|      ; 16 (16)             ; 4 (4)                     ; 0                 ; 0          ; 0    ; 0            ; |real_time_clock|counter_modulo_k_with_data_load:counter_sec0                              ; counter_modulo_k_with_data_load ; work         ;
;    |counter_modulo_k_with_data_load:counter_sec1|      ; 12 (12)             ; 3 (3)                     ; 0                 ; 0          ; 0    ; 0            ; |real_time_clock|counter_modulo_k_with_data_load:counter_sec1                              ; counter_modulo_k_with_data_load ; work         ;
;    |delay_10_ms:fast_clock_delay|                      ; 1 (0)               ; 1 (0)                     ; 0                 ; 0          ; 0    ; 0            ; |real_time_clock|delay_10_ms:fast_clock_delay                                              ; delay_10_ms                     ; work         ;
;       |counter_modulo_k_with_data_load:fast_counter|   ; 1 (1)               ; 1 (1)                     ; 0                 ; 0          ; 0    ; 0            ; |real_time_clock|delay_10_ms:fast_clock_delay|counter_modulo_k_with_data_load:fast_counter ; counter_modulo_k_with_data_load ; work         ;
+--------------------------------------------------------+---------------------+---------------------------+-------------------+------------+------+--------------+--------------------------------------------------------------------------------------------+---------------------------------+--------------+
Note: For table entries with two numbers listed, the numbers in parentheses indicate the number of resources of the given type used by the specific entity alone. The numbers listed outside of parentheses indicate the total resources of the given type used by the specific entity and all of its sub-entities in the hierarchy.


+------------------------------------------------------+
; General Register Statistics                          ;
+----------------------------------------------+-------+
; Statistic                                    ; Value ;
+----------------------------------------------+-------+
; Total registers                              ; 24    ;
; Number of registers using Synchronous Clear  ; 0     ;
; Number of registers using Synchronous Load   ; 0     ;
; Number of registers using Asynchronous Clear ; 22    ;
; Number of registers using Asynchronous Load  ; 0     ;
; Number of registers using Clock Enable       ; 4     ;
; Number of registers using Preset             ; 0     ;
+----------------------------------------------+-------+


+------------------------------------------------------------------------------------------------------------------------+
; Parameter Settings for User Entity Instance: delay_10_ms:fast_clock_delay|counter_modulo_k_with_data_load:fast_counter ;
+----------------+-------+-----------------------------------------------------------------------------------------------+
; Parameter Name ; Value ; Type                                                                                          ;
+----------------+-------+-----------------------------------------------------------------------------------------------+
; k              ; 2     ; Signed Integer                                                                                ;
+----------------+-------+-----------------------------------------------------------------------------------------------+
Note: In order to hide this table in the UI and the text report file, please set the "Show Parameter Settings in Synthesis Report" option in "Analysis and Synthesis Settings -> More Settings" to "Off".


+------------------------------------------------------------------------------------------------+
; Parameter Settings for User Entity Instance: counter_modulo_k_with_data_load:counter_centisec0 ;
+----------------+-------+-----------------------------------------------------------------------+
; Parameter Name ; Value ; Type                                                                  ;
+----------------+-------+-----------------------------------------------------------------------+
; k              ; 10    ; Signed Integer                                                        ;
+----------------+-------+-----------------------------------------------------------------------+
Note: In order to hide this table in the UI and the text report file, please set the "Show Parameter Settings in Synthesis Report" option in "Analysis and Synthesis Settings -> More Settings" to "Off".


+------------------------------------------------------------------------------------------------+
; Parameter Settings for User Entity Instance: counter_modulo_k_with_data_load:counter_centisec1 ;
+----------------+-------+-----------------------------------------------------------------------+
; Parameter Name ; Value ; Type                                                                  ;
+----------------+-------+-----------------------------------------------------------------------+
; k              ; 10    ; Signed Integer                                                        ;
+----------------+-------+-----------------------------------------------------------------------+
Note: In order to hide this table in the UI and the text report file, please set the "Show Parameter Settings in Synthesis Report" option in "Analysis and Synthesis Settings -> More Settings" to "Off".


+-------------------------------------------------------------------------------------------+
; Parameter Settings for User Entity Instance: counter_modulo_k_with_data_load:counter_sec0 ;
+----------------+-------+------------------------------------------------------------------+
; Parameter Name ; Value ; Type                                                             ;
+----------------+-------+------------------------------------------------------------------+
; k              ; 10    ; Signed Integer                                                   ;
+----------------+-------+------------------------------------------------------------------+
Note: In order to hide this table in the UI and the text report file, please set the "Show Parameter Settings in Synthesis Report" option in "Analysis and Synthesis Settings -> More Settings" to "Off".


+-------------------------------------------------------------------------------------------+
; Parameter Settings for User Entity Instance: counter_modulo_k_with_data_load:counter_sec1 ;
+----------------+-------+------------------------------------------------------------------+
; Parameter Name ; Value ; Type                                                             ;
+----------------+-------+------------------------------------------------------------------+
; k              ; 6     ; Signed Integer                                                   ;
+----------------+-------+------------------------------------------------------------------+
Note: In order to hide this table in the UI and the text report file, please set the "Show Parameter Settings in Synthesis Report" option in "Analysis and Synthesis Settings -> More Settings" to "Off".


+-------------------------------------------------------------------------------------------+
; Parameter Settings for User Entity Instance: counter_modulo_k_with_data_load:counter_min0 ;
+----------------+-------+------------------------------------------------------------------+
; Parameter Name ; Value ; Type                                                             ;
+----------------+-------+------------------------------------------------------------------+
; k              ; 10    ; Signed Integer                                                   ;
+----------------+-------+------------------------------------------------------------------+
Note: In order to hide this table in the UI and the text report file, please set the "Show Parameter Settings in Synthesis Report" option in "Analysis and Synthesis Settings -> More Settings" to "Off".


+-------------------------------------------------------------------------------------------+
; Parameter Settings for User Entity Instance: counter_modulo_k_with_data_load:counter_min1 ;
+----------------+-------+------------------------------------------------------------------+
; Parameter Name ; Value ; Type                                                             ;
+----------------+-------+------------------------------------------------------------------+
; k              ; 6     ; Signed Integer                                                   ;
+----------------+-------+------------------------------------------------------------------+
Note: In order to hide this table in the UI and the text report file, please set the "Show Parameter Settings in Synthesis Report" option in "Analysis and Synthesis Settings -> More Settings" to "Off".


+-----------------------------------------------------------------------------------------------------------------------------------------------------------------------------------------------------------------+
; Port Connectivity Checks: "counter_modulo_k_with_data_load:counter_min1"                                                                                                                                        ;
+----------+--------+----------+----------------------------------------------------------------------------------------------------------------------------------------------------------------------------------+
; Port     ; Type   ; Severity ; Details                                                                                                                                                                          ;
+----------+--------+----------+----------------------------------------------------------------------------------------------------------------------------------------------------------------------------------+
; aclr     ; Input  ; Info     ; Stuck at VCC                                                                                                                                                                     ;
; enable   ; Input  ; Info     ; Stuck at VCC                                                                                                                                                                     ;
; data     ; Input  ; Warning  ; Input port expression (4 bits) is wider than the input port (3 bits) it drives.  The 1 most-significant bit(s) in the expression will be dangling if they have no other fanouts. ;
; Q        ; Output ; Warning  ; Output or bidir port (3 bits) is smaller than the port expression (4 bits) it drives.  The 1 most-significant bit(s) in the port expression will be connected to GND.            ;
; rollover ; Output ; Info     ; Connected to dangling logic. Logic that only feeds a dangling port will be removed.                                                                                              ;
+----------+--------+----------+----------------------------------------------------------------------------------------------------------------------------------------------------------------------------------+


+--------------------------------------------------------------------------+
; Port Connectivity Checks: "counter_modulo_k_with_data_load:counter_min0" ;
+--------+-------+----------+----------------------------------------------+
; Port   ; Type  ; Severity ; Details                                      ;
+--------+-------+----------+----------------------------------------------+
; aclr   ; Input ; Info     ; Stuck at VCC                                 ;
; enable ; Input ; Info     ; Stuck at VCC                                 ;
+--------+-------+----------+----------------------------------------------+


+---------------------------------------------------------------------------------------------------------------------------------------------------------------------------------------------------------------+
; Port Connectivity Checks: "counter_modulo_k_with_data_load:counter_sec1"                                                                                                                                      ;
+--------+--------+----------+----------------------------------------------------------------------------------------------------------------------------------------------------------------------------------+
; Port   ; Type   ; Severity ; Details                                                                                                                                                                          ;
+--------+--------+----------+----------------------------------------------------------------------------------------------------------------------------------------------------------------------------------+
; aclr   ; Input  ; Info     ; Stuck at VCC                                                                                                                                                                     ;
; enable ; Input  ; Info     ; Stuck at VCC                                                                                                                                                                     ;
; data   ; Input  ; Warning  ; Input port expression (4 bits) is wider than the input port (3 bits) it drives.  The 1 most-significant bit(s) in the expression will be dangling if they have no other fanouts. ;
; Q      ; Output ; Warning  ; Output or bidir port (3 bits) is smaller than the port expression (4 bits) it drives.  The 1 most-significant bit(s) in the port expression will be connected to GND.            ;
+--------+--------+----------+----------------------------------------------------------------------------------------------------------------------------------------------------------------------------------+


+--------------------------------------------------------------------------+
; Port Connectivity Checks: "counter_modulo_k_with_data_load:counter_sec0" ;
+--------+-------+----------+----------------------------------------------+
; Port   ; Type  ; Severity ; Details                                      ;
+--------+-------+----------+----------------------------------------------+
; aclr   ; Input ; Info     ; Stuck at VCC                                 ;
; enable ; Input ; Info     ; Stuck at VCC                                 ;
+--------+-------+----------+----------------------------------------------+


+-------------------------------------------------------------------------------+
; Port Connectivity Checks: "counter_modulo_k_with_data_load:counter_centisec1" ;
+--------+-------+----------+---------------------------------------------------+
; Port   ; Type  ; Severity ; Details                                           ;
+--------+-------+----------+---------------------------------------------------+
; aclr   ; Input ; Info     ; Stuck at VCC                                      ;
; enable ; Input ; Info     ; Stuck at VCC                                      ;
+--------+-------+----------+---------------------------------------------------+


+-------------------------------------------------------------------------------+
; Port Connectivity Checks: "counter_modulo_k_with_data_load:counter_centisec0" ;
+------+-------+----------+-----------------------------------------------------+
; Port ; Type  ; Severity ; Details                                             ;
+------+-------+----------+-----------------------------------------------------+
; aclr ; Input ; Info     ; Stuck at VCC                                        ;
+------+-------+----------+-----------------------------------------------------+


+------------------------------------------------------------------------------------------------------------------+
; Port Connectivity Checks: "delay_10_ms:fast_clock_delay|counter_modulo_k_with_data_load:fast_counter"            ;
+--------+--------+----------+-------------------------------------------------------------------------------------+
; Port   ; Type   ; Severity ; Details                                                                             ;
+--------+--------+----------+-------------------------------------------------------------------------------------+
; aclr   ; Input  ; Info     ; Stuck at VCC                                                                        ;
; enable ; Input  ; Info     ; Stuck at VCC                                                                        ;
; load   ; Input  ; Info     ; Stuck at GND                                                                        ;
; data   ; Input  ; Info     ; Stuck at GND                                                                        ;
; Q      ; Output ; Info     ; Connected to dangling logic. Logic that only feeds a dangling port will be removed. ;
+--------+--------+----------+-------------------------------------------------------------------------------------+


+-----------------------------------------------------+
; Post-Synthesis Netlist Statistics for Top Partition ;
+-----------------------+-----------------------------+
; Type                  ; Count                       ;
+-----------------------+-----------------------------+
; arriav_ff             ; 24                          ;
;     CLR               ; 18                          ;
;     ENA CLR           ; 4                           ;
;     plain             ; 2                           ;
; arriav_lcell_comb     ; 88                          ;
;     normal            ; 88                          ;
;         0 data inputs ; 1                           ;
;         1 data inputs ; 2                           ;
;         2 data inputs ; 16                          ;
;         3 data inputs ; 27                          ;
;         4 data inputs ; 42                          ;
; boundary_port         ; 37                          ;
;                       ;                             ;
; Max LUT depth         ; 4.00                        ;
; Average LUT depth     ; 3.07                        ;
+-----------------------+-----------------------------+


+-------------------------------+
; Elapsed Time Per Partition    ;
+----------------+--------------+
; Partition Name ; Elapsed Time ;
+----------------+--------------+
; Top            ; 00:00:00     ;
+----------------+--------------+


+-------------------------------+
; Analysis & Synthesis Messages ;
+-------------------------------+
Info: *******************************************************************
Info: Running Quartus Prime Analysis & Synthesis
    Info: Version 18.0.0 Build 614 04/24/2018 SJ Lite Edition
    Info: Processing started: Mon Apr 15 01:15:00 2024
Info: Command: quartus_map --read_settings_files=on --write_settings_files=off real_time_clock -c real_time_clock
Warning (18236): Number of processors has not been specified which may cause overloading on shared machines.  Set the global assignment NUM_PARALLEL_PROCESSORS in your QSF to an appropriate value for best performance.
Info (20030): Parallel compilation is enabled and will use 8 of the 8 processors detected
Info (12021): Found 1 design units, including 1 entities, in source file /users/mateusz/desktop/systemy wbudowane/lab 7/zadanie 3/counter_modulo_k_with_data_load/counter_modulo_k_with_data_load.v
    Info (12023): Found entity 1: counter_modulo_k_with_data_load File: C:/Users/Mateusz/Desktop/Systemy wbudowane/LAB 7/Zadanie 3/counter_modulo_k_with_data_load/counter_modulo_k_with_data_load.v Line: 1
Info (12021): Found 1 design units, including 1 entities, in source file /users/mateusz/desktop/systemy wbudowane/lab 7/zadanie 3/delay_10_ms/delay_10_ms.v
    Info (12023): Found entity 1: delay_10_ms File: C:/Users/Mateusz/Desktop/Systemy wbudowane/LAB 7/Zadanie 3/delay_10_ms/delay_10_ms.v Line: 1
Info (12021): Found 1 design units, including 1 entities, in source file real_time_clock.v
    Info (12023): Found entity 1: real_time_clock File: C:/Users/Mateusz/Desktop/Systemy wbudowane/LAB 7/Zadanie 3/real_time_clock/real_time_clock.v Line: 1
Info (12127): Elaborating entity "real_time_clock" for the top level hierarchy
Info (12128): Elaborating entity "delay_10_ms" for hierarchy "delay_10_ms:fast_clock_delay" File: C:/Users/Mateusz/Desktop/Systemy wbudowane/LAB 7/Zadanie 3/real_time_clock/real_time_clock.v Line: 10
Info (12128): Elaborating entity "counter_modulo_k_with_data_load" for hierarchy "delay_10_ms:fast_clock_delay|counter_modulo_k_with_data_load:fast_counter" File: C:/Users/Mateusz/Desktop/Systemy wbudowane/LAB 7/Zadanie 3/delay_10_ms/delay_10_ms.v Line: 6
Info (12128): Elaborating entity "counter_modulo_k_with_data_load" for hierarchy "counter_modulo_k_with_data_load:counter_centisec0" File: C:/Users/Mateusz/Desktop/Systemy wbudowane/LAB 7/Zadanie 3/real_time_clock/real_time_clock.v Line: 19
Info (12128): Elaborating entity "counter_modulo_k_with_data_load" for hierarchy "counter_modulo_k_with_data_load:counter_sec1" File: C:/Users/Mateusz/Desktop/Systemy wbudowane/LAB 7/Zadanie 3/real_time_clock/real_time_clock.v Line: 29
Warning (12241): 2 hierarchies have connectivity warnings - see the Connectivity Checks report folder
Warning (13004): Presettable and clearable registers converted to equivalent circuits with latches. Registers power-up to an undefined state, and DEVCLRn places the registers in an undefined state.
    Warning (13310): Register "counter_modulo_k_with_data_load:counter_centisec0|Q[0]" is converted into an equivalent circuit using register "counter_modulo_k_with_data_load:counter_centisec0|Q[0]~_emulated" and latch "counter_modulo_k_with_data_load:counter_centisec0|Q[0]~1" File: C:/Users/Mateusz/Desktop/Systemy wbudowane/LAB 7/Zadanie 3/counter_modulo_k_with_data_load/counter_modulo_k_with_data_load.v Line: 20
    Warning (13310): Register "counter_modulo_k_with_data_load:counter_centisec0|Q[1]" is converted into an equivalent circuit using register "counter_modulo_k_with_data_load:counter_centisec0|Q[1]~_emulated" and latch "counter_modulo_k_with_data_load:counter_centisec0|Q[1]~5" File: C:/Users/Mateusz/Desktop/Systemy wbudowane/LAB 7/Zadanie 3/counter_modulo_k_with_data_load/counter_modulo_k_with_data_load.v Line: 20
    Warning (13310): Register "counter_modulo_k_with_data_load:counter_centisec0|Q[2]" is converted into an equivalent circuit using register "counter_modulo_k_with_data_load:counter_centisec0|Q[2]~_emulated" and latch "counter_modulo_k_with_data_load:counter_centisec0|Q[2]~9" File: C:/Users/Mateusz/Desktop/Systemy wbudowane/LAB 7/Zadanie 3/counter_modulo_k_with_data_load/counter_modulo_k_with_data_load.v Line: 20
    Warning (13310): Register "counter_modulo_k_with_data_load:counter_centisec0|Q[3]" is converted into an equivalent circuit using register "counter_modulo_k_with_data_load:counter_centisec0|Q[3]~_emulated" and latch "counter_modulo_k_with_data_load:counter_centisec0|Q[3]~13" File: C:/Users/Mateusz/Desktop/Systemy wbudowane/LAB 7/Zadanie 3/counter_modulo_k_with_data_load/counter_modulo_k_with_data_load.v Line: 20
    Warning (13310): Register "counter_modulo_k_with_data_load:counter_centisec1|Q[0]" is converted into an equivalent circuit using register "counter_modulo_k_with_data_load:counter_centisec1|Q[0]~_emulated" and latch "counter_modulo_k_with_data_load:counter_centisec1|Q[0]~1" File: C:/Users/Mateusz/Desktop/Systemy wbudowane/LAB 7/Zadanie 3/counter_modulo_k_with_data_load/counter_modulo_k_with_data_load.v Line: 20
    Warning (13310): Register "counter_modulo_k_with_data_load:counter_centisec1|Q[1]" is converted into an equivalent circuit using register "counter_modulo_k_with_data_load:counter_centisec1|Q[1]~_emulated" and latch "counter_modulo_k_with_data_load:counter_centisec1|Q[1]~5" File: C:/Users/Mateusz/Desktop/Systemy wbudowane/LAB 7/Zadanie 3/counter_modulo_k_with_data_load/counter_modulo_k_with_data_load.v Line: 20
    Warning (13310): Register "counter_modulo_k_with_data_load:counter_centisec1|Q[2]" is converted into an equivalent circuit using register "counter_modulo_k_with_data_load:counter_centisec1|Q[2]~_emulated" and latch "counter_modulo_k_with_data_load:counter_centisec1|Q[2]~9" File: C:/Users/Mateusz/Desktop/Systemy wbudowane/LAB 7/Zadanie 3/counter_modulo_k_with_data_load/counter_modulo_k_with_data_load.v Line: 20
    Warning (13310): Register "counter_modulo_k_with_data_load:counter_centisec1|Q[3]" is converted into an equivalent circuit using register "counter_modulo_k_with_data_load:counter_centisec1|Q[3]~_emulated" and latch "counter_modulo_k_with_data_load:counter_centisec1|Q[3]~13" File: C:/Users/Mateusz/Desktop/Systemy wbudowane/LAB 7/Zadanie 3/counter_modulo_k_with_data_load/counter_modulo_k_with_data_load.v Line: 20
    Warning (13310): Register "counter_modulo_k_with_data_load:counter_sec0|Q[0]" is converted into an equivalent circuit using register "counter_modulo_k_with_data_load:counter_sec0|Q[0]~_emulated" and latch "counter_modulo_k_with_data_load:counter_sec0|Q[0]~1" File: C:/Users/Mateusz/Desktop/Systemy wbudowane/LAB 7/Zadanie 3/counter_modulo_k_with_data_load/counter_modulo_k_with_data_load.v Line: 20
    Warning (13310): Register "counter_modulo_k_with_data_load:counter_sec0|Q[1]" is converted into an equivalent circuit using register "counter_modulo_k_with_data_load:counter_sec0|Q[1]~_emulated" and latch "counter_modulo_k_with_data_load:counter_sec0|Q[1]~5" File: C:/Users/Mateusz/Desktop/Systemy wbudowane/LAB 7/Zadanie 3/counter_modulo_k_with_data_load/counter_modulo_k_with_data_load.v Line: 20
    Warning (13310): Register "counter_modulo_k_with_data_load:counter_sec0|Q[2]" is converted into an equivalent circuit using register "counter_modulo_k_with_data_load:counter_sec0|Q[2]~_emulated" and latch "counter_modulo_k_with_data_load:counter_sec0|Q[2]~9" File: C:/Users/Mateusz/Desktop/Systemy wbudowane/LAB 7/Zadanie 3/counter_modulo_k_with_data_load/counter_modulo_k_with_data_load.v Line: 20
    Warning (13310): Register "counter_modulo_k_with_data_load:counter_sec0|Q[3]" is converted into an equivalent circuit using register "counter_modulo_k_with_data_load:counter_sec0|Q[3]~_emulated" and latch "counter_modulo_k_with_data_load:counter_sec0|Q[3]~13" File: C:/Users/Mateusz/Desktop/Systemy wbudowane/LAB 7/Zadanie 3/counter_modulo_k_with_data_load/counter_modulo_k_with_data_load.v Line: 20
    Warning (13310): Register "counter_modulo_k_with_data_load:counter_sec1|Q[0]" is converted into an equivalent circuit using register "counter_modulo_k_with_data_load:counter_sec1|Q[0]~_emulated" and latch "counter_modulo_k_with_data_load:counter_sec1|Q[0]~1" File: C:/Users/Mateusz/Desktop/Systemy wbudowane/LAB 7/Zadanie 3/counter_modulo_k_with_data_load/counter_modulo_k_with_data_load.v Line: 20
    Warning (13310): Register "counter_modulo_k_with_data_load:counter_sec1|Q[1]" is converted into an equivalent circuit using register "counter_modulo_k_with_data_load:counter_sec1|Q[1]~_emulated" and latch "counter_modulo_k_with_data_load:counter_sec1|Q[1]~5" File: C:/Users/Mateusz/Desktop/Systemy wbudowane/LAB 7/Zadanie 3/counter_modulo_k_with_data_load/counter_modulo_k_with_data_load.v Line: 20
    Warning (13310): Register "counter_modulo_k_with_data_load:counter_sec1|Q[2]" is converted into an equivalent circuit using register "counter_modulo_k_with_data_load:counter_sec1|Q[2]~_emulated" and latch "counter_modulo_k_with_data_load:counter_sec1|Q[2]~9" File: C:/Users/Mateusz/Desktop/Systemy wbudowane/LAB 7/Zadanie 3/counter_modulo_k_with_data_load/counter_modulo_k_with_data_load.v Line: 20
    Warning (13310): Register "counter_modulo_k_with_data_load:counter_min0|Q[0]" is converted into an equivalent circuit using register "counter_modulo_k_with_data_load:counter_min0|Q[0]~_emulated" and latch "counter_modulo_k_with_data_load:counter_min0|Q[0]~1" File: C:/Users/Mateusz/Desktop/Systemy wbudowane/LAB 7/Zadanie 3/counter_modulo_k_with_data_load/counter_modulo_k_with_data_load.v Line: 20
    Warning (13310): Register "counter_modulo_k_with_data_load:counter_min0|Q[1]" is converted into an equivalent circuit using register "counter_modulo_k_with_data_load:counter_min0|Q[1]~_emulated" and latch "counter_modulo_k_with_data_load:counter_min0|Q[1]~5" File: C:/Users/Mateusz/Desktop/Systemy wbudowane/LAB 7/Zadanie 3/counter_modulo_k_with_data_load/counter_modulo_k_with_data_load.v Line: 20
    Warning (13310): Register "counter_modulo_k_with_data_load:counter_min0|Q[2]" is converted into an equivalent circuit using register "counter_modulo_k_with_data_load:counter_min0|Q[2]~_emulated" and latch "counter_modulo_k_with_data_load:counter_min0|Q[2]~9" File: C:/Users/Mateusz/Desktop/Systemy wbudowane/LAB 7/Zadanie 3/counter_modulo_k_with_data_load/counter_modulo_k_with_data_load.v Line: 20
    Warning (13310): Register "counter_modulo_k_with_data_load:counter_min0|Q[3]" is converted into an equivalent circuit using register "counter_modulo_k_with_data_load:counter_min0|Q[3]~_emulated" and latch "counter_modulo_k_with_data_load:counter_min0|Q[3]~13" File: C:/Users/Mateusz/Desktop/Systemy wbudowane/LAB 7/Zadanie 3/counter_modulo_k_with_data_load/counter_modulo_k_with_data_load.v Line: 20
    Warning (13310): Register "counter_modulo_k_with_data_load:counter_min1|Q[0]" is converted into an equivalent circuit using register "counter_modulo_k_with_data_load:counter_min1|Q[0]~_emulated" and latch "counter_modulo_k_with_data_load:counter_min1|Q[0]~1" File: C:/Users/Mateusz/Desktop/Systemy wbudowane/LAB 7/Zadanie 3/counter_modulo_k_with_data_load/counter_modulo_k_with_data_load.v Line: 20
    Warning (13310): Register "counter_modulo_k_with_data_load:counter_min1|Q[1]" is converted into an equivalent circuit using register "counter_modulo_k_with_data_load:counter_min1|Q[1]~_emulated" and latch "counter_modulo_k_with_data_load:counter_min1|Q[1]~5" File: C:/Users/Mateusz/Desktop/Systemy wbudowane/LAB 7/Zadanie 3/counter_modulo_k_with_data_load/counter_modulo_k_with_data_load.v Line: 20
    Warning (13310): Register "counter_modulo_k_with_data_load:counter_min1|Q[2]" is converted into an equivalent circuit using register "counter_modulo_k_with_data_load:counter_min1|Q[2]~_emulated" and latch "counter_modulo_k_with_data_load:counter_min1|Q[2]~9" File: C:/Users/Mateusz/Desktop/Systemy wbudowane/LAB 7/Zadanie 3/counter_modulo_k_with_data_load/counter_modulo_k_with_data_load.v Line: 20
Warning (13024): Output pins are stuck at VCC or GND
    Warning (13410): Pin "sec[7]" is stuck at GND File: C:/Users/Mateusz/Desktop/Systemy wbudowane/LAB 7/Zadanie 3/real_time_clock/real_time_clock.v Line: 3
    Warning (13410): Pin "min[7]" is stuck at GND File: C:/Users/Mateusz/Desktop/Systemy wbudowane/LAB 7/Zadanie 3/real_time_clock/real_time_clock.v Line: 3
Info (286030): Timing-Driven Synthesis is running
Info (16010): Generating hard_block partition "hard_block:auto_generated_inst"
    Info (16011): Adding 0 node(s), including 0 DDIO, 0 PLL, 0 transceiver and 0 LCELL
Info (21057): Implemented 124 device resources after synthesis - the final resource count might be different
    Info (21058): Implemented 13 input pins
    Info (21059): Implemented 24 output pins
    Info (21061): Implemented 87 logic cells
Info: Quartus Prime Analysis & Synthesis was successful. 0 errors, 28 warnings
    Info: Peak virtual memory: 4865 megabytes
    Info: Processing ended: Mon Apr 15 01:15:08 2024
    Info: Elapsed time: 00:00:08
    Info: Total CPU time (on all processors): 00:00:17


