Analysis & Synthesis report for processor_2_with_RAM
Tue Jun 18 09:36:57 2024
Quartus Prime Version 18.0.0 Build 614 04/24/2018 SJ Lite Edition


---------------------
; Table of Contents ;
---------------------
  1. Legal Notice
  2. Analysis & Synthesis Summary
  3. Analysis & Synthesis Settings
  4. Parallel Compilation
  5. Analysis & Synthesis Source Files Read
  6. Analysis & Synthesis Resource Usage Summary
  7. Analysis & Synthesis Resource Utilization by Entity
  8. Analysis & Synthesis RAM Summary
  9. State Machine - |processor_2_with_RAM|processor_2:proc|Tstep_Q
 10. Registers Protected by Synthesis
 11. Registers Removed During Synthesis
 12. General Register Statistics
 13. Multiplexer Restructuring Statistics (Restructuring Performed)
 14. Source assignments for Top-level Entity: |processor_2_with_RAM
 15. Source assignments for RAM128x9:ram|altsyncram:altsyncram_component|altsyncram_4sq1:auto_generated
 16. Source assignments for processor_2:proc
 17. Parameter Settings for User Entity Instance: regn:reg_LED
 18. Parameter Settings for User Entity Instance: RAM128x9:ram|altsyncram:altsyncram_component
 19. Parameter Settings for User Entity Instance: processor_2:proc|regn:reg_0
 20. Parameter Settings for User Entity Instance: processor_2:proc|regn:reg_1
 21. Parameter Settings for User Entity Instance: processor_2:proc|regn:reg_2
 22. Parameter Settings for User Entity Instance: processor_2:proc|regn:reg_3
 23. Parameter Settings for User Entity Instance: processor_2:proc|regn:reg_4
 24. Parameter Settings for User Entity Instance: processor_2:proc|regn:reg_5
 25. Parameter Settings for User Entity Instance: processor_2:proc|regn:reg_6
 26. Parameter Settings for User Entity Instance: processor_2:proc|regn:reg_A
 27. Parameter Settings for User Entity Instance: processor_2:proc|regn:reg_G
 28. Parameter Settings for User Entity Instance: processor_2:proc|regn:reg_IR
 29. Parameter Settings for User Entity Instance: processor_2:proc|regn:reg_ADDR
 30. Parameter Settings for User Entity Instance: processor_2:proc|regn:reg_DOUT
 31. Parameter Settings for User Entity Instance: processor_2:proc|regn:reg_W
 32. Parameter Settings for User Entity Instance: processor_2:proc|ripple_carry_adder_subtractor:alu
 33. altsyncram Parameter Settings by Entity Instance
 34. Port Connectivity Checks: "processor_2:proc|ripple_carry_adder_subtractor:alu"
 35. Port Connectivity Checks: "processor_2:proc|regn:reg_W"
 36. Port Connectivity Checks: "processor_2:proc|dec3to8:decY"
 37. Port Connectivity Checks: "processor_2:proc|dec3to8:decX"
 38. Post-Synthesis Netlist Statistics for Top Partition
 39. Elapsed Time Per Partition
 40. Analysis & Synthesis Messages
 41. Analysis & Synthesis Suppressed Messages



----------------
; Legal Notice ;
----------------
Copyright (C) 2018  Intel Corporation. All rights reserved.
Your use of Intel Corporation's design tools, logic functions 
and other software and tools, and its AMPP partner logic 
functions, and any output files from any of the foregoing 
(including device programming or simulation files), and any 
associated documentation or information are expressly subject 
to the terms and conditions of the Intel Program License 
Subscription Agreement, the Intel Quartus Prime License Agreement,
the Intel FPGA IP License Agreement, or other applicable license
agreement, including, without limitation, that your use is for
the sole purpose of programming logic devices manufactured by
Intel and sold by Intel or its authorized distributors.  Please
refer to the applicable agreement for further details.



+-------------------------------------------------------------------------------+
; Analysis & Synthesis Summary                                                  ;
+---------------------------------+---------------------------------------------+
; Analysis & Synthesis Status     ; Successful - Tue Jun 18 09:36:57 2024       ;
; Quartus Prime Version           ; 18.0.0 Build 614 04/24/2018 SJ Lite Edition ;
; Revision Name                   ; processor_2_with_RAM                        ;
; Top-level Entity Name           ; processor_2_with_RAM                        ;
; Family                          ; Cyclone V                                   ;
; Logic utilization (in ALMs)     ; N/A                                         ;
; Total registers                 ; 135                                         ;
; Total pins                      ; 13                                          ;
; Total virtual pins              ; 0                                           ;
; Total block memory bits         ; 1,152                                       ;
; Total DSP Blocks                ; 0                                           ;
; Total HSSI RX PCSs              ; 0                                           ;
; Total HSSI PMA RX Deserializers ; 0                                           ;
; Total HSSI TX PCSs              ; 0                                           ;
; Total HSSI PMA TX Serializers   ; 0                                           ;
; Total PLLs                      ; 0                                           ;
; Total DLLs                      ; 0                                           ;
+---------------------------------+---------------------------------------------+


+-------------------------------------------------------------------------------------------------------------------------------+
; Analysis & Synthesis Settings                                                                                                 ;
+---------------------------------------------------------------------------------+----------------------+----------------------+
; Option                                                                          ; Setting              ; Default Value        ;
+---------------------------------------------------------------------------------+----------------------+----------------------+
; Device                                                                          ; 5CSEMA5F31C6         ;                      ;
; Top-level entity name                                                           ; processor_2_with_RAM ; processor_2_with_RAM ;
; Family name                                                                     ; Cyclone V            ; Cyclone V            ;
; Use smart compilation                                                           ; Off                  ; Off                  ;
; Enable parallel Assembler and Timing Analyzer during compilation                ; On                   ; On                   ;
; Enable compact report table                                                     ; Off                  ; Off                  ;
; Restructure Multiplexers                                                        ; Auto                 ; Auto                 ;
; MLAB Add Timing Constraints For Mixed-Port Feed-Through Mode Setting Don't Care ; Off                  ; Off                  ;
; Create Debugging Nodes for IP Cores                                             ; Off                  ; Off                  ;
; Preserve fewer node names                                                       ; On                   ; On                   ;
; Intel FPGA IP Evaluation Mode                                                   ; Enable               ; Enable               ;
; Verilog Version                                                                 ; Verilog_2001         ; Verilog_2001         ;
; VHDL Version                                                                    ; VHDL_1993            ; VHDL_1993            ;
; State Machine Processing                                                        ; Auto                 ; Auto                 ;
; Safe State Machine                                                              ; Off                  ; Off                  ;
; Extract Verilog State Machines                                                  ; On                   ; On                   ;
; Extract VHDL State Machines                                                     ; On                   ; On                   ;
; Ignore Verilog initial constructs                                               ; Off                  ; Off                  ;
; Iteration limit for constant Verilog loops                                      ; 5000                 ; 5000                 ;
; Iteration limit for non-constant Verilog loops                                  ; 250                  ; 250                  ;
; Add Pass-Through Logic to Inferred RAMs                                         ; On                   ; On                   ;
; Infer RAMs from Raw Logic                                                       ; On                   ; On                   ;
; Parallel Synthesis                                                              ; On                   ; On                   ;
; DSP Block Balancing                                                             ; Auto                 ; Auto                 ;
; NOT Gate Push-Back                                                              ; On                   ; On                   ;
; Power-Up Don't Care                                                             ; On                   ; On                   ;
; Remove Redundant Logic Cells                                                    ; Off                  ; Off                  ;
; Remove Duplicate Registers                                                      ; On                   ; On                   ;
; Ignore CARRY Buffers                                                            ; Off                  ; Off                  ;
; Ignore CASCADE Buffers                                                          ; Off                  ; Off                  ;
; Ignore GLOBAL Buffers                                                           ; Off                  ; Off                  ;
; Ignore ROW GLOBAL Buffers                                                       ; Off                  ; Off                  ;
; Ignore LCELL Buffers                                                            ; Off                  ; Off                  ;
; Ignore SOFT Buffers                                                             ; On                   ; On                   ;
; Limit AHDL Integers to 32 Bits                                                  ; Off                  ; Off                  ;
; Optimization Technique                                                          ; Balanced             ; Balanced             ;
; Carry Chain Length                                                              ; 70                   ; 70                   ;
; Auto Carry Chains                                                               ; On                   ; On                   ;
; Auto Open-Drain Pins                                                            ; On                   ; On                   ;
; Perform WYSIWYG Primitive Resynthesis                                           ; Off                  ; Off                  ;
; Auto ROM Replacement                                                            ; On                   ; On                   ;
; Auto RAM Replacement                                                            ; On                   ; On                   ;
; Auto DSP Block Replacement                                                      ; On                   ; On                   ;
; Auto Shift Register Replacement                                                 ; Auto                 ; Auto                 ;
; Allow Shift Register Merging across Hierarchies                                 ; Auto                 ; Auto                 ;
; Auto Clock Enable Replacement                                                   ; On                   ; On                   ;
; Strict RAM Replacement                                                          ; Off                  ; Off                  ;
; Allow Synchronous Control Signals                                               ; On                   ; On                   ;
; Force Use of Synchronous Clear Signals                                          ; Off                  ; Off                  ;
; Auto Resource Sharing                                                           ; Off                  ; Off                  ;
; Allow Any RAM Size For Recognition                                              ; Off                  ; Off                  ;
; Allow Any ROM Size For Recognition                                              ; Off                  ; Off                  ;
; Allow Any Shift Register Size For Recognition                                   ; Off                  ; Off                  ;
; Use LogicLock Constraints during Resource Balancing                             ; On                   ; On                   ;
; Ignore translate_off and synthesis_off directives                               ; Off                  ; Off                  ;
; Timing-Driven Synthesis                                                         ; On                   ; On                   ;
; Report Parameter Settings                                                       ; On                   ; On                   ;
; Report Source Assignments                                                       ; On                   ; On                   ;
; Report Connectivity Checks                                                      ; On                   ; On                   ;
; Ignore Maximum Fan-Out Assignments                                              ; Off                  ; Off                  ;
; Synchronization Register Chain Length                                           ; 3                    ; 3                    ;
; Power Optimization During Synthesis                                             ; Normal compilation   ; Normal compilation   ;
; HDL message level                                                               ; Level2               ; Level2               ;
; Suppress Register Optimization Related Messages                                 ; Off                  ; Off                  ;
; Number of Removed Registers Reported in Synthesis Report                        ; 5000                 ; 5000                 ;
; Number of Swept Nodes Reported in Synthesis Report                              ; 5000                 ; 5000                 ;
; Number of Inverted Registers Reported in Synthesis Report                       ; 100                  ; 100                  ;
; Clock MUX Protection                                                            ; On                   ; On                   ;
; Auto Gated Clock Conversion                                                     ; Off                  ; Off                  ;
; Block Design Naming                                                             ; Auto                 ; Auto                 ;
; SDC constraint protection                                                       ; Off                  ; Off                  ;
; Synthesis Effort                                                                ; Auto                 ; Auto                 ;
; Shift Register Replacement - Allow Asynchronous Clear Signal                    ; On                   ; On                   ;
; Pre-Mapping Resynthesis Optimization                                            ; Off                  ; Off                  ;
; Analysis & Synthesis Message Level                                              ; Medium               ; Medium               ;
; Disable Register Merging Across Hierarchies                                     ; Auto                 ; Auto                 ;
; Resource Aware Inference For Block RAM                                          ; On                   ; On                   ;
; Automatic Parallel Synthesis                                                    ; On                   ; On                   ;
; Partial Reconfiguration Bitstream ID                                            ; Off                  ; Off                  ;
+---------------------------------------------------------------------------------+----------------------+----------------------+


+------------------------------------------+
; Parallel Compilation                     ;
+----------------------------+-------------+
; Processors                 ; Number      ;
+----------------------------+-------------+
; Number detected on machine ; 16          ;
; Maximum allowed            ; 8           ;
;                            ;             ;
; Average used               ; 1.00        ;
; Maximum used               ; 8           ;
;                            ;             ;
; Usage by Processor         ; % Time Used ;
;     Processor 1            ; 100.0%      ;
;     Processors 2-8         ;   0.0%      ;
+----------------------------+-------------+


+----------------------------------------------------------------------------------------------------------------------------------------------------------------------------------------------------------------------------------------------------------------------------------------+
; Analysis & Synthesis Source Files Read                                                                                                                                                                                                                                                 ;
+----------------------------------------------------------------------------------------+-----------------+----------------------------------------+--------------------------------------------------------------------------------------------------------------------------+---------+
; File Name with User-Entered Path                                                       ; Used in Netlist ; File Type                              ; File Name with Absolute Path                                                                                             ; Library ;
+----------------------------------------------------------------------------------------+-----------------+----------------------------------------+--------------------------------------------------------------------------------------------------------------------------+---------+
; ../../../LAB 8/Zadanie 1/full_adder/full_adder.v                                       ; yes             ; User Verilog HDL File                  ; C:/Users/Mateusz/Desktop/Systemy wbudowane/LAB 8/Zadanie 1/full_adder/full_adder.v                                       ;         ;
; ../../../LAB 8/Zadanie 2/ripple_carry_adder_subtractor/ripple_carry_adder_subtractor.v ; yes             ; User Verilog HDL File                  ; C:/Users/Mateusz/Desktop/Systemy wbudowane/LAB 8/Zadanie 2/ripple_carry_adder_subtractor/ripple_carry_adder_subtractor.v ;         ;
; ../../../LAB 11/Zadanie 1/regn/regn.v                                                  ; yes             ; User Verilog HDL File                  ; C:/Users/Mateusz/Desktop/Systemy wbudowane/LAB 11/Zadanie 1/regn/regn.v                                                  ;         ;
; ../../../LAB 11/Zadanie 1/dec3to8/dec3to8.v                                            ; yes             ; User Verilog HDL File                  ; C:/Users/Mateusz/Desktop/Systemy wbudowane/LAB 11/Zadanie 1/dec3to8/dec3to8.v                                            ;         ;
; ../../../LAB 11/Zadanie 1/mux_10_1_9_bits/mux_10_1_9_bits.v                            ; yes             ; User Verilog HDL File                  ; C:/Users/Mateusz/Desktop/Systemy wbudowane/LAB 11/Zadanie 1/mux_10_1_9_bits/mux_10_1_9_bits.v                            ;         ;
; ../../Zadanie 1/counter_9_bits_on_sload/counter_9_bits_on_sload.v                      ; yes             ; User Verilog HDL File                  ; C:/Users/Mateusz/Desktop/Systemy wbudowane/LAB 12/Zadanie 1/counter_9_bits_on_sload/counter_9_bits_on_sload.v            ;         ;
; ../../Zadanie 1/processor_2/processor_2.v                                              ; yes             ; User Verilog HDL File                  ; C:/Users/Mateusz/Desktop/Systemy wbudowane/LAB 12/Zadanie 1/processor_2/processor_2.v                                    ;         ;
; processor_2_with_RAM.v                                                                 ; yes             ; User Verilog HDL File                  ; C:/Users/Mateusz/Desktop/Systemy wbudowane/LAB 12/Zadanie 2/processor_2_with_RAM/processor_2_with_RAM.v                  ;         ;
; ram128x9.v                                                                             ; yes             ; Auto-Found Wizard-Generated File       ; C:/Users/Mateusz/Desktop/Systemy wbudowane/LAB 12/Zadanie 2/processor_2_with_RAM/ram128x9.v                              ;         ;
; altsyncram.tdf                                                                         ; yes             ; Megafunction                           ; c:/intelfpga_lite/18.0/quartus/libraries/megafunctions/altsyncram.tdf                                                    ;         ;
; stratix_ram_block.inc                                                                  ; yes             ; Megafunction                           ; c:/intelfpga_lite/18.0/quartus/libraries/megafunctions/stratix_ram_block.inc                                             ;         ;
; lpm_mux.inc                                                                            ; yes             ; Megafunction                           ; c:/intelfpga_lite/18.0/quartus/libraries/megafunctions/lpm_mux.inc                                                       ;         ;
; lpm_decode.inc                                                                         ; yes             ; Megafunction                           ; c:/intelfpga_lite/18.0/quartus/libraries/megafunctions/lpm_decode.inc                                                    ;         ;
; aglobal180.inc                                                                         ; yes             ; Megafunction                           ; c:/intelfpga_lite/18.0/quartus/libraries/megafunctions/aglobal180.inc                                                    ;         ;
; a_rdenreg.inc                                                                          ; yes             ; Megafunction                           ; c:/intelfpga_lite/18.0/quartus/libraries/megafunctions/a_rdenreg.inc                                                     ;         ;
; altrom.inc                                                                             ; yes             ; Megafunction                           ; c:/intelfpga_lite/18.0/quartus/libraries/megafunctions/altrom.inc                                                        ;         ;
; altram.inc                                                                             ; yes             ; Megafunction                           ; c:/intelfpga_lite/18.0/quartus/libraries/megafunctions/altram.inc                                                        ;         ;
; altdpram.inc                                                                           ; yes             ; Megafunction                           ; c:/intelfpga_lite/18.0/quartus/libraries/megafunctions/altdpram.inc                                                      ;         ;
; db/altsyncram_4sq1.tdf                                                                 ; yes             ; Auto-Generated Megafunction            ; C:/Users/Mateusz/Desktop/Systemy wbudowane/LAB 12/Zadanie 2/processor_2_with_RAM/db/altsyncram_4sq1.tdf                  ;         ;
; memory_init.mif                                                                        ; yes             ; Auto-Found Memory Initialization File  ; C:/Users/Mateusz/Desktop/Systemy wbudowane/LAB 12/Zadanie 2/processor_2_with_RAM/memory_init.mif                         ;         ;
+----------------------------------------------------------------------------------------+-----------------+----------------------------------------+--------------------------------------------------------------------------------------------------------------------------+---------+


+-----------------------------------------------------------+
; Analysis & Synthesis Resource Usage Summary               ;
+---------------------------------------------+-------------+
; Resource                                    ; Usage       ;
+---------------------------------------------+-------------+
; Estimate of Logic utilization (ALMs needed) ; 137         ;
;                                             ;             ;
; Combinational ALUT usage for logic          ; 187         ;
;     -- 7 input functions                    ; 0           ;
;     -- 6 input functions                    ; 76          ;
;     -- 5 input functions                    ; 20          ;
;     -- 4 input functions                    ; 17          ;
;     -- <=3 input functions                  ; 74          ;
;                                             ;             ;
; Dedicated logic registers                   ; 135         ;
;                                             ;             ;
; I/O pins                                    ; 13          ;
; Total MLAB memory bits                      ; 0           ;
; Total block memory bits                     ; 1152        ;
;                                             ;             ;
; Total DSP Blocks                            ; 0           ;
;                                             ;             ;
; Maximum fan-out node                        ; Clock~input ;
; Maximum fan-out                             ; 144         ;
; Total fan-out                               ; 1301        ;
; Average fan-out                             ; 3.64        ;
+---------------------------------------------+-------------+


+----------------------------------------------------------------------------------------------------------------------------------------------------------------------------------------------------------------------------------------------------------------------------------------------------------+
; Analysis & Synthesis Resource Utilization by Entity                                                                                                                                                                                                                                                      ;
+-------------------------------------------+---------------------+---------------------------+-------------------+------------+------+--------------+------------------------------------------------------------------------------------------------------+-------------------------------+--------------+
; Compilation Hierarchy Node                ; Combinational ALUTs ; Dedicated Logic Registers ; Block Memory Bits ; DSP Blocks ; Pins ; Virtual Pins ; Full Hierarchy Name                                                                                  ; Entity Name                   ; Library Name ;
+-------------------------------------------+---------------------+---------------------------+-------------------+------------+------+--------------+------------------------------------------------------------------------------------------------------+-------------------------------+--------------+
; |processor_2_with_RAM                     ; 187 (31)            ; 135 (2)                   ; 1152              ; 0          ; 13   ; 0            ; |processor_2_with_RAM                                                                                ; processor_2_with_RAM          ; work         ;
;    |RAM128x9:ram|                         ; 0 (0)               ; 0 (0)                     ; 1152              ; 0          ; 0    ; 0            ; |processor_2_with_RAM|RAM128x9:ram                                                                   ; RAM128x9                      ; work         ;
;       |altsyncram:altsyncram_component|   ; 0 (0)               ; 0 (0)                     ; 1152              ; 0          ; 0    ; 0            ; |processor_2_with_RAM|RAM128x9:ram|altsyncram:altsyncram_component                                   ; altsyncram                    ; work         ;
;          |altsyncram_4sq1:auto_generated| ; 0 (0)               ; 0 (0)                     ; 1152              ; 0          ; 0    ; 0            ; |processor_2_with_RAM|RAM128x9:ram|altsyncram:altsyncram_component|altsyncram_4sq1:auto_generated    ; altsyncram_4sq1               ; work         ;
;    |processor_2:proc|                     ; 156 (64)            ; 124 (6)                   ; 0                 ; 0          ; 0    ; 0            ; |processor_2_with_RAM|processor_2:proc                                                               ; processor_2                   ; work         ;
;       |counter_9_bits_on_sload:counter|   ; 10 (10)             ; 9 (9)                     ; 0                 ; 0          ; 0    ; 0            ; |processor_2_with_RAM|processor_2:proc|counter_9_bits_on_sload:counter                               ; counter_9_bits_on_sload       ; work         ;
;       |dec3to8:decX|                      ; 2 (2)               ; 0 (0)                     ; 0                 ; 0          ; 0    ; 0            ; |processor_2_with_RAM|processor_2:proc|dec3to8:decX                                                  ; dec3to8                       ; work         ;
;       |dec3to8:decY|                      ; 2 (2)               ; 0 (0)                     ; 0                 ; 0          ; 0    ; 0            ; |processor_2_with_RAM|processor_2:proc|dec3to8:decY                                                  ; dec3to8                       ; work         ;
;       |mux_10_1_9_bits:mux|               ; 57 (57)             ; 0 (0)                     ; 0                 ; 0          ; 0    ; 0            ; |processor_2_with_RAM|processor_2:proc|mux_10_1_9_bits:mux                                           ; mux_10_1_9_bits               ; work         ;
;       |regn:reg_0|                        ; 0 (0)               ; 9 (9)                     ; 0                 ; 0          ; 0    ; 0            ; |processor_2_with_RAM|processor_2:proc|regn:reg_0                                                    ; regn                          ; work         ;
;       |regn:reg_1|                        ; 0 (0)               ; 9 (9)                     ; 0                 ; 0          ; 0    ; 0            ; |processor_2_with_RAM|processor_2:proc|regn:reg_1                                                    ; regn                          ; work         ;
;       |regn:reg_2|                        ; 0 (0)               ; 9 (9)                     ; 0                 ; 0          ; 0    ; 0            ; |processor_2_with_RAM|processor_2:proc|regn:reg_2                                                    ; regn                          ; work         ;
;       |regn:reg_3|                        ; 0 (0)               ; 9 (9)                     ; 0                 ; 0          ; 0    ; 0            ; |processor_2_with_RAM|processor_2:proc|regn:reg_3                                                    ; regn                          ; work         ;
;       |regn:reg_4|                        ; 0 (0)               ; 9 (9)                     ; 0                 ; 0          ; 0    ; 0            ; |processor_2_with_RAM|processor_2:proc|regn:reg_4                                                    ; regn                          ; work         ;
;       |regn:reg_5|                        ; 0 (0)               ; 9 (9)                     ; 0                 ; 0          ; 0    ; 0            ; |processor_2_with_RAM|processor_2:proc|regn:reg_5                                                    ; regn                          ; work         ;
;       |regn:reg_6|                        ; 0 (0)               ; 9 (9)                     ; 0                 ; 0          ; 0    ; 0            ; |processor_2_with_RAM|processor_2:proc|regn:reg_6                                                    ; regn                          ; work         ;
;       |regn:reg_ADDR|                     ; 0 (0)               ; 9 (9)                     ; 0                 ; 0          ; 0    ; 0            ; |processor_2_with_RAM|processor_2:proc|regn:reg_ADDR                                                 ; regn                          ; work         ;
;       |regn:reg_A|                        ; 0 (0)               ; 9 (9)                     ; 0                 ; 0          ; 0    ; 0            ; |processor_2_with_RAM|processor_2:proc|regn:reg_A                                                    ; regn                          ; work         ;
;       |regn:reg_DOUT|                     ; 0 (0)               ; 9 (9)                     ; 0                 ; 0          ; 0    ; 0            ; |processor_2_with_RAM|processor_2:proc|regn:reg_DOUT                                                 ; regn                          ; work         ;
;       |regn:reg_G|                        ; 0 (0)               ; 9 (9)                     ; 0                 ; 0          ; 0    ; 0            ; |processor_2_with_RAM|processor_2:proc|regn:reg_G                                                    ; regn                          ; work         ;
;       |regn:reg_IR|                       ; 0 (0)               ; 9 (9)                     ; 0                 ; 0          ; 0    ; 0            ; |processor_2_with_RAM|processor_2:proc|regn:reg_IR                                                   ; regn                          ; work         ;
;       |regn:reg_W|                        ; 0 (0)               ; 1 (1)                     ; 0                 ; 0          ; 0    ; 0            ; |processor_2_with_RAM|processor_2:proc|regn:reg_W                                                    ; regn                          ; work         ;
;       |ripple_carry_adder_subtractor:alu| ; 21 (6)              ; 0 (0)                     ; 0                 ; 0          ; 0    ; 0            ; |processor_2_with_RAM|processor_2:proc|ripple_carry_adder_subtractor:alu                             ; ripple_carry_adder_subtractor ; work         ;
;          |full_adder:add_or_sub[0].FA|    ; 1 (1)               ; 0 (0)                     ; 0                 ; 0          ; 0    ; 0            ; |processor_2_with_RAM|processor_2:proc|ripple_carry_adder_subtractor:alu|full_adder:add_or_sub[0].FA ; full_adder                    ; work         ;
;          |full_adder:add_or_sub[1].FA|    ; 2 (2)               ; 0 (0)                     ; 0                 ; 0          ; 0    ; 0            ; |processor_2_with_RAM|processor_2:proc|ripple_carry_adder_subtractor:alu|full_adder:add_or_sub[1].FA ; full_adder                    ; work         ;
;          |full_adder:add_or_sub[2].FA|    ; 1 (1)               ; 0 (0)                     ; 0                 ; 0          ; 0    ; 0            ; |processor_2_with_RAM|processor_2:proc|ripple_carry_adder_subtractor:alu|full_adder:add_or_sub[2].FA ; full_adder                    ; work         ;
;          |full_adder:add_or_sub[3].FA|    ; 2 (2)               ; 0 (0)                     ; 0                 ; 0          ; 0    ; 0            ; |processor_2_with_RAM|processor_2:proc|ripple_carry_adder_subtractor:alu|full_adder:add_or_sub[3].FA ; full_adder                    ; work         ;
;          |full_adder:add_or_sub[4].FA|    ; 2 (2)               ; 0 (0)                     ; 0                 ; 0          ; 0    ; 0            ; |processor_2_with_RAM|processor_2:proc|ripple_carry_adder_subtractor:alu|full_adder:add_or_sub[4].FA ; full_adder                    ; work         ;
;          |full_adder:add_or_sub[5].FA|    ; 2 (2)               ; 0 (0)                     ; 0                 ; 0          ; 0    ; 0            ; |processor_2_with_RAM|processor_2:proc|ripple_carry_adder_subtractor:alu|full_adder:add_or_sub[5].FA ; full_adder                    ; work         ;
;          |full_adder:add_or_sub[6].FA|    ; 2 (2)               ; 0 (0)                     ; 0                 ; 0          ; 0    ; 0            ; |processor_2_with_RAM|processor_2:proc|ripple_carry_adder_subtractor:alu|full_adder:add_or_sub[6].FA ; full_adder                    ; work         ;
;          |full_adder:add_or_sub[7].FA|    ; 1 (1)               ; 0 (0)                     ; 0                 ; 0          ; 0    ; 0            ; |processor_2_with_RAM|processor_2:proc|ripple_carry_adder_subtractor:alu|full_adder:add_or_sub[7].FA ; full_adder                    ; work         ;
;          |full_adder:add_or_sub[8].FA|    ; 2 (2)               ; 0 (0)                     ; 0                 ; 0          ; 0    ; 0            ; |processor_2_with_RAM|processor_2:proc|ripple_carry_adder_subtractor:alu|full_adder:add_or_sub[8].FA ; full_adder                    ; work         ;
;    |regn:reg_LED|                         ; 0 (0)               ; 9 (9)                     ; 0                 ; 0          ; 0    ; 0            ; |processor_2_with_RAM|regn:reg_LED                                                                   ; regn                          ; work         ;
+-------------------------------------------+---------------------+---------------------------+-------------------+------------+------+--------------+------------------------------------------------------------------------------------------------------+-------------------------------+--------------+
Note: For table entries with two numbers listed, the numbers in parentheses indicate the number of resources of the given type used by the specific entity alone. The numbers listed outside of parentheses indicate the total resources of the given type used by the specific entity and all of its sub-entities in the hierarchy.


+--------------------------------------------------------------------------------------------------------------------------------------------------------------------------------------------------------+
; Analysis & Synthesis RAM Summary                                                                                                                                                                       ;
+----------------------------------------------------------------------------------------+------------+-------------+--------------+--------------+--------------+--------------+------+-----------------+
; Name                                                                                   ; Type       ; Mode        ; Port A Depth ; Port A Width ; Port B Depth ; Port B Width ; Size ; MIF             ;
+----------------------------------------------------------------------------------------+------------+-------------+--------------+--------------+--------------+--------------+------+-----------------+
; RAM128x9:ram|altsyncram:altsyncram_component|altsyncram_4sq1:auto_generated|ALTSYNCRAM ; M10K block ; Single Port ; 128          ; 9            ; --           ; --           ; 1152 ; memory_init.mif ;
+----------------------------------------------------------------------------------------+------------+-------------+--------------+--------------+--------------+--------------+------+-----------------+


Encoding Type:  One-Hot
+------------------------------------------------------------------------------------------+
; State Machine - |processor_2_with_RAM|processor_2:proc|Tstep_Q                           ;
+------------+------------+------------+------------+------------+------------+------------+
; Name       ; Tstep_Q.T5 ; Tstep_Q.T4 ; Tstep_Q.T3 ; Tstep_Q.T2 ; Tstep_Q.T1 ; Tstep_Q.T0 ;
+------------+------------+------------+------------+------------+------------+------------+
; Tstep_Q.T0 ; 0          ; 0          ; 0          ; 0          ; 0          ; 0          ;
; Tstep_Q.T1 ; 0          ; 0          ; 0          ; 0          ; 1          ; 1          ;
; Tstep_Q.T2 ; 0          ; 0          ; 0          ; 1          ; 0          ; 1          ;
; Tstep_Q.T3 ; 0          ; 0          ; 1          ; 0          ; 0          ; 1          ;
; Tstep_Q.T4 ; 0          ; 1          ; 0          ; 0          ; 0          ; 1          ;
; Tstep_Q.T5 ; 1          ; 0          ; 0          ; 0          ; 0          ; 1          ;
+------------+------------+------------+------------+------------+------------+------------+


+----------------------------------------------------------------------------------------------------------------------------------------------------------+
; Registers Protected by Synthesis                                                                                                                         ;
+------------------------------------------+------------------------------------------------------------------+--------------------------------------------+
; Register Name                            ; Protected by Synthesis Attribute or Preserve Register Assignment ; Not to be Touched by Netlist Optimizations ;
+------------------------------------------+------------------------------------------------------------------+--------------------------------------------+
; processor_2:proc|Tstep_Q.T5              ; yes                                                              ; yes                                        ;
; processor_2:proc|Tstep_Q.T4              ; yes                                                              ; yes                                        ;
; processor_2:proc|Tstep_Q.T3              ; yes                                                              ; yes                                        ;
; processor_2:proc|Tstep_Q.T2              ; yes                                                              ; yes                                        ;
; processor_2:proc|Tstep_Q.T1              ; yes                                                              ; yes                                        ;
; processor_2:proc|Tstep_Q.T0              ; yes                                                              ; yes                                        ;
; Run_delay2                               ; yes                                                              ; yes                                        ;
; Run_delay1                               ; yes                                                              ; yes                                        ;
; Total number of protected registers is 8 ;                                                                  ;                                            ;
+------------------------------------------+------------------------------------------------------------------+--------------------------------------------+


+------------------------------------------------------------+
; Registers Removed During Synthesis                         ;
+---------------------------------------+--------------------+
; Register name                         ; Reason for Removal ;
+---------------------------------------+--------------------+
; processor_2:proc|Tstep_Q~4            ; Lost fanout        ;
; processor_2:proc|Tstep_Q~5            ; Lost fanout        ;
; processor_2:proc|Tstep_Q~6            ; Lost fanout        ;
; Total Number of Removed Registers = 3 ;                    ;
+---------------------------------------+--------------------+


+------------------------------------------------------+
; General Register Statistics                          ;
+----------------------------------------------+-------+
; Statistic                                    ; Value ;
+----------------------------------------------+-------+
; Total registers                              ; 135   ;
; Number of registers using Synchronous Clear  ; 0     ;
; Number of registers using Synchronous Load   ; 9     ;
; Number of registers using Asynchronous Clear ; 15    ;
; Number of registers using Asynchronous Load  ; 0     ;
; Number of registers using Clock Enable       ; 126   ;
; Number of registers using Preset             ; 0     ;
+----------------------------------------------+-------+


+-------------------------------------------------------------------------------------------------------------------------------------------------------------------------------------------+
; Multiplexer Restructuring Statistics (Restructuring Performed)                                                                                                                            ;
+--------------------+-----------+---------------+----------------------+------------------------+------------+-----------------------------------------------------------------------------+
; Multiplexer Inputs ; Bus Width ; Baseline Area ; Area if Restructured ; Saving if Restructured ; Registered ; Example Multiplexer Output                                                  ;
+--------------------+-----------+---------------+----------------------+------------------------+------------+-----------------------------------------------------------------------------+
; 3:1                ; 9 bits    ; 18 LEs        ; 0 LEs                ; 18 LEs                 ; Yes        ; |processor_2_with_RAM|processor_2:proc|counter_9_bits_on_sload:counter|Q[7] ;
; 5:1                ; 7 bits    ; 21 LEs        ; 21 LEs               ; 0 LEs                  ; No         ; |processor_2_with_RAM|processor_2:proc|Mux19                                ;
; 7:1                ; 8 bits    ; 32 LEs        ; 32 LEs               ; 0 LEs                  ; No         ; |processor_2_with_RAM|processor_2:proc|Mux9                                 ;
; 7:1                ; 7 bits    ; 28 LEs        ; 21 LEs               ; 7 LEs                  ; No         ; |processor_2_with_RAM|processor_2:proc|Mux6                                 ;
; 10:1               ; 9 bits    ; 54 LEs        ; 54 LEs               ; 0 LEs                  ; No         ; |processor_2_with_RAM|processor_2:proc|mux_10_1_9_bits:mux|Selector2        ;
+--------------------+-----------+---------------+----------------------+------------------------+------------+-----------------------------------------------------------------------------+


+----------------------------------------------------------------+
; Source assignments for Top-level Entity: |processor_2_with_RAM ;
+------------------------------+-------+------+------------------+
; Assignment                   ; Value ; From ; To               ;
+------------------------------+-------+------+------------------+
; PRESERVE_REGISTER            ; on    ; -    ; Run_delay1       ;
; PRESERVE_REGISTER            ; on    ; -    ; Run_delay2       ;
; IGNORE_LCELL_BUFFERS         ; off   ; -    ; wr_en            ;
; REMOVE_REDUNDANT_LOGIC_CELLS ; off   ; -    ; wr_en            ;
; IGNORE_LCELL_BUFFERS         ; off   ; -    ; E                ;
; REMOVE_REDUNDANT_LOGIC_CELLS ; off   ; -    ; E                ;
; IGNORE_LCELL_BUFFERS         ; off   ; -    ; Run_proc         ;
; REMOVE_REDUNDANT_LOGIC_CELLS ; off   ; -    ; Run_proc         ;
; IGNORE_LCELL_BUFFERS         ; off   ; -    ; RAM_out[8]       ;
; REMOVE_REDUNDANT_LOGIC_CELLS ; off   ; -    ; RAM_out[8]       ;
; IGNORE_LCELL_BUFFERS         ; off   ; -    ; RAM_out[7]       ;
; REMOVE_REDUNDANT_LOGIC_CELLS ; off   ; -    ; RAM_out[7]       ;
; IGNORE_LCELL_BUFFERS         ; off   ; -    ; RAM_out[6]       ;
; REMOVE_REDUNDANT_LOGIC_CELLS ; off   ; -    ; RAM_out[6]       ;
; IGNORE_LCELL_BUFFERS         ; off   ; -    ; RAM_out[5]       ;
; REMOVE_REDUNDANT_LOGIC_CELLS ; off   ; -    ; RAM_out[5]       ;
; IGNORE_LCELL_BUFFERS         ; off   ; -    ; RAM_out[4]       ;
; REMOVE_REDUNDANT_LOGIC_CELLS ; off   ; -    ; RAM_out[4]       ;
; IGNORE_LCELL_BUFFERS         ; off   ; -    ; RAM_out[3]       ;
; REMOVE_REDUNDANT_LOGIC_CELLS ; off   ; -    ; RAM_out[3]       ;
; IGNORE_LCELL_BUFFERS         ; off   ; -    ; RAM_out[2]       ;
; REMOVE_REDUNDANT_LOGIC_CELLS ; off   ; -    ; RAM_out[2]       ;
; IGNORE_LCELL_BUFFERS         ; off   ; -    ; RAM_out[1]       ;
; REMOVE_REDUNDANT_LOGIC_CELLS ; off   ; -    ; RAM_out[1]       ;
; IGNORE_LCELL_BUFFERS         ; off   ; -    ; RAM_out[0]       ;
; REMOVE_REDUNDANT_LOGIC_CELLS ; off   ; -    ; RAM_out[0]       ;
; IGNORE_LCELL_BUFFERS         ; off   ; -    ; ADDR[8]          ;
; REMOVE_REDUNDANT_LOGIC_CELLS ; off   ; -    ; ADDR[8]          ;
; IGNORE_LCELL_BUFFERS         ; off   ; -    ; ADDR[7]          ;
; REMOVE_REDUNDANT_LOGIC_CELLS ; off   ; -    ; ADDR[7]          ;
; IGNORE_LCELL_BUFFERS         ; off   ; -    ; ADDR[6]          ;
; REMOVE_REDUNDANT_LOGIC_CELLS ; off   ; -    ; ADDR[6]          ;
; IGNORE_LCELL_BUFFERS         ; off   ; -    ; ADDR[5]          ;
; REMOVE_REDUNDANT_LOGIC_CELLS ; off   ; -    ; ADDR[5]          ;
; IGNORE_LCELL_BUFFERS         ; off   ; -    ; ADDR[4]          ;
; REMOVE_REDUNDANT_LOGIC_CELLS ; off   ; -    ; ADDR[4]          ;
; IGNORE_LCELL_BUFFERS         ; off   ; -    ; ADDR[3]          ;
; REMOVE_REDUNDANT_LOGIC_CELLS ; off   ; -    ; ADDR[3]          ;
; IGNORE_LCELL_BUFFERS         ; off   ; -    ; ADDR[2]          ;
; REMOVE_REDUNDANT_LOGIC_CELLS ; off   ; -    ; ADDR[2]          ;
; IGNORE_LCELL_BUFFERS         ; off   ; -    ; ADDR[1]          ;
; REMOVE_REDUNDANT_LOGIC_CELLS ; off   ; -    ; ADDR[1]          ;
; IGNORE_LCELL_BUFFERS         ; off   ; -    ; ADDR[0]          ;
; REMOVE_REDUNDANT_LOGIC_CELLS ; off   ; -    ; ADDR[0]          ;
; IGNORE_LCELL_BUFFERS         ; off   ; -    ; DOUT[8]          ;
; REMOVE_REDUNDANT_LOGIC_CELLS ; off   ; -    ; DOUT[8]          ;
; IGNORE_LCELL_BUFFERS         ; off   ; -    ; DOUT[7]          ;
; REMOVE_REDUNDANT_LOGIC_CELLS ; off   ; -    ; DOUT[7]          ;
; IGNORE_LCELL_BUFFERS         ; off   ; -    ; DOUT[6]          ;
; REMOVE_REDUNDANT_LOGIC_CELLS ; off   ; -    ; DOUT[6]          ;
; IGNORE_LCELL_BUFFERS         ; off   ; -    ; DOUT[5]          ;
; REMOVE_REDUNDANT_LOGIC_CELLS ; off   ; -    ; DOUT[5]          ;
; IGNORE_LCELL_BUFFERS         ; off   ; -    ; DOUT[4]          ;
; REMOVE_REDUNDANT_LOGIC_CELLS ; off   ; -    ; DOUT[4]          ;
; IGNORE_LCELL_BUFFERS         ; off   ; -    ; DOUT[3]          ;
; REMOVE_REDUNDANT_LOGIC_CELLS ; off   ; -    ; DOUT[3]          ;
; IGNORE_LCELL_BUFFERS         ; off   ; -    ; DOUT[2]          ;
; REMOVE_REDUNDANT_LOGIC_CELLS ; off   ; -    ; DOUT[2]          ;
; IGNORE_LCELL_BUFFERS         ; off   ; -    ; DOUT[1]          ;
; REMOVE_REDUNDANT_LOGIC_CELLS ; off   ; -    ; DOUT[1]          ;
; IGNORE_LCELL_BUFFERS         ; off   ; -    ; DOUT[0]          ;
; REMOVE_REDUNDANT_LOGIC_CELLS ; off   ; -    ; DOUT[0]          ;
; IGNORE_LCELL_BUFFERS         ; off   ; -    ; W                ;
; REMOVE_REDUNDANT_LOGIC_CELLS ; off   ; -    ; W                ;
+------------------------------+-------+------+------------------+


+----------------------------------------------------------------------------------------------------+
; Source assignments for RAM128x9:ram|altsyncram:altsyncram_component|altsyncram_4sq1:auto_generated ;
+---------------------------------+--------------------+------+--------------------------------------+
; Assignment                      ; Value              ; From ; To                                   ;
+---------------------------------+--------------------+------+--------------------------------------+
; OPTIMIZE_POWER_DURING_SYNTHESIS ; NORMAL_COMPILATION ; -    ; -                                    ;
+---------------------------------+--------------------+------+--------------------------------------+


+-----------------------------------------------------------+
; Source assignments for processor_2:proc                   ;
+------------------------------+-------+------+-------------+
; Assignment                   ; Value ; From ; To          ;
+------------------------------+-------+------+-------------+
; PRESERVE_REGISTER            ; on    ; -    ; Tstep_Q.T0  ;
; PRESERVE_REGISTER            ; on    ; -    ; Tstep_Q.T1  ;
; PRESERVE_REGISTER            ; on    ; -    ; Tstep_Q.T2  ;
; PRESERVE_REGISTER            ; on    ; -    ; Tstep_Q.T3  ;
; PRESERVE_REGISTER            ; on    ; -    ; Tstep_Q.T4  ;
; PRESERVE_REGISTER            ; on    ; -    ; Tstep_Q.T5  ;
; IGNORE_LCELL_BUFFERS         ; off   ; -    ; G_not_zero  ;
; REMOVE_REDUNDANT_LOGIC_CELLS ; off   ; -    ; G_not_zero  ;
; IGNORE_LCELL_BUFFERS         ; off   ; -    ; BusWires[8] ;
; REMOVE_REDUNDANT_LOGIC_CELLS ; off   ; -    ; BusWires[8] ;
; IGNORE_LCELL_BUFFERS         ; off   ; -    ; BusWires[7] ;
; REMOVE_REDUNDANT_LOGIC_CELLS ; off   ; -    ; BusWires[7] ;
; IGNORE_LCELL_BUFFERS         ; off   ; -    ; BusWires[6] ;
; REMOVE_REDUNDANT_LOGIC_CELLS ; off   ; -    ; BusWires[6] ;
; IGNORE_LCELL_BUFFERS         ; off   ; -    ; BusWires[5] ;
; REMOVE_REDUNDANT_LOGIC_CELLS ; off   ; -    ; BusWires[5] ;
; IGNORE_LCELL_BUFFERS         ; off   ; -    ; BusWires[4] ;
; REMOVE_REDUNDANT_LOGIC_CELLS ; off   ; -    ; BusWires[4] ;
; IGNORE_LCELL_BUFFERS         ; off   ; -    ; BusWires[3] ;
; REMOVE_REDUNDANT_LOGIC_CELLS ; off   ; -    ; BusWires[3] ;
; IGNORE_LCELL_BUFFERS         ; off   ; -    ; BusWires[2] ;
; REMOVE_REDUNDANT_LOGIC_CELLS ; off   ; -    ; BusWires[2] ;
; IGNORE_LCELL_BUFFERS         ; off   ; -    ; BusWires[1] ;
; REMOVE_REDUNDANT_LOGIC_CELLS ; off   ; -    ; BusWires[1] ;
; IGNORE_LCELL_BUFFERS         ; off   ; -    ; BusWires[0] ;
; REMOVE_REDUNDANT_LOGIC_CELLS ; off   ; -    ; BusWires[0] ;
+------------------------------+-------+------+-------------+


+-----------------------------------------------------------+
; Parameter Settings for User Entity Instance: regn:reg_LED ;
+----------------+-------+----------------------------------+
; Parameter Name ; Value ; Type                             ;
+----------------+-------+----------------------------------+
; N              ; 9     ; Signed Integer                   ;
+----------------+-------+----------------------------------+
Note: In order to hide this table in the UI and the text report file, please set the "Show Parameter Settings in Synthesis Report" option in "Analysis and Synthesis Settings -> More Settings" to "Off".


+-------------------------------------------------------------------------------------------+
; Parameter Settings for User Entity Instance: RAM128x9:ram|altsyncram:altsyncram_component ;
+------------------------------------+----------------------+-------------------------------+
; Parameter Name                     ; Value                ; Type                          ;
+------------------------------------+----------------------+-------------------------------+
; BYTE_SIZE_BLOCK                    ; 8                    ; Untyped                       ;
; AUTO_CARRY_CHAINS                  ; ON                   ; AUTO_CARRY                    ;
; IGNORE_CARRY_BUFFERS               ; OFF                  ; IGNORE_CARRY                  ;
; AUTO_CASCADE_CHAINS                ; ON                   ; AUTO_CASCADE                  ;
; IGNORE_CASCADE_BUFFERS             ; OFF                  ; IGNORE_CASCADE                ;
; WIDTH_BYTEENA                      ; 1                    ; Untyped                       ;
; OPERATION_MODE                     ; SINGLE_PORT          ; Untyped                       ;
; WIDTH_A                            ; 9                    ; Signed Integer                ;
; WIDTHAD_A                          ; 7                    ; Signed Integer                ;
; NUMWORDS_A                         ; 128                  ; Signed Integer                ;
; OUTDATA_REG_A                      ; UNREGISTERED         ; Untyped                       ;
; ADDRESS_ACLR_A                     ; NONE                 ; Untyped                       ;
; OUTDATA_ACLR_A                     ; NONE                 ; Untyped                       ;
; WRCONTROL_ACLR_A                   ; NONE                 ; Untyped                       ;
; INDATA_ACLR_A                      ; NONE                 ; Untyped                       ;
; BYTEENA_ACLR_A                     ; NONE                 ; Untyped                       ;
; WIDTH_B                            ; 1                    ; Untyped                       ;
; WIDTHAD_B                          ; 1                    ; Untyped                       ;
; NUMWORDS_B                         ; 1                    ; Untyped                       ;
; INDATA_REG_B                       ; CLOCK1               ; Untyped                       ;
; WRCONTROL_WRADDRESS_REG_B          ; CLOCK1               ; Untyped                       ;
; RDCONTROL_REG_B                    ; CLOCK1               ; Untyped                       ;
; ADDRESS_REG_B                      ; CLOCK1               ; Untyped                       ;
; OUTDATA_REG_B                      ; UNREGISTERED         ; Untyped                       ;
; BYTEENA_REG_B                      ; CLOCK1               ; Untyped                       ;
; INDATA_ACLR_B                      ; NONE                 ; Untyped                       ;
; WRCONTROL_ACLR_B                   ; NONE                 ; Untyped                       ;
; ADDRESS_ACLR_B                     ; NONE                 ; Untyped                       ;
; OUTDATA_ACLR_B                     ; NONE                 ; Untyped                       ;
; RDCONTROL_ACLR_B                   ; NONE                 ; Untyped                       ;
; BYTEENA_ACLR_B                     ; NONE                 ; Untyped                       ;
; WIDTH_BYTEENA_A                    ; 1                    ; Signed Integer                ;
; WIDTH_BYTEENA_B                    ; 1                    ; Untyped                       ;
; RAM_BLOCK_TYPE                     ; M10K                 ; Untyped                       ;
; BYTE_SIZE                          ; 8                    ; Untyped                       ;
; READ_DURING_WRITE_MODE_MIXED_PORTS ; DONT_CARE            ; Untyped                       ;
; READ_DURING_WRITE_MODE_PORT_A      ; NEW_DATA_NO_NBE_READ ; Untyped                       ;
; READ_DURING_WRITE_MODE_PORT_B      ; NEW_DATA_NO_NBE_READ ; Untyped                       ;
; INIT_FILE                          ; memory_init.mif      ; Untyped                       ;
; INIT_FILE_LAYOUT                   ; PORT_A               ; Untyped                       ;
; MAXIMUM_DEPTH                      ; 0                    ; Untyped                       ;
; CLOCK_ENABLE_INPUT_A               ; BYPASS               ; Untyped                       ;
; CLOCK_ENABLE_INPUT_B               ; NORMAL               ; Untyped                       ;
; CLOCK_ENABLE_OUTPUT_A              ; BYPASS               ; Untyped                       ;
; CLOCK_ENABLE_OUTPUT_B              ; NORMAL               ; Untyped                       ;
; CLOCK_ENABLE_CORE_A                ; USE_INPUT_CLKEN      ; Untyped                       ;
; CLOCK_ENABLE_CORE_B                ; USE_INPUT_CLKEN      ; Untyped                       ;
; ENABLE_ECC                         ; FALSE                ; Untyped                       ;
; ECC_PIPELINE_STAGE_ENABLED         ; FALSE                ; Untyped                       ;
; WIDTH_ECCSTATUS                    ; 3                    ; Untyped                       ;
; DEVICE_FAMILY                      ; Cyclone V            ; Untyped                       ;
; CBXI_PARAMETER                     ; altsyncram_4sq1      ; Untyped                       ;
+------------------------------------+----------------------+-------------------------------+
Note: In order to hide this table in the UI and the text report file, please set the "Show Parameter Settings in Synthesis Report" option in "Analysis and Synthesis Settings -> More Settings" to "Off".


+--------------------------------------------------------------------------+
; Parameter Settings for User Entity Instance: processor_2:proc|regn:reg_0 ;
+----------------+-------+-------------------------------------------------+
; Parameter Name ; Value ; Type                                            ;
+----------------+-------+-------------------------------------------------+
; N              ; 9     ; Signed Integer                                  ;
+----------------+-------+-------------------------------------------------+
Note: In order to hide this table in the UI and the text report file, please set the "Show Parameter Settings in Synthesis Report" option in "Analysis and Synthesis Settings -> More Settings" to "Off".


+--------------------------------------------------------------------------+
; Parameter Settings for User Entity Instance: processor_2:proc|regn:reg_1 ;
+----------------+-------+-------------------------------------------------+
; Parameter Name ; Value ; Type                                            ;
+----------------+-------+-------------------------------------------------+
; N              ; 9     ; Signed Integer                                  ;
+----------------+-------+-------------------------------------------------+
Note: In order to hide this table in the UI and the text report file, please set the "Show Parameter Settings in Synthesis Report" option in "Analysis and Synthesis Settings -> More Settings" to "Off".


+--------------------------------------------------------------------------+
; Parameter Settings for User Entity Instance: processor_2:proc|regn:reg_2 ;
+----------------+-------+-------------------------------------------------+
; Parameter Name ; Value ; Type                                            ;
+----------------+-------+-------------------------------------------------+
; N              ; 9     ; Signed Integer                                  ;
+----------------+-------+-------------------------------------------------+
Note: In order to hide this table in the UI and the text report file, please set the "Show Parameter Settings in Synthesis Report" option in "Analysis and Synthesis Settings -> More Settings" to "Off".


+--------------------------------------------------------------------------+
; Parameter Settings for User Entity Instance: processor_2:proc|regn:reg_3 ;
+----------------+-------+-------------------------------------------------+
; Parameter Name ; Value ; Type                                            ;
+----------------+-------+-------------------------------------------------+
; N              ; 9     ; Signed Integer                                  ;
+----------------+-------+-------------------------------------------------+
Note: In order to hide this table in the UI and the text report file, please set the "Show Parameter Settings in Synthesis Report" option in "Analysis and Synthesis Settings -> More Settings" to "Off".


+--------------------------------------------------------------------------+
; Parameter Settings for User Entity Instance: processor_2:proc|regn:reg_4 ;
+----------------+-------+-------------------------------------------------+
; Parameter Name ; Value ; Type                                            ;
+----------------+-------+-------------------------------------------------+
; N              ; 9     ; Signed Integer                                  ;
+----------------+-------+-------------------------------------------------+
Note: In order to hide this table in the UI and the text report file, please set the "Show Parameter Settings in Synthesis Report" option in "Analysis and Synthesis Settings -> More Settings" to "Off".


+--------------------------------------------------------------------------+
; Parameter Settings for User Entity Instance: processor_2:proc|regn:reg_5 ;
+----------------+-------+-------------------------------------------------+
; Parameter Name ; Value ; Type                                            ;
+----------------+-------+-------------------------------------------------+
; N              ; 9     ; Signed Integer                                  ;
+----------------+-------+-------------------------------------------------+
Note: In order to hide this table in the UI and the text report file, please set the "Show Parameter Settings in Synthesis Report" option in "Analysis and Synthesis Settings -> More Settings" to "Off".


+--------------------------------------------------------------------------+
; Parameter Settings for User Entity Instance: processor_2:proc|regn:reg_6 ;
+----------------+-------+-------------------------------------------------+
; Parameter Name ; Value ; Type                                            ;
+----------------+-------+-------------------------------------------------+
; N              ; 9     ; Signed Integer                                  ;
+----------------+-------+-------------------------------------------------+
Note: In order to hide this table in the UI and the text report file, please set the "Show Parameter Settings in Synthesis Report" option in "Analysis and Synthesis Settings -> More Settings" to "Off".


+--------------------------------------------------------------------------+
; Parameter Settings for User Entity Instance: processor_2:proc|regn:reg_A ;
+----------------+-------+-------------------------------------------------+
; Parameter Name ; Value ; Type                                            ;
+----------------+-------+-------------------------------------------------+
; N              ; 9     ; Signed Integer                                  ;
+----------------+-------+-------------------------------------------------+
Note: In order to hide this table in the UI and the text report file, please set the "Show Parameter Settings in Synthesis Report" option in "Analysis and Synthesis Settings -> More Settings" to "Off".


+--------------------------------------------------------------------------+
; Parameter Settings for User Entity Instance: processor_2:proc|regn:reg_G ;
+----------------+-------+-------------------------------------------------+
; Parameter Name ; Value ; Type                                            ;
+----------------+-------+-------------------------------------------------+
; N              ; 9     ; Signed Integer                                  ;
+----------------+-------+-------------------------------------------------+
Note: In order to hide this table in the UI and the text report file, please set the "Show Parameter Settings in Synthesis Report" option in "Analysis and Synthesis Settings -> More Settings" to "Off".


+---------------------------------------------------------------------------+
; Parameter Settings for User Entity Instance: processor_2:proc|regn:reg_IR ;
+----------------+-------+--------------------------------------------------+
; Parameter Name ; Value ; Type                                             ;
+----------------+-------+--------------------------------------------------+
; N              ; 9     ; Signed Integer                                   ;
+----------------+-------+--------------------------------------------------+
Note: In order to hide this table in the UI and the text report file, please set the "Show Parameter Settings in Synthesis Report" option in "Analysis and Synthesis Settings -> More Settings" to "Off".


+-----------------------------------------------------------------------------+
; Parameter Settings for User Entity Instance: processor_2:proc|regn:reg_ADDR ;
+----------------+-------+----------------------------------------------------+
; Parameter Name ; Value ; Type                                               ;
+----------------+-------+----------------------------------------------------+
; N              ; 9     ; Signed Integer                                     ;
+----------------+-------+----------------------------------------------------+
Note: In order to hide this table in the UI and the text report file, please set the "Show Parameter Settings in Synthesis Report" option in "Analysis and Synthesis Settings -> More Settings" to "Off".


+-----------------------------------------------------------------------------+
; Parameter Settings for User Entity Instance: processor_2:proc|regn:reg_DOUT ;
+----------------+-------+----------------------------------------------------+
; Parameter Name ; Value ; Type                                               ;
+----------------+-------+----------------------------------------------------+
; N              ; 9     ; Signed Integer                                     ;
+----------------+-------+----------------------------------------------------+
Note: In order to hide this table in the UI and the text report file, please set the "Show Parameter Settings in Synthesis Report" option in "Analysis and Synthesis Settings -> More Settings" to "Off".


+--------------------------------------------------------------------------+
; Parameter Settings for User Entity Instance: processor_2:proc|regn:reg_W ;
+----------------+-------+-------------------------------------------------+
; Parameter Name ; Value ; Type                                            ;
+----------------+-------+-------------------------------------------------+
; N              ; 1     ; Signed Integer                                  ;
+----------------+-------+-------------------------------------------------+
Note: In order to hide this table in the UI and the text report file, please set the "Show Parameter Settings in Synthesis Report" option in "Analysis and Synthesis Settings -> More Settings" to "Off".


+-------------------------------------------------------------------------------------------------+
; Parameter Settings for User Entity Instance: processor_2:proc|ripple_carry_adder_subtractor:alu ;
+----------------+-------+------------------------------------------------------------------------+
; Parameter Name ; Value ; Type                                                                   ;
+----------------+-------+------------------------------------------------------------------------+
; N              ; 9     ; Signed Integer                                                         ;
+----------------+-------+------------------------------------------------------------------------+
Note: In order to hide this table in the UI and the text report file, please set the "Show Parameter Settings in Synthesis Report" option in "Analysis and Synthesis Settings -> More Settings" to "Off".


+------------------------------------------------------------------------------------------+
; altsyncram Parameter Settings by Entity Instance                                         ;
+-------------------------------------------+----------------------------------------------+
; Name                                      ; Value                                        ;
+-------------------------------------------+----------------------------------------------+
; Number of entity instances                ; 1                                            ;
; Entity Instance                           ; RAM128x9:ram|altsyncram:altsyncram_component ;
;     -- OPERATION_MODE                     ; SINGLE_PORT                                  ;
;     -- WIDTH_A                            ; 9                                            ;
;     -- NUMWORDS_A                         ; 128                                          ;
;     -- OUTDATA_REG_A                      ; UNREGISTERED                                 ;
;     -- WIDTH_B                            ; 1                                            ;
;     -- NUMWORDS_B                         ; 1                                            ;
;     -- ADDRESS_REG_B                      ; CLOCK1                                       ;
;     -- OUTDATA_REG_B                      ; UNREGISTERED                                 ;
;     -- RAM_BLOCK_TYPE                     ; M10K                                         ;
;     -- READ_DURING_WRITE_MODE_MIXED_PORTS ; DONT_CARE                                    ;
+-------------------------------------------+----------------------------------------------+


+-------------------------------------------------------------------------------------------------------------------------------------+
; Port Connectivity Checks: "processor_2:proc|ripple_carry_adder_subtractor:alu"                                                      ;
+------+--------+----------+----------------------------------------------------------------------------------------------------------+
; Port ; Type   ; Severity ; Details                                                                                                  ;
+------+--------+----------+----------------------------------------------------------------------------------------------------------+
; cout ; Output ; Warning  ; Declared by entity but not connected by instance. Logic that only feeds a dangling port will be removed. ;
+------+--------+----------+----------------------------------------------------------------------------------------------------------+


+---------------------------------------------------------+
; Port Connectivity Checks: "processor_2:proc|regn:reg_W" ;
+------+-------+----------+-------------------------------+
; Port ; Type  ; Severity ; Details                       ;
+------+-------+----------+-------------------------------+
; ena  ; Input ; Info     ; Stuck at VCC                  ;
+------+-------+----------+-------------------------------+


+-----------------------------------------------------------+
; Port Connectivity Checks: "processor_2:proc|dec3to8:decY" ;
+------+-------+----------+---------------------------------+
; Port ; Type  ; Severity ; Details                         ;
+------+-------+----------+---------------------------------+
; En   ; Input ; Info     ; Stuck at VCC                    ;
+------+-------+----------+---------------------------------+


+-----------------------------------------------------------+
; Port Connectivity Checks: "processor_2:proc|dec3to8:decX" ;
+------+-------+----------+---------------------------------+
; Port ; Type  ; Severity ; Details                         ;
+------+-------+----------+---------------------------------+
; En   ; Input ; Info     ; Stuck at VCC                    ;
+------+-------+----------+---------------------------------+


+-----------------------------------------------------+
; Post-Synthesis Netlist Statistics for Top Partition ;
+-----------------------+-----------------------------+
; Type                  ; Count                       ;
+-----------------------+-----------------------------+
; arriav_ff             ; 135                         ;
;     CLR               ; 6                           ;
;     ENA               ; 117                         ;
;     ENA CLR SLD       ; 9                           ;
;     plain             ; 3                           ;
; arriav_lcell_comb     ; 187                         ;
;     arith             ; 9                           ;
;         1 data inputs ; 9                           ;
;     normal            ; 178                         ;
;         1 data inputs ; 29                          ;
;         2 data inputs ; 19                          ;
;         3 data inputs ; 17                          ;
;         4 data inputs ; 17                          ;
;         5 data inputs ; 20                          ;
;         6 data inputs ; 76                          ;
; boundary_port         ; 13                          ;
; stratixv_ram_block    ; 9                           ;
;                       ;                             ;
; Max LUT depth         ; 12.00                       ;
; Average LUT depth     ; 6.43                        ;
+-----------------------+-----------------------------+


+-------------------------------+
; Elapsed Time Per Partition    ;
+----------------+--------------+
; Partition Name ; Elapsed Time ;
+----------------+--------------+
; Top            ; 00:00:00     ;
+----------------+--------------+


+-------------------------------+
; Analysis & Synthesis Messages ;
+-------------------------------+
Info: *******************************************************************
Info: Running Quartus Prime Analysis & Synthesis
    Info: Version 18.0.0 Build 614 04/24/2018 SJ Lite Edition
    Info: Processing started: Tue Jun 18 09:36:45 2024
Info: Command: quartus_map --read_settings_files=on --write_settings_files=off processor_2_with_RAM -c processor_2_with_RAM
Warning (18236): Number of processors has not been specified which may cause overloading on shared machines.  Set the global assignment NUM_PARALLEL_PROCESSORS in your QSF to an appropriate value for best performance.
Info (20030): Parallel compilation is enabled and will use 8 of the 8 processors detected
Info (12021): Found 1 design units, including 1 entities, in source file /users/mateusz/desktop/systemy wbudowane/lab 8/zadanie 1/full_adder/full_adder.v
    Info (12023): Found entity 1: full_adder File: C:/Users/Mateusz/Desktop/Systemy wbudowane/LAB 8/Zadanie 1/full_adder/full_adder.v Line: 1
Info (12021): Found 1 design units, including 1 entities, in source file /users/mateusz/desktop/systemy wbudowane/lab 8/zadanie 2/ripple_carry_adder_subtractor/ripple_carry_adder_subtractor.v
    Info (12023): Found entity 1: ripple_carry_adder_subtractor File: C:/Users/Mateusz/Desktop/Systemy wbudowane/LAB 8/Zadanie 2/ripple_carry_adder_subtractor/ripple_carry_adder_subtractor.v Line: 1
Info (12021): Found 1 design units, including 1 entities, in source file /users/mateusz/desktop/systemy wbudowane/lab 11/zadanie 1/regn/regn.v
    Info (12023): Found entity 1: regn File: C:/Users/Mateusz/Desktop/Systemy wbudowane/LAB 11/Zadanie 1/regn/regn.v Line: 1
Info (12021): Found 1 design units, including 1 entities, in source file /users/mateusz/desktop/systemy wbudowane/lab 11/zadanie 1/dec3to8/dec3to8.v
    Info (12023): Found entity 1: dec3to8 File: C:/Users/Mateusz/Desktop/Systemy wbudowane/LAB 11/Zadanie 1/dec3to8/dec3to8.v Line: 1
Info (12021): Found 1 design units, including 1 entities, in source file /users/mateusz/desktop/systemy wbudowane/lab 11/zadanie 1/mux_10_1_9_bits/mux_10_1_9_bits.v
    Info (12023): Found entity 1: mux_10_1_9_bits File: C:/Users/Mateusz/Desktop/Systemy wbudowane/LAB 11/Zadanie 1/mux_10_1_9_bits/mux_10_1_9_bits.v Line: 1
Info (12021): Found 1 design units, including 1 entities, in source file /users/mateusz/desktop/systemy wbudowane/lab 12/zadanie 1/counter_9_bits_on_sload/counter_9_bits_on_sload.v
    Info (12023): Found entity 1: counter_9_bits_on_sload File: C:/Users/Mateusz/Desktop/Systemy wbudowane/LAB 12/Zadanie 1/counter_9_bits_on_sload/counter_9_bits_on_sload.v Line: 1
Info (12021): Found 1 design units, including 1 entities, in source file /users/mateusz/desktop/systemy wbudowane/lab 12/zadanie 1/processor_2/processor_2.v
    Info (12023): Found entity 1: processor_2 File: C:/Users/Mateusz/Desktop/Systemy wbudowane/LAB 12/Zadanie 1/processor_2/processor_2.v Line: 1
Info (12021): Found 1 design units, including 1 entities, in source file processor_2_with_ram.v
    Info (12023): Found entity 1: processor_2_with_RAM File: C:/Users/Mateusz/Desktop/Systemy wbudowane/LAB 12/Zadanie 2/processor_2_with_RAM/processor_2_with_RAM.v Line: 1
Info (12127): Elaborating entity "processor_2_with_RAM" for the top level hierarchy
Info (12128): Elaborating entity "regn" for hierarchy "regn:reg_LED" File: C:/Users/Mateusz/Desktop/Systemy wbudowane/LAB 12/Zadanie 2/processor_2_with_RAM/processor_2_with_RAM.v Line: 11
Warning (12125): Using design file ram128x9.v, which is not specified as a design file for the current project, but contains definitions for 1 design units and 1 entities in project
    Info (12023): Found entity 1: RAM128x9 File: C:/Users/Mateusz/Desktop/Systemy wbudowane/LAB 12/Zadanie 2/processor_2_with_RAM/ram128x9.v Line: 39
Info (12128): Elaborating entity "RAM128x9" for hierarchy "RAM128x9:ram" File: C:/Users/Mateusz/Desktop/Systemy wbudowane/LAB 12/Zadanie 2/processor_2_with_RAM/processor_2_with_RAM.v Line: 12
Info (12128): Elaborating entity "altsyncram" for hierarchy "RAM128x9:ram|altsyncram:altsyncram_component" File: C:/Users/Mateusz/Desktop/Systemy wbudowane/LAB 12/Zadanie 2/processor_2_with_RAM/ram128x9.v Line: 85
Info (12130): Elaborated megafunction instantiation "RAM128x9:ram|altsyncram:altsyncram_component" File: C:/Users/Mateusz/Desktop/Systemy wbudowane/LAB 12/Zadanie 2/processor_2_with_RAM/ram128x9.v Line: 85
Info (12133): Instantiated megafunction "RAM128x9:ram|altsyncram:altsyncram_component" with the following parameter: File: C:/Users/Mateusz/Desktop/Systemy wbudowane/LAB 12/Zadanie 2/processor_2_with_RAM/ram128x9.v Line: 85
    Info (12134): Parameter "clock_enable_input_a" = "BYPASS"
    Info (12134): Parameter "clock_enable_output_a" = "BYPASS"
    Info (12134): Parameter "init_file" = "memory_init.mif"
    Info (12134): Parameter "intended_device_family" = "Cyclone V"
    Info (12134): Parameter "lpm_hint" = "ENABLE_RUNTIME_MOD=NO"
    Info (12134): Parameter "lpm_type" = "altsyncram"
    Info (12134): Parameter "numwords_a" = "128"
    Info (12134): Parameter "operation_mode" = "SINGLE_PORT"
    Info (12134): Parameter "outdata_aclr_a" = "NONE"
    Info (12134): Parameter "outdata_reg_a" = "UNREGISTERED"
    Info (12134): Parameter "power_up_uninitialized" = "FALSE"
    Info (12134): Parameter "ram_block_type" = "M10K"
    Info (12134): Parameter "read_during_write_mode_port_a" = "NEW_DATA_NO_NBE_READ"
    Info (12134): Parameter "widthad_a" = "7"
    Info (12134): Parameter "width_a" = "9"
    Info (12134): Parameter "width_byteena_a" = "1"
Info (12021): Found 1 design units, including 1 entities, in source file db/altsyncram_4sq1.tdf
    Info (12023): Found entity 1: altsyncram_4sq1 File: C:/Users/Mateusz/Desktop/Systemy wbudowane/LAB 12/Zadanie 2/processor_2_with_RAM/db/altsyncram_4sq1.tdf Line: 27
Info (12128): Elaborating entity "altsyncram_4sq1" for hierarchy "RAM128x9:ram|altsyncram:altsyncram_component|altsyncram_4sq1:auto_generated" File: c:/intelfpga_lite/18.0/quartus/libraries/megafunctions/altsyncram.tdf Line: 791
Info (12128): Elaborating entity "processor_2" for hierarchy "processor_2:proc" File: C:/Users/Mateusz/Desktop/Systemy wbudowane/LAB 12/Zadanie 2/processor_2_with_RAM/processor_2_with_RAM.v Line: 24
Warning (10235): Verilog HDL Always Construct warning at processor_2.v(107): variable "G_not_zero" is read inside the Always Construct but isn't in the Always Construct's Event Control File: C:/Users/Mateusz/Desktop/Systemy wbudowane/LAB 12/Zadanie 1/processor_2/processor_2.v Line: 107
Warning (10270): Verilog HDL Case Statement warning at processor_2.v(86): incomplete case statement has no default case item File: C:/Users/Mateusz/Desktop/Systemy wbudowane/LAB 12/Zadanie 1/processor_2/processor_2.v Line: 86
Warning (10270): Verilog HDL Case Statement warning at processor_2.v(114): incomplete case statement has no default case item File: C:/Users/Mateusz/Desktop/Systemy wbudowane/LAB 12/Zadanie 1/processor_2/processor_2.v Line: 114
Warning (10270): Verilog HDL Case Statement warning at processor_2.v(132): incomplete case statement has no default case item File: C:/Users/Mateusz/Desktop/Systemy wbudowane/LAB 12/Zadanie 1/processor_2/processor_2.v Line: 132
Info (12128): Elaborating entity "dec3to8" for hierarchy "processor_2:proc|dec3to8:decX" File: C:/Users/Mateusz/Desktop/Systemy wbudowane/LAB 12/Zadanie 1/processor_2/processor_2.v Line: 35
Info (12128): Elaborating entity "counter_9_bits_on_sload" for hierarchy "processor_2:proc|counter_9_bits_on_sload:counter" File: C:/Users/Mateusz/Desktop/Systemy wbudowane/LAB 12/Zadanie 1/processor_2/processor_2.v Line: 161
Info (12128): Elaborating entity "regn" for hierarchy "processor_2:proc|regn:reg_W" File: C:/Users/Mateusz/Desktop/Systemy wbudowane/LAB 12/Zadanie 1/processor_2/processor_2.v Line: 167
Info (12128): Elaborating entity "ripple_carry_adder_subtractor" for hierarchy "processor_2:proc|ripple_carry_adder_subtractor:alu" File: C:/Users/Mateusz/Desktop/Systemy wbudowane/LAB 12/Zadanie 1/processor_2/processor_2.v Line: 170
Info (12128): Elaborating entity "full_adder" for hierarchy "processor_2:proc|ripple_carry_adder_subtractor:alu|full_adder:add_or_sub[0].FA" File: C:/Users/Mateusz/Desktop/Systemy wbudowane/LAB 8/Zadanie 2/ripple_carry_adder_subtractor/ripple_carry_adder_subtractor.v Line: 15
Info (12128): Elaborating entity "mux_10_1_9_bits" for hierarchy "processor_2:proc|mux_10_1_9_bits:mux" File: C:/Users/Mateusz/Desktop/Systemy wbudowane/LAB 12/Zadanie 1/processor_2/processor_2.v Line: 174
Info (10264): Verilog HDL Case Statement information at mux_10_1_9_bits.v(5): all case item expressions in this case statement are onehot File: C:/Users/Mateusz/Desktop/Systemy wbudowane/LAB 11/Zadanie 1/mux_10_1_9_bits/mux_10_1_9_bits.v Line: 5
Warning (12241): 1 hierarchies have connectivity warnings - see the Connectivity Checks report folder
Info (286030): Timing-Driven Synthesis is running
Info (17049): 3 registers lost all their fanouts during netlist optimizations.
Info (17016): Found the following redundant logic cells in design
    Info (17048): Logic cell "DOUT[0]" File: C:/Users/Mateusz/Desktop/Systemy wbudowane/LAB 12/Zadanie 2/processor_2_with_RAM/processor_2_with_RAM.v Line: 5
    Info (17048): Logic cell "DOUT[1]" File: C:/Users/Mateusz/Desktop/Systemy wbudowane/LAB 12/Zadanie 2/processor_2_with_RAM/processor_2_with_RAM.v Line: 5
    Info (17048): Logic cell "DOUT[2]" File: C:/Users/Mateusz/Desktop/Systemy wbudowane/LAB 12/Zadanie 2/processor_2_with_RAM/processor_2_with_RAM.v Line: 5
    Info (17048): Logic cell "DOUT[3]" File: C:/Users/Mateusz/Desktop/Systemy wbudowane/LAB 12/Zadanie 2/processor_2_with_RAM/processor_2_with_RAM.v Line: 5
    Info (17048): Logic cell "DOUT[4]" File: C:/Users/Mateusz/Desktop/Systemy wbudowane/LAB 12/Zadanie 2/processor_2_with_RAM/processor_2_with_RAM.v Line: 5
    Info (17048): Logic cell "DOUT[5]" File: C:/Users/Mateusz/Desktop/Systemy wbudowane/LAB 12/Zadanie 2/processor_2_with_RAM/processor_2_with_RAM.v Line: 5
    Info (17048): Logic cell "DOUT[6]" File: C:/Users/Mateusz/Desktop/Systemy wbudowane/LAB 12/Zadanie 2/processor_2_with_RAM/processor_2_with_RAM.v Line: 5
    Info (17048): Logic cell "DOUT[7]" File: C:/Users/Mateusz/Desktop/Systemy wbudowane/LAB 12/Zadanie 2/processor_2_with_RAM/processor_2_with_RAM.v Line: 5
    Info (17048): Logic cell "DOUT[8]" File: C:/Users/Mateusz/Desktop/Systemy wbudowane/LAB 12/Zadanie 2/processor_2_with_RAM/processor_2_with_RAM.v Line: 5
    Info (17048): Logic cell "RAM_out[8]" File: C:/Users/Mateusz/Desktop/Systemy wbudowane/LAB 12/Zadanie 2/processor_2_with_RAM/processor_2_with_RAM.v Line: 5
    Info (17048): Logic cell "RAM_out[6]" File: C:/Users/Mateusz/Desktop/Systemy wbudowane/LAB 12/Zadanie 2/processor_2_with_RAM/processor_2_with_RAM.v Line: 5
    Info (17048): Logic cell "RAM_out[7]" File: C:/Users/Mateusz/Desktop/Systemy wbudowane/LAB 12/Zadanie 2/processor_2_with_RAM/processor_2_with_RAM.v Line: 5
    Info (17048): Logic cell "ADDR[7]" File: C:/Users/Mateusz/Desktop/Systemy wbudowane/LAB 12/Zadanie 2/processor_2_with_RAM/processor_2_with_RAM.v Line: 5
    Info (17048): Logic cell "ADDR[8]" File: C:/Users/Mateusz/Desktop/Systemy wbudowane/LAB 12/Zadanie 2/processor_2_with_RAM/processor_2_with_RAM.v Line: 5
    Info (17048): Logic cell "W" File: C:/Users/Mateusz/Desktop/Systemy wbudowane/LAB 12/Zadanie 2/processor_2_with_RAM/processor_2_with_RAM.v Line: 6
    Info (17048): Logic cell "ADDR[0]" File: C:/Users/Mateusz/Desktop/Systemy wbudowane/LAB 12/Zadanie 2/processor_2_with_RAM/processor_2_with_RAM.v Line: 5
    Info (17048): Logic cell "ADDR[1]" File: C:/Users/Mateusz/Desktop/Systemy wbudowane/LAB 12/Zadanie 2/processor_2_with_RAM/processor_2_with_RAM.v Line: 5
    Info (17048): Logic cell "ADDR[2]" File: C:/Users/Mateusz/Desktop/Systemy wbudowane/LAB 12/Zadanie 2/processor_2_with_RAM/processor_2_with_RAM.v Line: 5
    Info (17048): Logic cell "ADDR[3]" File: C:/Users/Mateusz/Desktop/Systemy wbudowane/LAB 12/Zadanie 2/processor_2_with_RAM/processor_2_with_RAM.v Line: 5
    Info (17048): Logic cell "ADDR[4]" File: C:/Users/Mateusz/Desktop/Systemy wbudowane/LAB 12/Zadanie 2/processor_2_with_RAM/processor_2_with_RAM.v Line: 5
    Info (17048): Logic cell "ADDR[5]" File: C:/Users/Mateusz/Desktop/Systemy wbudowane/LAB 12/Zadanie 2/processor_2_with_RAM/processor_2_with_RAM.v Line: 5
    Info (17048): Logic cell "ADDR[6]" File: C:/Users/Mateusz/Desktop/Systemy wbudowane/LAB 12/Zadanie 2/processor_2_with_RAM/processor_2_with_RAM.v Line: 5
    Info (17048): Logic cell "Run_proc" File: C:/Users/Mateusz/Desktop/Systemy wbudowane/LAB 12/Zadanie 2/processor_2_with_RAM/processor_2_with_RAM.v Line: 22
    Info (17048): Logic cell "RAM_out[0]" File: C:/Users/Mateusz/Desktop/Systemy wbudowane/LAB 12/Zadanie 2/processor_2_with_RAM/processor_2_with_RAM.v Line: 5
    Info (17048): Logic cell "RAM_out[1]" File: C:/Users/Mateusz/Desktop/Systemy wbudowane/LAB 12/Zadanie 2/processor_2_with_RAM/processor_2_with_RAM.v Line: 5
    Info (17048): Logic cell "RAM_out[2]" File: C:/Users/Mateusz/Desktop/Systemy wbudowane/LAB 12/Zadanie 2/processor_2_with_RAM/processor_2_with_RAM.v Line: 5
    Info (17048): Logic cell "RAM_out[3]" File: C:/Users/Mateusz/Desktop/Systemy wbudowane/LAB 12/Zadanie 2/processor_2_with_RAM/processor_2_with_RAM.v Line: 5
    Info (17048): Logic cell "RAM_out[4]" File: C:/Users/Mateusz/Desktop/Systemy wbudowane/LAB 12/Zadanie 2/processor_2_with_RAM/processor_2_with_RAM.v Line: 5
    Info (17048): Logic cell "RAM_out[5]" File: C:/Users/Mateusz/Desktop/Systemy wbudowane/LAB 12/Zadanie 2/processor_2_with_RAM/processor_2_with_RAM.v Line: 5
Info (144001): Generated suppressed messages file C:/Users/Mateusz/Desktop/Systemy wbudowane/LAB 12/Zadanie 2/processor_2_with_RAM/output_files/processor_2_with_RAM.map.smsg
Info (16010): Generating hard_block partition "hard_block:auto_generated_inst"
    Info (16011): Adding 0 node(s), including 0 DDIO, 0 PLL, 0 transceiver and 0 LCELL
Info (21057): Implemented 322 device resources after synthesis - the final resource count might be different
    Info (21058): Implemented 3 input pins
    Info (21059): Implemented 10 output pins
    Info (21061): Implemented 300 logic cells
    Info (21064): Implemented 9 RAM segments
Info: Quartus Prime Analysis & Synthesis was successful. 0 errors, 7 warnings
    Info: Peak virtual memory: 4873 megabytes
    Info: Processing ended: Tue Jun 18 09:36:57 2024
    Info: Elapsed time: 00:00:12
    Info: Total CPU time (on all processors): 00:00:25


+------------------------------------------+
; Analysis & Synthesis Suppressed Messages ;
+------------------------------------------+
The suppressed messages can be found in C:/Users/Mateusz/Desktop/Systemy wbudowane/LAB 12/Zadanie 2/processor_2_with_RAM/output_files/processor_2_with_RAM.map.smsg.


