Flow report for counter_mod_M
Wed Apr 10 19:12:10 2024
Quartus Prime Version 18.0.0 Build 614 04/24/2018 SJ Lite Edition


---------------------
; Table of Contents ;
---------------------
  1. Legal Notice
  2. Flow Summary
  3. Flow Settings
  4. Flow Non-Default Global Settings
  5. Flow Elapsed Time
  6. Flow OS Summary
  7. Flow Log
  8. Flow Messages
  9. Flow Suppressed Messages



----------------
; Legal Notice ;
----------------
Copyright (C) 2018  Intel Corporation. All rights reserved.
Your use of Intel Corporation's design tools, logic functions 
and other software and tools, and its AMPP partner logic 
functions, and any output files from any of the foregoing 
(including device programming or simulation files), and any 
associated documentation or information are expressly subject 
to the terms and conditions of the Intel Program License 
Subscription Agreement, the Intel Quartus Prime License Agreement,
the Intel FPGA IP License Agreement, or other applicable license
agreement, including, without limitation, that your use is for
the sole purpose of programming logic devices manufactured by
Intel and sold by Intel or its authorized distributors.  Please
refer to the applicable agreement for further details.



+-------------------------------------------------------------------------------+
; Flow Summary                                                                  ;
+---------------------------------+---------------------------------------------+
; Flow Status                     ; Successful - Wed Apr 10 19:12:09 2024       ;
; Quartus Prime Version           ; 18.0.0 Build 614 04/24/2018 SJ Lite Edition ;
; Revision Name                   ; counter_mod_M                               ;
; Top-level Entity Name           ; counter_mod_M                               ;
; Family                          ; Cyclone V                                   ;
; Device                          ; 5CSEMA5F31C6                                ;
; Timing Models                   ; Final                                       ;
; Logic utilization (in ALMs)     ; 3 / 32,070 ( < 1 % )                        ;
; Total registers                 ; 4                                           ;
; Total pins                      ; 7 / 457 ( 2 % )                             ;
; Total virtual pins              ; 0                                           ;
; Total block memory bits         ; 0 / 4,065,280 ( 0 % )                       ;
; Total DSP Blocks                ; 0 / 87 ( 0 % )                              ;
; Total HSSI RX PCSs              ; 0                                           ;
; Total HSSI PMA RX Deserializers ; 0                                           ;
; Total HSSI TX PCSs              ; 0                                           ;
; Total HSSI PMA TX Serializers   ; 0                                           ;
; Total PLLs                      ; 0 / 6 ( 0 % )                               ;
; Total DLLs                      ; 0 / 4 ( 0 % )                               ;
+---------------------------------+---------------------------------------------+


+-----------------------------------------+
; Flow Settings                           ;
+-------------------+---------------------+
; Option            ; Setting             ;
+-------------------+---------------------+
; Start date & time ; 04/09/2024 17:51:40 ;
; Main task         ; Compilation         ;
; Revision Name     ; counter_mod_M       ;
+-------------------+---------------------+


+-------------------------------------------------------------------------------------------------------------------------+
; Flow Non-Default Global Settings                                                                                        ;
+-------------------------------------+----------------------------------------+---------------+-------------+------------+
; Assignment Name                     ; Value                                  ; Default Value ; Entity Name ; Section Id ;
+-------------------------------------+----------------------------------------+---------------+-------------+------------+
; COMPILER_SIGNATURE_ID               ; 145862339874939.171267790005464        ; --            ; --          ; --         ;
; PARTITION_COLOR                     ; -- (Not supported for targeted family) ; --            ; --          ; Top        ;
; PARTITION_FITTER_PRESERVATION_LEVEL ; -- (Not supported for targeted family) ; --            ; --          ; Top        ;
; PARTITION_NETLIST_TYPE              ; -- (Not supported for targeted family) ; --            ; --          ; Top        ;
; PROJECT_OUTPUT_DIRECTORY            ; output_files                           ; --            ; --          ; --         ;
+-------------------------------------+----------------------------------------+---------------+-------------+------------+


+--------------------------------------------------------------------------------------------------------------------------+
; Flow Elapsed Time                                                                                                        ;
+----------------------+--------------+-------------------------+---------------------+------------------------------------+
; Module Name          ; Elapsed Time ; Average Processors Used ; Peak Virtual Memory ; Total CPU Time (on all processors) ;
+----------------------+--------------+-------------------------+---------------------+------------------------------------+
; Analysis & Synthesis ; 00:00:11     ; 1.0                     ; 4866 MB             ; 00:00:23                           ;
; Fitter               ; 00:00:52     ; 1.0                     ; 6972 MB             ; 00:04:01                           ;
; Assembler            ; 00:00:06     ; 1.0                     ; 4830 MB             ; 00:00:06                           ;
; Timing Analyzer      ; 00:00:05     ; 1.0                     ; 5152 MB             ; 00:00:05                           ;
; EDA Netlist Writer   ; 00:00:01     ; 1.0                     ; 4704 MB             ; 00:00:01                           ;
; EDA Netlist Writer   ; 00:00:02     ; 1.0                     ; 4713 MB             ; 00:00:01                           ;
; EDA Netlist Writer   ; 00:00:01     ; 1.0                     ; 4704 MB             ; 00:00:01                           ;
; EDA Netlist Writer   ; 00:00:02     ; 1.0                     ; 4713 MB             ; 00:00:01                           ;
; EDA Netlist Writer   ; 00:00:00     ; 1.0                     ; 4704 MB             ; 00:00:01                           ;
; EDA Netlist Writer   ; 00:00:00     ; 1.0                     ; 4714 MB             ; 00:00:01                           ;
; Total                ; 00:01:20     ; --                      ; --                  ; 00:04:41                           ;
+----------------------+--------------+-------------------------+---------------------+------------------------------------+


+------------------------------------------------------------------------------------+
; Flow OS Summary                                                                    ;
+----------------------+------------------+------------+------------+----------------+
; Module Name          ; Machine Hostname ; OS Name    ; OS Version ; Processor type ;
+----------------------+------------------+------------+------------+----------------+
; Analysis & Synthesis ; DESKTOP-PSKRIS3  ; Windows 10 ; 10.0       ; x86_64         ;
; Fitter               ; DESKTOP-PSKRIS3  ; Windows 10 ; 10.0       ; x86_64         ;
; Assembler            ; DESKTOP-PSKRIS3  ; Windows 10 ; 10.0       ; x86_64         ;
; Timing Analyzer      ; DESKTOP-PSKRIS3  ; Windows 10 ; 10.0       ; x86_64         ;
; EDA Netlist Writer   ; DESKTOP-PSKRIS3  ; Windows 10 ; 10.0       ; x86_64         ;
; EDA Netlist Writer   ; DESKTOP-PSKRIS3  ; Windows 10 ; 10.0       ; x86_64         ;
; EDA Netlist Writer   ; DESKTOP-PSKRIS3  ; Windows 10 ; 10.0       ; x86_64         ;
; EDA Netlist Writer   ; DESKTOP-PSKRIS3  ; Windows 10 ; 10.0       ; x86_64         ;
; EDA Netlist Writer   ; DESKTOP-PSKRIS3  ; Windows 10 ; 10.0       ; x86_64         ;
; EDA Netlist Writer   ; DESKTOP-PSKRIS3  ; Windows 10 ; 10.0       ; x86_64         ;
+----------------------+------------------+------------+------------+----------------+


------------
; Flow Log ;
------------
quartus_map --read_settings_files=on --write_settings_files=off counter_mod_M -c counter_mod_M
quartus_fit --read_settings_files=off --write_settings_files=off counter_mod_M -c counter_mod_M
quartus_asm --read_settings_files=off --write_settings_files=off counter_mod_M -c counter_mod_M
quartus_sta counter_mod_M -c counter_mod_M
quartus_eda --gen_testbench --tool=modelsim_oem --format=verilog --write_settings_files=off counter_mod_M -c counter_mod_M --vector_source="C:/Users/Mateusz/Desktop/Systemy wbudowane/LAB 6/Zadanie 3/counter_mod_M/Waveform.vwf" --testbench_file="C:/Users/Mateusz/Desktop/Systemy wbudowane/LAB 6/Zadanie 3/counter_mod_M/simulation/qsim/Waveform.vwf.vt"
quartus_eda --write_settings_files=off --simulation=on --functional=on --flatten_buses=off --tool=modelsim_oem --format=verilog --output_directory="C:/Users/Mateusz/Desktop/Systemy wbudowane/LAB 6/Zadanie 3/counter_mod_M/simulation/qsim/" counter_mod_M -c counter_mod_M
quartus_eda --gen_testbench --tool=modelsim_oem --format=verilog --write_settings_files=off counter_mod_M -c counter_mod_M --vector_source="C:/Users/Mateusz/Desktop/Systemy wbudowane/LAB 6/Zadanie 3/counter_mod_M/Waveform.vwf" --testbench_file="C:/Users/Mateusz/Desktop/Systemy wbudowane/LAB 6/Zadanie 3/counter_mod_M/simulation/qsim/Waveform.vwf.vt"
quartus_eda --write_settings_files=off --simulation=on --functional=on --flatten_buses=off --tool=modelsim_oem --format=verilog --output_directory="C:/Users/Mateusz/Desktop/Systemy wbudowane/LAB 6/Zadanie 3/counter_mod_M/simulation/qsim/" counter_mod_M -c counter_mod_M
quartus_eda --gen_testbench --tool=modelsim_oem --format=verilog --write_settings_files=off counter_mod_M -c counter_mod_M --vector_source="C:/Users/Mateusz/Desktop/Systemy wbudowane/LAB 6/Zadanie 3/counter_mod_M/Waveform.vwf" --testbench_file="C:/Users/Mateusz/Desktop/Systemy wbudowane/LAB 6/Zadanie 3/counter_mod_M/simulation/qsim/Waveform.vwf.vt"
quartus_eda --write_settings_files=off --simulation=on --functional=on --flatten_buses=off --tool=modelsim_oem --format=verilog --output_directory="C:/Users/Mateusz/Desktop/Systemy wbudowane/LAB 6/Zadanie 3/counter_mod_M/simulation/qsim/" counter_mod_M -c counter_mod_M



