Analysis & Synthesis report for proc_with_ROM
Sat May 25 00:23:59 2024
Quartus Prime Version 18.0.0 Build 614 04/24/2018 SJ Lite Edition


---------------------
; Table of Contents ;
---------------------
  1. Legal Notice
  2. Analysis & Synthesis Summary
  3. Analysis & Synthesis Settings
  4. Parallel Compilation
  5. Analysis & Synthesis Source Files Read
  6. Analysis & Synthesis Resource Usage Summary
  7. Analysis & Synthesis Resource Utilization by Entity
  8. Analysis & Synthesis RAM Summary
  9. Analysis & Synthesis IP Cores Summary
 10. State Machine - |proc_with_ROM|proc:processor|Tstep_Q
 11. Registers Protected by Synthesis
 12. Registers Removed During Synthesis
 13. General Register Statistics
 14. Multiplexer Restructuring Statistics (Restructuring Performed)
 15. Source assignments for rom32x9:ROM|altsyncram:altsyncram_component|altsyncram_nkg1:auto_generated
 16. Source assignments for proc:processor
 17. Parameter Settings for User Entity Instance: counter_N_bits:counter
 18. Parameter Settings for User Entity Instance: rom32x9:ROM|altsyncram:altsyncram_component
 19. Parameter Settings for User Entity Instance: proc:processor|regn:reg_0
 20. Parameter Settings for User Entity Instance: proc:processor|regn:reg_1
 21. Parameter Settings for User Entity Instance: proc:processor|regn:reg_2
 22. Parameter Settings for User Entity Instance: proc:processor|regn:reg_3
 23. Parameter Settings for User Entity Instance: proc:processor|regn:reg_4
 24. Parameter Settings for User Entity Instance: proc:processor|regn:reg_5
 25. Parameter Settings for User Entity Instance: proc:processor|regn:reg_6
 26. Parameter Settings for User Entity Instance: proc:processor|regn:reg_7
 27. Parameter Settings for User Entity Instance: proc:processor|regn:reg_A
 28. Parameter Settings for User Entity Instance: proc:processor|regn:reg_G
 29. Parameter Settings for User Entity Instance: proc:processor|regn:reg_IR
 30. Parameter Settings for User Entity Instance: proc:processor|ripple_carry_adder_subtractor:ALU
 31. altsyncram Parameter Settings by Entity Instance
 32. Port Connectivity Checks: "proc:processor|ripple_carry_adder_subtractor:ALU"
 33. Port Connectivity Checks: "proc:processor|dec3to8:decY"
 34. Port Connectivity Checks: "proc:processor|dec3to8:decX"
 35. Port Connectivity Checks: "counter_N_bits:counter"
 36. Post-Synthesis Netlist Statistics for Top Partition
 37. Elapsed Time Per Partition
 38. Analysis & Synthesis Messages



----------------
; Legal Notice ;
----------------
Copyright (C) 2018  Intel Corporation. All rights reserved.
Your use of Intel Corporation's design tools, logic functions 
and other software and tools, and its AMPP partner logic 
functions, and any output files from any of the foregoing 
(including device programming or simulation files), and any 
associated documentation or information are expressly subject 
to the terms and conditions of the Intel Program License 
Subscription Agreement, the Intel Quartus Prime License Agreement,
the Intel FPGA IP License Agreement, or other applicable license
agreement, including, without limitation, that your use is for
the sole purpose of programming logic devices manufactured by
Intel and sold by Intel or its authorized distributors.  Please
refer to the applicable agreement for further details.



+-------------------------------------------------------------------------------+
; Analysis & Synthesis Summary                                                  ;
+---------------------------------+---------------------------------------------+
; Analysis & Synthesis Status     ; Successful - Sat May 25 00:23:59 2024       ;
; Quartus Prime Version           ; 18.0.0 Build 614 04/24/2018 SJ Lite Edition ;
; Revision Name                   ; proc_with_ROM                               ;
; Top-level Entity Name           ; proc_with_ROM                               ;
; Family                          ; Cyclone V                                   ;
; Logic utilization (in ALMs)     ; N/A                                         ;
; Total registers                 ; 108                                         ;
; Total pins                      ; 14                                          ;
; Total virtual pins              ; 0                                           ;
; Total block memory bits         ; 288                                         ;
; Total DSP Blocks                ; 0                                           ;
; Total HSSI RX PCSs              ; 0                                           ;
; Total HSSI PMA RX Deserializers ; 0                                           ;
; Total HSSI TX PCSs              ; 0                                           ;
; Total HSSI PMA TX Serializers   ; 0                                           ;
; Total PLLs                      ; 0                                           ;
; Total DLLs                      ; 0                                           ;
+---------------------------------+---------------------------------------------+


+---------------------------------------------------------------------------------------------------------------------------+
; Analysis & Synthesis Settings                                                                                             ;
+---------------------------------------------------------------------------------+--------------------+--------------------+
; Option                                                                          ; Setting            ; Default Value      ;
+---------------------------------------------------------------------------------+--------------------+--------------------+
; Device                                                                          ; 5CSEMA5F31C6       ;                    ;
; Top-level entity name                                                           ; proc_with_ROM      ; proc_with_ROM      ;
; Family name                                                                     ; Cyclone V          ; Cyclone V          ;
; Use smart compilation                                                           ; Off                ; Off                ;
; Enable parallel Assembler and Timing Analyzer during compilation                ; On                 ; On                 ;
; Enable compact report table                                                     ; Off                ; Off                ;
; Restructure Multiplexers                                                        ; Auto               ; Auto               ;
; MLAB Add Timing Constraints For Mixed-Port Feed-Through Mode Setting Don't Care ; Off                ; Off                ;
; Create Debugging Nodes for IP Cores                                             ; Off                ; Off                ;
; Preserve fewer node names                                                       ; On                 ; On                 ;
; Intel FPGA IP Evaluation Mode                                                   ; Enable             ; Enable             ;
; Verilog Version                                                                 ; Verilog_2001       ; Verilog_2001       ;
; VHDL Version                                                                    ; VHDL_1993          ; VHDL_1993          ;
; State Machine Processing                                                        ; Auto               ; Auto               ;
; Safe State Machine                                                              ; Off                ; Off                ;
; Extract Verilog State Machines                                                  ; On                 ; On                 ;
; Extract VHDL State Machines                                                     ; On                 ; On                 ;
; Ignore Verilog initial constructs                                               ; Off                ; Off                ;
; Iteration limit for constant Verilog loops                                      ; 5000               ; 5000               ;
; Iteration limit for non-constant Verilog loops                                  ; 250                ; 250                ;
; Add Pass-Through Logic to Inferred RAMs                                         ; On                 ; On                 ;
; Infer RAMs from Raw Logic                                                       ; On                 ; On                 ;
; Parallel Synthesis                                                              ; On                 ; On                 ;
; DSP Block Balancing                                                             ; Auto               ; Auto               ;
; NOT Gate Push-Back                                                              ; On                 ; On                 ;
; Power-Up Don't Care                                                             ; On                 ; On                 ;
; Remove Redundant Logic Cells                                                    ; Off                ; Off                ;
; Remove Duplicate Registers                                                      ; On                 ; On                 ;
; Ignore CARRY Buffers                                                            ; Off                ; Off                ;
; Ignore CASCADE Buffers                                                          ; Off                ; Off                ;
; Ignore GLOBAL Buffers                                                           ; Off                ; Off                ;
; Ignore ROW GLOBAL Buffers                                                       ; Off                ; Off                ;
; Ignore LCELL Buffers                                                            ; Off                ; Off                ;
; Ignore SOFT Buffers                                                             ; On                 ; On                 ;
; Limit AHDL Integers to 32 Bits                                                  ; Off                ; Off                ;
; Optimization Technique                                                          ; Balanced           ; Balanced           ;
; Carry Chain Length                                                              ; 70                 ; 70                 ;
; Auto Carry Chains                                                               ; On                 ; On                 ;
; Auto Open-Drain Pins                                                            ; On                 ; On                 ;
; Perform WYSIWYG Primitive Resynthesis                                           ; Off                ; Off                ;
; Auto ROM Replacement                                                            ; On                 ; On                 ;
; Auto RAM Replacement                                                            ; On                 ; On                 ;
; Auto DSP Block Replacement                                                      ; On                 ; On                 ;
; Auto Shift Register Replacement                                                 ; Auto               ; Auto               ;
; Allow Shift Register Merging across Hierarchies                                 ; Auto               ; Auto               ;
; Auto Clock Enable Replacement                                                   ; On                 ; On                 ;
; Strict RAM Replacement                                                          ; Off                ; Off                ;
; Allow Synchronous Control Signals                                               ; On                 ; On                 ;
; Force Use of Synchronous Clear Signals                                          ; Off                ; Off                ;
; Auto Resource Sharing                                                           ; Off                ; Off                ;
; Allow Any RAM Size For Recognition                                              ; Off                ; Off                ;
; Allow Any ROM Size For Recognition                                              ; Off                ; Off                ;
; Allow Any Shift Register Size For Recognition                                   ; Off                ; Off                ;
; Use LogicLock Constraints during Resource Balancing                             ; On                 ; On                 ;
; Ignore translate_off and synthesis_off directives                               ; Off                ; Off                ;
; Timing-Driven Synthesis                                                         ; On                 ; On                 ;
; Report Parameter Settings                                                       ; On                 ; On                 ;
; Report Source Assignments                                                       ; On                 ; On                 ;
; Report Connectivity Checks                                                      ; On                 ; On                 ;
; Ignore Maximum Fan-Out Assignments                                              ; Off                ; Off                ;
; Synchronization Register Chain Length                                           ; 3                  ; 3                  ;
; Power Optimization During Synthesis                                             ; Normal compilation ; Normal compilation ;
; HDL message level                                                               ; Level2             ; Level2             ;
; Suppress Register Optimization Related Messages                                 ; Off                ; Off                ;
; Number of Removed Registers Reported in Synthesis Report                        ; 5000               ; 5000               ;
; Number of Swept Nodes Reported in Synthesis Report                              ; 5000               ; 5000               ;
; Number of Inverted Registers Reported in Synthesis Report                       ; 100                ; 100                ;
; Clock MUX Protection                                                            ; On                 ; On                 ;
; Auto Gated Clock Conversion                                                     ; Off                ; Off                ;
; Block Design Naming                                                             ; Auto               ; Auto               ;
; SDC constraint protection                                                       ; Off                ; Off                ;
; Synthesis Effort                                                                ; Auto               ; Auto               ;
; Shift Register Replacement - Allow Asynchronous Clear Signal                    ; On                 ; On                 ;
; Pre-Mapping Resynthesis Optimization                                            ; Off                ; Off                ;
; Analysis & Synthesis Message Level                                              ; Medium             ; Medium             ;
; Disable Register Merging Across Hierarchies                                     ; Auto               ; Auto               ;
; Resource Aware Inference For Block RAM                                          ; On                 ; On                 ;
; Automatic Parallel Synthesis                                                    ; On                 ; On                 ;
; Partial Reconfiguration Bitstream ID                                            ; Off                ; Off                ;
+---------------------------------------------------------------------------------+--------------------+--------------------+


+------------------------------------------+
; Parallel Compilation                     ;
+----------------------------+-------------+
; Processors                 ; Number      ;
+----------------------------+-------------+
; Number detected on machine ; 16          ;
; Maximum allowed            ; 8           ;
;                            ;             ;
; Average used               ; 1.00        ;
; Maximum used               ; 8           ;
;                            ;             ;
; Usage by Processor         ; % Time Used ;
;     Processor 1            ; 100.0%      ;
;     Processors 2-8         ;   0.0%      ;
+----------------------------+-------------+


+----------------------------------------------------------------------------------------------------------------------------------------------------------------------------------------------------------------------------------------------------------------------------------------+
; Analysis & Synthesis Source Files Read                                                                                                                                                                                                                                                 ;
+----------------------------------------------------------------------------------------+-----------------+----------------------------------------+--------------------------------------------------------------------------------------------------------------------------+---------+
; File Name with User-Entered Path                                                       ; Used in Netlist ; File Type                              ; File Name with Absolute Path                                                                                             ; Library ;
+----------------------------------------------------------------------------------------+-----------------+----------------------------------------+--------------------------------------------------------------------------------------------------------------------------+---------+
; ../../../LAB 8/Zadanie 1/full_adder/full_adder.v                                       ; yes             ; User Verilog HDL File                  ; C:/Users/Mateusz/Desktop/Systemy wbudowane/LAB 8/Zadanie 1/full_adder/full_adder.v                                       ;         ;
; ../../../LAB 8/Zadanie 2/ripple_carry_adder_subtractor/ripple_carry_adder_subtractor.v ; yes             ; User Verilog HDL File                  ; C:/Users/Mateusz/Desktop/Systemy wbudowane/LAB 8/Zadanie 2/ripple_carry_adder_subtractor/ripple_carry_adder_subtractor.v ;         ;
; ../../Zadanie 1/dec3to8/dec3to8.v                                                      ; yes             ; User Verilog HDL File                  ; C:/Users/Mateusz/Desktop/Systemy wbudowane/LAB 11/Zadanie 1/dec3to8/dec3to8.v                                            ;         ;
; ../../Zadanie 1/mux_10_1_9_bits/mux_10_1_9_bits.v                                      ; yes             ; User Verilog HDL File                  ; C:/Users/Mateusz/Desktop/Systemy wbudowane/LAB 11/Zadanie 1/mux_10_1_9_bits/mux_10_1_9_bits.v                            ;         ;
; ../../Zadanie 1/proc/proc.v                                                            ; yes             ; User Verilog HDL File                  ; C:/Users/Mateusz/Desktop/Systemy wbudowane/LAB 11/Zadanie 1/proc/proc.v                                                  ;         ;
; ../../Zadanie 1/regn/regn.v                                                            ; yes             ; User Verilog HDL File                  ; C:/Users/Mateusz/Desktop/Systemy wbudowane/LAB 11/Zadanie 1/regn/regn.v                                                  ;         ;
; ../../../LAB 6/Zadanie 2/counter_N_bits/counter_N_bits.v                               ; yes             ; User Verilog HDL File                  ; C:/Users/Mateusz/Desktop/Systemy wbudowane/LAB 6/Zadanie 2/counter_N_bits/counter_N_bits.v                               ;         ;
; rom32x9.v                                                                              ; yes             ; User Wizard-Generated File             ; C:/Users/Mateusz/Desktop/Systemy wbudowane/LAB 11/Zadanie 2/proc_with_ROM/rom32x9.v                                      ;         ;
; proc_with_ROM.v                                                                        ; yes             ; User Verilog HDL File                  ; C:/Users/Mateusz/Desktop/Systemy wbudowane/LAB 11/Zadanie 2/proc_with_ROM/proc_with_ROM.v                                ;         ;
; altsyncram.tdf                                                                         ; yes             ; Megafunction                           ; c:/intelfpga_lite/18.0/quartus/libraries/megafunctions/altsyncram.tdf                                                    ;         ;
; stratix_ram_block.inc                                                                  ; yes             ; Megafunction                           ; c:/intelfpga_lite/18.0/quartus/libraries/megafunctions/stratix_ram_block.inc                                             ;         ;
; lpm_mux.inc                                                                            ; yes             ; Megafunction                           ; c:/intelfpga_lite/18.0/quartus/libraries/megafunctions/lpm_mux.inc                                                       ;         ;
; lpm_decode.inc                                                                         ; yes             ; Megafunction                           ; c:/intelfpga_lite/18.0/quartus/libraries/megafunctions/lpm_decode.inc                                                    ;         ;
; aglobal180.inc                                                                         ; yes             ; Megafunction                           ; c:/intelfpga_lite/18.0/quartus/libraries/megafunctions/aglobal180.inc                                                    ;         ;
; a_rdenreg.inc                                                                          ; yes             ; Megafunction                           ; c:/intelfpga_lite/18.0/quartus/libraries/megafunctions/a_rdenreg.inc                                                     ;         ;
; altrom.inc                                                                             ; yes             ; Megafunction                           ; c:/intelfpga_lite/18.0/quartus/libraries/megafunctions/altrom.inc                                                        ;         ;
; altram.inc                                                                             ; yes             ; Megafunction                           ; c:/intelfpga_lite/18.0/quartus/libraries/megafunctions/altram.inc                                                        ;         ;
; altdpram.inc                                                                           ; yes             ; Megafunction                           ; c:/intelfpga_lite/18.0/quartus/libraries/megafunctions/altdpram.inc                                                      ;         ;
; db/altsyncram_nkg1.tdf                                                                 ; yes             ; Auto-Generated Megafunction            ; C:/Users/Mateusz/Desktop/Systemy wbudowane/LAB 11/Zadanie 2/proc_with_ROM/db/altsyncram_nkg1.tdf                         ;         ;
; memory_init.mif                                                                        ; yes             ; Auto-Found Memory Initialization File  ; C:/Users/Mateusz/Desktop/Systemy wbudowane/LAB 11/Zadanie 2/proc_with_ROM/memory_init.mif                                ;         ;
+----------------------------------------------------------------------------------------+-----------------+----------------------------------------+--------------------------------------------------------------------------------------------------------------------------+---------+


+------------------------------------------------------------+
; Analysis & Synthesis Resource Usage Summary                ;
+---------------------------------------------+--------------+
; Resource                                    ; Usage        ;
+---------------------------------------------+--------------+
; Estimate of Logic utilization (ALMs needed) ; 103          ;
;                                             ;              ;
; Combinational ALUT usage for logic          ; 136          ;
;     -- 7 input functions                    ; 0            ;
;     -- 6 input functions                    ; 60           ;
;     -- 5 input functions                    ; 29           ;
;     -- 4 input functions                    ; 27           ;
;     -- <=3 input functions                  ; 20           ;
;                                             ;              ;
; Dedicated logic registers                   ; 108          ;
;                                             ;              ;
; I/O pins                                    ; 14           ;
; Total MLAB memory bits                      ; 0            ;
; Total block memory bits                     ; 288          ;
;                                             ;              ;
; Total DSP Blocks                            ; 0            ;
;                                             ;              ;
; Maximum fan-out node                        ; PClock~input ;
; Maximum fan-out                             ; 103          ;
; Total fan-out                               ; 1061         ;
; Average fan-out                             ; 3.78         ;
+---------------------------------------------+--------------+


+-------------------------------------------------------------------------------------------------------------------------------------------------------------------------------------------------------------------------------------------------------------------------------------------------+
; Analysis & Synthesis Resource Utilization by Entity                                                                                                                                                                                                                                             ;
+-------------------------------------------+---------------------+---------------------------+-------------------+------------+------+--------------+---------------------------------------------------------------------------------------------+-------------------------------+--------------+
; Compilation Hierarchy Node                ; Combinational ALUTs ; Dedicated Logic Registers ; Block Memory Bits ; DSP Blocks ; Pins ; Virtual Pins ; Full Hierarchy Name                                                                         ; Entity Name                   ; Library Name ;
+-------------------------------------------+---------------------+---------------------------+-------------------+------------+------+--------------+---------------------------------------------------------------------------------------------+-------------------------------+--------------+
; |proc_with_ROM                            ; 136 (0)             ; 108 (0)                   ; 288               ; 0          ; 14   ; 0            ; |proc_with_ROM                                                                              ; proc_with_ROM                 ; work         ;
;    |counter_N_bits:counter|               ; 5 (5)               ; 5 (5)                     ; 0                 ; 0          ; 0    ; 0            ; |proc_with_ROM|counter_N_bits:counter                                                       ; counter_N_bits                ; work         ;
;    |proc:processor|                       ; 131 (40)            ; 103 (4)                   ; 0                 ; 0          ; 0    ; 0            ; |proc_with_ROM|proc:processor                                                               ; proc                          ; work         ;
;       |mux_10_1_9_bits:mux|               ; 65 (65)             ; 0 (0)                     ; 0                 ; 0          ; 0    ; 0            ; |proc_with_ROM|proc:processor|mux_10_1_9_bits:mux                                           ; mux_10_1_9_bits               ; work         ;
;       |regn:reg_0|                        ; 0 (0)               ; 9 (9)                     ; 0                 ; 0          ; 0    ; 0            ; |proc_with_ROM|proc:processor|regn:reg_0                                                    ; regn                          ; work         ;
;       |regn:reg_1|                        ; 0 (0)               ; 9 (9)                     ; 0                 ; 0          ; 0    ; 0            ; |proc_with_ROM|proc:processor|regn:reg_1                                                    ; regn                          ; work         ;
;       |regn:reg_2|                        ; 0 (0)               ; 9 (9)                     ; 0                 ; 0          ; 0    ; 0            ; |proc_with_ROM|proc:processor|regn:reg_2                                                    ; regn                          ; work         ;
;       |regn:reg_3|                        ; 0 (0)               ; 9 (9)                     ; 0                 ; 0          ; 0    ; 0            ; |proc_with_ROM|proc:processor|regn:reg_3                                                    ; regn                          ; work         ;
;       |regn:reg_4|                        ; 0 (0)               ; 9 (9)                     ; 0                 ; 0          ; 0    ; 0            ; |proc_with_ROM|proc:processor|regn:reg_4                                                    ; regn                          ; work         ;
;       |regn:reg_5|                        ; 0 (0)               ; 9 (9)                     ; 0                 ; 0          ; 0    ; 0            ; |proc_with_ROM|proc:processor|regn:reg_5                                                    ; regn                          ; work         ;
;       |regn:reg_6|                        ; 0 (0)               ; 9 (9)                     ; 0                 ; 0          ; 0    ; 0            ; |proc_with_ROM|proc:processor|regn:reg_6                                                    ; regn                          ; work         ;
;       |regn:reg_7|                        ; 0 (0)               ; 9 (9)                     ; 0                 ; 0          ; 0    ; 0            ; |proc_with_ROM|proc:processor|regn:reg_7                                                    ; regn                          ; work         ;
;       |regn:reg_A|                        ; 0 (0)               ; 9 (9)                     ; 0                 ; 0          ; 0    ; 0            ; |proc_with_ROM|proc:processor|regn:reg_A                                                    ; regn                          ; work         ;
;       |regn:reg_G|                        ; 0 (0)               ; 9 (9)                     ; 0                 ; 0          ; 0    ; 0            ; |proc_with_ROM|proc:processor|regn:reg_G                                                    ; regn                          ; work         ;
;       |regn:reg_IR|                       ; 0 (0)               ; 9 (9)                     ; 0                 ; 0          ; 0    ; 0            ; |proc_with_ROM|proc:processor|regn:reg_IR                                                   ; regn                          ; work         ;
;       |ripple_carry_adder_subtractor:ALU| ; 26 (7)              ; 0 (0)                     ; 0                 ; 0          ; 0    ; 0            ; |proc_with_ROM|proc:processor|ripple_carry_adder_subtractor:ALU                             ; ripple_carry_adder_subtractor ; work         ;
;          |full_adder:add_or_sub[0].FA|    ; 2 (2)               ; 0 (0)                     ; 0                 ; 0          ; 0    ; 0            ; |proc_with_ROM|proc:processor|ripple_carry_adder_subtractor:ALU|full_adder:add_or_sub[0].FA ; full_adder                    ; work         ;
;          |full_adder:add_or_sub[1].FA|    ; 2 (2)               ; 0 (0)                     ; 0                 ; 0          ; 0    ; 0            ; |proc_with_ROM|proc:processor|ripple_carry_adder_subtractor:ALU|full_adder:add_or_sub[1].FA ; full_adder                    ; work         ;
;          |full_adder:add_or_sub[2].FA|    ; 1 (1)               ; 0 (0)                     ; 0                 ; 0          ; 0    ; 0            ; |proc_with_ROM|proc:processor|ripple_carry_adder_subtractor:ALU|full_adder:add_or_sub[2].FA ; full_adder                    ; work         ;
;          |full_adder:add_or_sub[3].FA|    ; 5 (5)               ; 0 (0)                     ; 0                 ; 0          ; 0    ; 0            ; |proc_with_ROM|proc:processor|ripple_carry_adder_subtractor:ALU|full_adder:add_or_sub[3].FA ; full_adder                    ; work         ;
;          |full_adder:add_or_sub[4].FA|    ; 2 (2)               ; 0 (0)                     ; 0                 ; 0          ; 0    ; 0            ; |proc_with_ROM|proc:processor|ripple_carry_adder_subtractor:ALU|full_adder:add_or_sub[4].FA ; full_adder                    ; work         ;
;          |full_adder:add_or_sub[5].FA|    ; 2 (2)               ; 0 (0)                     ; 0                 ; 0          ; 0    ; 0            ; |proc_with_ROM|proc:processor|ripple_carry_adder_subtractor:ALU|full_adder:add_or_sub[5].FA ; full_adder                    ; work         ;
;          |full_adder:add_or_sub[6].FA|    ; 2 (2)               ; 0 (0)                     ; 0                 ; 0          ; 0    ; 0            ; |proc_with_ROM|proc:processor|ripple_carry_adder_subtractor:ALU|full_adder:add_or_sub[6].FA ; full_adder                    ; work         ;
;          |full_adder:add_or_sub[7].FA|    ; 1 (1)               ; 0 (0)                     ; 0                 ; 0          ; 0    ; 0            ; |proc_with_ROM|proc:processor|ripple_carry_adder_subtractor:ALU|full_adder:add_or_sub[7].FA ; full_adder                    ; work         ;
;          |full_adder:add_or_sub[8].FA|    ; 2 (2)               ; 0 (0)                     ; 0                 ; 0          ; 0    ; 0            ; |proc_with_ROM|proc:processor|ripple_carry_adder_subtractor:ALU|full_adder:add_or_sub[8].FA ; full_adder                    ; work         ;
;    |rom32x9:ROM|                          ; 0 (0)               ; 0 (0)                     ; 288               ; 0          ; 0    ; 0            ; |proc_with_ROM|rom32x9:ROM                                                                  ; rom32x9                       ; work         ;
;       |altsyncram:altsyncram_component|   ; 0 (0)               ; 0 (0)                     ; 288               ; 0          ; 0    ; 0            ; |proc_with_ROM|rom32x9:ROM|altsyncram:altsyncram_component                                  ; altsyncram                    ; work         ;
;          |altsyncram_nkg1:auto_generated| ; 0 (0)               ; 0 (0)                     ; 288               ; 0          ; 0    ; 0            ; |proc_with_ROM|rom32x9:ROM|altsyncram:altsyncram_component|altsyncram_nkg1:auto_generated   ; altsyncram_nkg1               ; work         ;
+-------------------------------------------+---------------------+---------------------------+-------------------+------------+------+--------------+---------------------------------------------------------------------------------------------+-------------------------------+--------------+
Note: For table entries with two numbers listed, the numbers in parentheses indicate the number of resources of the given type used by the specific entity alone. The numbers listed outside of parentheses indicate the total resources of the given type used by the specific entity and all of its sub-entities in the hierarchy.


+------------------------------------------------------------------------------------------------------------------------------------------------------------------------------------------+
; Analysis & Synthesis RAM Summary                                                                                                                                                         ;
+---------------------------------------------------------------------------------------+------+------+--------------+--------------+--------------+--------------+------+-----------------+
; Name                                                                                  ; Type ; Mode ; Port A Depth ; Port A Width ; Port B Depth ; Port B Width ; Size ; MIF             ;
+---------------------------------------------------------------------------------------+------+------+--------------+--------------+--------------+--------------+------+-----------------+
; rom32x9:ROM|altsyncram:altsyncram_component|altsyncram_nkg1:auto_generated|ALTSYNCRAM ; AUTO ; ROM  ; 32           ; 9            ; --           ; --           ; 288  ; memory_init.mif ;
+---------------------------------------------------------------------------------------+------+------+--------------+--------------+--------------+--------------+------+-----------------+


+--------------------------------------------------------------------------------------------------------------+
; Analysis & Synthesis IP Cores Summary                                                                        ;
+--------+--------------+---------+--------------+--------------+----------------------------+-----------------+
; Vendor ; IP Core Name ; Version ; Release Date ; License Type ; Entity Instance            ; IP Include File ;
+--------+--------------+---------+--------------+--------------+----------------------------+-----------------+
; Altera ; ROM: 1-PORT  ; 18.0    ; N/A          ; N/A          ; |proc_with_ROM|rom32x9:ROM ; rom32x9.v       ;
+--------+--------------+---------+--------------+--------------+----------------------------+-----------------+


Encoding Type:  One-Hot
+----------------------------------------------------------------+
; State Machine - |proc_with_ROM|proc:processor|Tstep_Q          ;
+------------+------------+------------+------------+------------+
; Name       ; Tstep_Q.T3 ; Tstep_Q.T2 ; Tstep_Q.T1 ; Tstep_Q.T0 ;
+------------+------------+------------+------------+------------+
; Tstep_Q.T0 ; 0          ; 0          ; 0          ; 0          ;
; Tstep_Q.T1 ; 0          ; 0          ; 1          ; 1          ;
; Tstep_Q.T2 ; 0          ; 1          ; 0          ; 1          ;
; Tstep_Q.T3 ; 1          ; 0          ; 0          ; 1          ;
+------------+------------+------------+------------+------------+


+----------------------------------------------------------------------------------------------------------------------------------------------------------+
; Registers Protected by Synthesis                                                                                                                         ;
+------------------------------------------+------------------------------------------------------------------+--------------------------------------------+
; Register Name                            ; Protected by Synthesis Attribute or Preserve Register Assignment ; Not to be Touched by Netlist Optimizations ;
+------------------------------------------+------------------------------------------------------------------+--------------------------------------------+
; proc:processor|Tstep_Q.T2                ; yes                                                              ; yes                                        ;
; proc:processor|Tstep_Q.T1                ; yes                                                              ; yes                                        ;
; proc:processor|Tstep_Q.T3                ; yes                                                              ; yes                                        ;
; proc:processor|Tstep_Q.T0                ; yes                                                              ; yes                                        ;
; Total number of protected registers is 4 ;                                                                  ;                                            ;
+------------------------------------------+------------------------------------------------------------------+--------------------------------------------+


+------------------------------------------------------------+
; Registers Removed During Synthesis                         ;
+---------------------------------------+--------------------+
; Register name                         ; Reason for Removal ;
+---------------------------------------+--------------------+
; proc:processor|Tstep_Q~4              ; Lost fanout        ;
; proc:processor|Tstep_Q~5              ; Lost fanout        ;
; Total Number of Removed Registers = 2 ;                    ;
+---------------------------------------+--------------------+


+------------------------------------------------------+
; General Register Statistics                          ;
+----------------------------------------------+-------+
; Statistic                                    ; Value ;
+----------------------------------------------+-------+
; Total registers                              ; 108   ;
; Number of registers using Synchronous Clear  ; 0     ;
; Number of registers using Synchronous Load   ; 0     ;
; Number of registers using Asynchronous Clear ; 9     ;
; Number of registers using Asynchronous Load  ; 0     ;
; Number of registers using Clock Enable       ; 99    ;
; Number of registers using Preset             ; 0     ;
+----------------------------------------------+-------+


+---------------------------------------------------------------------------------------------------------------------------------------------------------------------------+
; Multiplexer Restructuring Statistics (Restructuring Performed)                                                                                                            ;
+--------------------+-----------+---------------+----------------------+------------------------+------------+-------------------------------------------------------------+
; Multiplexer Inputs ; Bus Width ; Baseline Area ; Area if Restructured ; Saving if Restructured ; Registered ; Example Multiplexer Output                                  ;
+--------------------+-----------+---------------+----------------------+------------------------+------------+-------------------------------------------------------------+
; 8:1                ; 8 bits    ; 40 LEs        ; 16 LEs               ; 24 LEs                 ; No         ; |proc_with_ROM|proc:processor|Mux0                          ;
; 10:1               ; 9 bits    ; 54 LEs        ; 54 LEs               ; 0 LEs                  ; No         ; |proc_with_ROM|proc:processor|mux_10_1_9_bits:mux|Selector1 ;
+--------------------+-----------+---------------+----------------------+------------------------+------------+-------------------------------------------------------------+


+---------------------------------------------------------------------------------------------------+
; Source assignments for rom32x9:ROM|altsyncram:altsyncram_component|altsyncram_nkg1:auto_generated ;
+---------------------------------+--------------------+------+-------------------------------------+
; Assignment                      ; Value              ; From ; To                                  ;
+---------------------------------+--------------------+------+-------------------------------------+
; OPTIMIZE_POWER_DURING_SYNTHESIS ; NORMAL_COMPILATION ; -    ; -                                   ;
+---------------------------------+--------------------+------+-------------------------------------+


+-----------------------------------------------+
; Source assignments for proc:processor         ;
+-------------------+-------+------+------------+
; Assignment        ; Value ; From ; To         ;
+-------------------+-------+------+------------+
; PRESERVE_REGISTER ; on    ; -    ; Tstep_Q.T0 ;
; PRESERVE_REGISTER ; on    ; -    ; Tstep_Q.T1 ;
; PRESERVE_REGISTER ; on    ; -    ; Tstep_Q.T2 ;
; PRESERVE_REGISTER ; on    ; -    ; Tstep_Q.T3 ;
+-------------------+-------+------+------------+


+---------------------------------------------------------------------+
; Parameter Settings for User Entity Instance: counter_N_bits:counter ;
+----------------+-------+--------------------------------------------+
; Parameter Name ; Value ; Type                                       ;
+----------------+-------+--------------------------------------------+
; N              ; 5     ; Signed Integer                             ;
+----------------+-------+--------------------------------------------+
Note: In order to hide this table in the UI and the text report file, please set the "Show Parameter Settings in Synthesis Report" option in "Analysis and Synthesis Settings -> More Settings" to "Off".


+------------------------------------------------------------------------------------------+
; Parameter Settings for User Entity Instance: rom32x9:ROM|altsyncram:altsyncram_component ;
+------------------------------------+----------------------+------------------------------+
; Parameter Name                     ; Value                ; Type                         ;
+------------------------------------+----------------------+------------------------------+
; BYTE_SIZE_BLOCK                    ; 8                    ; Untyped                      ;
; AUTO_CARRY_CHAINS                  ; ON                   ; AUTO_CARRY                   ;
; IGNORE_CARRY_BUFFERS               ; OFF                  ; IGNORE_CARRY                 ;
; AUTO_CASCADE_CHAINS                ; ON                   ; AUTO_CASCADE                 ;
; IGNORE_CASCADE_BUFFERS             ; OFF                  ; IGNORE_CASCADE               ;
; WIDTH_BYTEENA                      ; 1                    ; Untyped                      ;
; OPERATION_MODE                     ; ROM                  ; Untyped                      ;
; WIDTH_A                            ; 9                    ; Signed Integer               ;
; WIDTHAD_A                          ; 5                    ; Signed Integer               ;
; NUMWORDS_A                         ; 32                   ; Signed Integer               ;
; OUTDATA_REG_A                      ; UNREGISTERED         ; Untyped                      ;
; ADDRESS_ACLR_A                     ; NONE                 ; Untyped                      ;
; OUTDATA_ACLR_A                     ; NONE                 ; Untyped                      ;
; WRCONTROL_ACLR_A                   ; NONE                 ; Untyped                      ;
; INDATA_ACLR_A                      ; NONE                 ; Untyped                      ;
; BYTEENA_ACLR_A                     ; NONE                 ; Untyped                      ;
; WIDTH_B                            ; 1                    ; Untyped                      ;
; WIDTHAD_B                          ; 1                    ; Untyped                      ;
; NUMWORDS_B                         ; 1                    ; Untyped                      ;
; INDATA_REG_B                       ; CLOCK1               ; Untyped                      ;
; WRCONTROL_WRADDRESS_REG_B          ; CLOCK1               ; Untyped                      ;
; RDCONTROL_REG_B                    ; CLOCK1               ; Untyped                      ;
; ADDRESS_REG_B                      ; CLOCK1               ; Untyped                      ;
; OUTDATA_REG_B                      ; UNREGISTERED         ; Untyped                      ;
; BYTEENA_REG_B                      ; CLOCK1               ; Untyped                      ;
; INDATA_ACLR_B                      ; NONE                 ; Untyped                      ;
; WRCONTROL_ACLR_B                   ; NONE                 ; Untyped                      ;
; ADDRESS_ACLR_B                     ; NONE                 ; Untyped                      ;
; OUTDATA_ACLR_B                     ; NONE                 ; Untyped                      ;
; RDCONTROL_ACLR_B                   ; NONE                 ; Untyped                      ;
; BYTEENA_ACLR_B                     ; NONE                 ; Untyped                      ;
; WIDTH_BYTEENA_A                    ; 1                    ; Signed Integer               ;
; WIDTH_BYTEENA_B                    ; 1                    ; Untyped                      ;
; RAM_BLOCK_TYPE                     ; AUTO                 ; Untyped                      ;
; BYTE_SIZE                          ; 8                    ; Untyped                      ;
; READ_DURING_WRITE_MODE_MIXED_PORTS ; DONT_CARE            ; Untyped                      ;
; READ_DURING_WRITE_MODE_PORT_A      ; NEW_DATA_NO_NBE_READ ; Untyped                      ;
; READ_DURING_WRITE_MODE_PORT_B      ; NEW_DATA_NO_NBE_READ ; Untyped                      ;
; INIT_FILE                          ; memory_init.mif      ; Untyped                      ;
; INIT_FILE_LAYOUT                   ; PORT_A               ; Untyped                      ;
; MAXIMUM_DEPTH                      ; 0                    ; Untyped                      ;
; CLOCK_ENABLE_INPUT_A               ; BYPASS               ; Untyped                      ;
; CLOCK_ENABLE_INPUT_B               ; NORMAL               ; Untyped                      ;
; CLOCK_ENABLE_OUTPUT_A              ; BYPASS               ; Untyped                      ;
; CLOCK_ENABLE_OUTPUT_B              ; NORMAL               ; Untyped                      ;
; CLOCK_ENABLE_CORE_A                ; USE_INPUT_CLKEN      ; Untyped                      ;
; CLOCK_ENABLE_CORE_B                ; USE_INPUT_CLKEN      ; Untyped                      ;
; ENABLE_ECC                         ; FALSE                ; Untyped                      ;
; ECC_PIPELINE_STAGE_ENABLED         ; FALSE                ; Untyped                      ;
; WIDTH_ECCSTATUS                    ; 3                    ; Untyped                      ;
; DEVICE_FAMILY                      ; Cyclone V            ; Untyped                      ;
; CBXI_PARAMETER                     ; altsyncram_nkg1      ; Untyped                      ;
+------------------------------------+----------------------+------------------------------+
Note: In order to hide this table in the UI and the text report file, please set the "Show Parameter Settings in Synthesis Report" option in "Analysis and Synthesis Settings -> More Settings" to "Off".


+------------------------------------------------------------------------+
; Parameter Settings for User Entity Instance: proc:processor|regn:reg_0 ;
+----------------+-------+-----------------------------------------------+
; Parameter Name ; Value ; Type                                          ;
+----------------+-------+-----------------------------------------------+
; N              ; 9     ; Signed Integer                                ;
+----------------+-------+-----------------------------------------------+
Note: In order to hide this table in the UI and the text report file, please set the "Show Parameter Settings in Synthesis Report" option in "Analysis and Synthesis Settings -> More Settings" to "Off".


+------------------------------------------------------------------------+
; Parameter Settings for User Entity Instance: proc:processor|regn:reg_1 ;
+----------------+-------+-----------------------------------------------+
; Parameter Name ; Value ; Type                                          ;
+----------------+-------+-----------------------------------------------+
; N              ; 9     ; Signed Integer                                ;
+----------------+-------+-----------------------------------------------+
Note: In order to hide this table in the UI and the text report file, please set the "Show Parameter Settings in Synthesis Report" option in "Analysis and Synthesis Settings -> More Settings" to "Off".


+------------------------------------------------------------------------+
; Parameter Settings for User Entity Instance: proc:processor|regn:reg_2 ;
+----------------+-------+-----------------------------------------------+
; Parameter Name ; Value ; Type                                          ;
+----------------+-------+-----------------------------------------------+
; N              ; 9     ; Signed Integer                                ;
+----------------+-------+-----------------------------------------------+
Note: In order to hide this table in the UI and the text report file, please set the "Show Parameter Settings in Synthesis Report" option in "Analysis and Synthesis Settings -> More Settings" to "Off".


+------------------------------------------------------------------------+
; Parameter Settings for User Entity Instance: proc:processor|regn:reg_3 ;
+----------------+-------+-----------------------------------------------+
; Parameter Name ; Value ; Type                                          ;
+----------------+-------+-----------------------------------------------+
; N              ; 9     ; Signed Integer                                ;
+----------------+-------+-----------------------------------------------+
Note: In order to hide this table in the UI and the text report file, please set the "Show Parameter Settings in Synthesis Report" option in "Analysis and Synthesis Settings -> More Settings" to "Off".


+------------------------------------------------------------------------+
; Parameter Settings for User Entity Instance: proc:processor|regn:reg_4 ;
+----------------+-------+-----------------------------------------------+
; Parameter Name ; Value ; Type                                          ;
+----------------+-------+-----------------------------------------------+
; N              ; 9     ; Signed Integer                                ;
+----------------+-------+-----------------------------------------------+
Note: In order to hide this table in the UI and the text report file, please set the "Show Parameter Settings in Synthesis Report" option in "Analysis and Synthesis Settings -> More Settings" to "Off".


+------------------------------------------------------------------------+
; Parameter Settings for User Entity Instance: proc:processor|regn:reg_5 ;
+----------------+-------+-----------------------------------------------+
; Parameter Name ; Value ; Type                                          ;
+----------------+-------+-----------------------------------------------+
; N              ; 9     ; Signed Integer                                ;
+----------------+-------+-----------------------------------------------+
Note: In order to hide this table in the UI and the text report file, please set the "Show Parameter Settings in Synthesis Report" option in "Analysis and Synthesis Settings -> More Settings" to "Off".


+------------------------------------------------------------------------+
; Parameter Settings for User Entity Instance: proc:processor|regn:reg_6 ;
+----------------+-------+-----------------------------------------------+
; Parameter Name ; Value ; Type                                          ;
+----------------+-------+-----------------------------------------------+
; N              ; 9     ; Signed Integer                                ;
+----------------+-------+-----------------------------------------------+
Note: In order to hide this table in the UI and the text report file, please set the "Show Parameter Settings in Synthesis Report" option in "Analysis and Synthesis Settings -> More Settings" to "Off".


+------------------------------------------------------------------------+
; Parameter Settings for User Entity Instance: proc:processor|regn:reg_7 ;
+----------------+-------+-----------------------------------------------+
; Parameter Name ; Value ; Type                                          ;
+----------------+-------+-----------------------------------------------+
; N              ; 9     ; Signed Integer                                ;
+----------------+-------+-----------------------------------------------+
Note: In order to hide this table in the UI and the text report file, please set the "Show Parameter Settings in Synthesis Report" option in "Analysis and Synthesis Settings -> More Settings" to "Off".


+------------------------------------------------------------------------+
; Parameter Settings for User Entity Instance: proc:processor|regn:reg_A ;
+----------------+-------+-----------------------------------------------+
; Parameter Name ; Value ; Type                                          ;
+----------------+-------+-----------------------------------------------+
; N              ; 9     ; Signed Integer                                ;
+----------------+-------+-----------------------------------------------+
Note: In order to hide this table in the UI and the text report file, please set the "Show Parameter Settings in Synthesis Report" option in "Analysis and Synthesis Settings -> More Settings" to "Off".


+------------------------------------------------------------------------+
; Parameter Settings for User Entity Instance: proc:processor|regn:reg_G ;
+----------------+-------+-----------------------------------------------+
; Parameter Name ; Value ; Type                                          ;
+----------------+-------+-----------------------------------------------+
; N              ; 9     ; Signed Integer                                ;
+----------------+-------+-----------------------------------------------+
Note: In order to hide this table in the UI and the text report file, please set the "Show Parameter Settings in Synthesis Report" option in "Analysis and Synthesis Settings -> More Settings" to "Off".


+-------------------------------------------------------------------------+
; Parameter Settings for User Entity Instance: proc:processor|regn:reg_IR ;
+----------------+-------+------------------------------------------------+
; Parameter Name ; Value ; Type                                           ;
+----------------+-------+------------------------------------------------+
; N              ; 9     ; Signed Integer                                 ;
+----------------+-------+------------------------------------------------+
Note: In order to hide this table in the UI and the text report file, please set the "Show Parameter Settings in Synthesis Report" option in "Analysis and Synthesis Settings -> More Settings" to "Off".


+-----------------------------------------------------------------------------------------------+
; Parameter Settings for User Entity Instance: proc:processor|ripple_carry_adder_subtractor:ALU ;
+----------------+-------+----------------------------------------------------------------------+
; Parameter Name ; Value ; Type                                                                 ;
+----------------+-------+----------------------------------------------------------------------+
; N              ; 9     ; Signed Integer                                                       ;
+----------------+-------+----------------------------------------------------------------------+
Note: In order to hide this table in the UI and the text report file, please set the "Show Parameter Settings in Synthesis Report" option in "Analysis and Synthesis Settings -> More Settings" to "Off".


+-----------------------------------------------------------------------------------------+
; altsyncram Parameter Settings by Entity Instance                                        ;
+-------------------------------------------+---------------------------------------------+
; Name                                      ; Value                                       ;
+-------------------------------------------+---------------------------------------------+
; Number of entity instances                ; 1                                           ;
; Entity Instance                           ; rom32x9:ROM|altsyncram:altsyncram_component ;
;     -- OPERATION_MODE                     ; ROM                                         ;
;     -- WIDTH_A                            ; 9                                           ;
;     -- NUMWORDS_A                         ; 32                                          ;
;     -- OUTDATA_REG_A                      ; UNREGISTERED                                ;
;     -- WIDTH_B                            ; 1                                           ;
;     -- NUMWORDS_B                         ; 1                                           ;
;     -- ADDRESS_REG_B                      ; CLOCK1                                      ;
;     -- OUTDATA_REG_B                      ; UNREGISTERED                                ;
;     -- RAM_BLOCK_TYPE                     ; AUTO                                        ;
;     -- READ_DURING_WRITE_MODE_MIXED_PORTS ; DONT_CARE                                   ;
+-------------------------------------------+---------------------------------------------+


+-------------------------------------------------------------------------------------------------------------------------------------+
; Port Connectivity Checks: "proc:processor|ripple_carry_adder_subtractor:ALU"                                                        ;
+------+--------+----------+----------------------------------------------------------------------------------------------------------+
; Port ; Type   ; Severity ; Details                                                                                                  ;
+------+--------+----------+----------------------------------------------------------------------------------------------------------+
; cout ; Output ; Warning  ; Declared by entity but not connected by instance. Logic that only feeds a dangling port will be removed. ;
+------+--------+----------+----------------------------------------------------------------------------------------------------------+


+---------------------------------------------------------+
; Port Connectivity Checks: "proc:processor|dec3to8:decY" ;
+------+-------+----------+-------------------------------+
; Port ; Type  ; Severity ; Details                       ;
+------+-------+----------+-------------------------------+
; En   ; Input ; Info     ; Stuck at VCC                  ;
+------+-------+----------+-------------------------------+


+---------------------------------------------------------+
; Port Connectivity Checks: "proc:processor|dec3to8:decX" ;
+------+-------+----------+-------------------------------+
; Port ; Type  ; Severity ; Details                       ;
+------+-------+----------+-------------------------------+
; En   ; Input ; Info     ; Stuck at VCC                  ;
+------+-------+----------+-------------------------------+


+----------------------------------------------------+
; Port Connectivity Checks: "counter_N_bits:counter" ;
+--------+-------+----------+------------------------+
; Port   ; Type  ; Severity ; Details                ;
+--------+-------+----------+------------------------+
; enable ; Input ; Info     ; Stuck at VCC           ;
+--------+-------+----------+------------------------+


+-----------------------------------------------------+
; Post-Synthesis Netlist Statistics for Top Partition ;
+-----------------------+-----------------------------+
; Type                  ; Count                       ;
+-----------------------+-----------------------------+
; arriav_ff             ; 108                         ;
;     CLR               ; 9                           ;
;     ENA               ; 99                          ;
; arriav_lcell_comb     ; 137                         ;
;     normal            ; 137                         ;
;         1 data inputs ; 2                           ;
;         2 data inputs ; 12                          ;
;         3 data inputs ; 7                           ;
;         4 data inputs ; 27                          ;
;         5 data inputs ; 29                          ;
;         6 data inputs ; 60                          ;
; boundary_port         ; 14                          ;
; stratixv_ram_block    ; 9                           ;
;                       ;                             ;
; Max LUT depth         ; 9.00                        ;
; Average LUT depth     ; 5.90                        ;
+-----------------------+-----------------------------+


+-------------------------------+
; Elapsed Time Per Partition    ;
+----------------+--------------+
; Partition Name ; Elapsed Time ;
+----------------+--------------+
; Top            ; 00:00:00     ;
+----------------+--------------+


+-------------------------------+
; Analysis & Synthesis Messages ;
+-------------------------------+
Info: *******************************************************************
Info: Running Quartus Prime Analysis & Synthesis
    Info: Version 18.0.0 Build 614 04/24/2018 SJ Lite Edition
    Info: Processing started: Sat May 25 00:23:51 2024
Info: Command: quartus_map --read_settings_files=on --write_settings_files=off proc_with_ROM -c proc_with_ROM
Warning (18236): Number of processors has not been specified which may cause overloading on shared machines.  Set the global assignment NUM_PARALLEL_PROCESSORS in your QSF to an appropriate value for best performance.
Info (20030): Parallel compilation is enabled and will use 8 of the 8 processors detected
Info (12021): Found 1 design units, including 1 entities, in source file /users/mateusz/desktop/systemy wbudowane/lab 8/zadanie 1/full_adder/full_adder.v
    Info (12023): Found entity 1: full_adder File: C:/Users/Mateusz/Desktop/Systemy wbudowane/LAB 8/Zadanie 1/full_adder/full_adder.v Line: 1
Info (12021): Found 1 design units, including 1 entities, in source file /users/mateusz/desktop/systemy wbudowane/lab 8/zadanie 2/ripple_carry_adder_subtractor/ripple_carry_adder_subtractor.v
    Info (12023): Found entity 1: ripple_carry_adder_subtractor File: C:/Users/Mateusz/Desktop/Systemy wbudowane/LAB 8/Zadanie 2/ripple_carry_adder_subtractor/ripple_carry_adder_subtractor.v Line: 1
Info (12021): Found 1 design units, including 1 entities, in source file /users/mateusz/desktop/systemy wbudowane/lab 11/zadanie 1/dec3to8/dec3to8.v
    Info (12023): Found entity 1: dec3to8 File: C:/Users/Mateusz/Desktop/Systemy wbudowane/LAB 11/Zadanie 1/dec3to8/dec3to8.v Line: 1
Info (12021): Found 1 design units, including 1 entities, in source file /users/mateusz/desktop/systemy wbudowane/lab 11/zadanie 1/mux_10_1_9_bits/mux_10_1_9_bits.v
    Info (12023): Found entity 1: mux_10_1_9_bits File: C:/Users/Mateusz/Desktop/Systemy wbudowane/LAB 11/Zadanie 1/mux_10_1_9_bits/mux_10_1_9_bits.v Line: 1
Info (12021): Found 1 design units, including 1 entities, in source file /users/mateusz/desktop/systemy wbudowane/lab 11/zadanie 1/proc/proc.v
    Info (12023): Found entity 1: proc File: C:/Users/Mateusz/Desktop/Systemy wbudowane/LAB 11/Zadanie 1/proc/proc.v Line: 1
Info (12021): Found 1 design units, including 1 entities, in source file /users/mateusz/desktop/systemy wbudowane/lab 11/zadanie 1/regn/regn.v
    Info (12023): Found entity 1: regn File: C:/Users/Mateusz/Desktop/Systemy wbudowane/LAB 11/Zadanie 1/regn/regn.v Line: 1
Info (12021): Found 1 design units, including 1 entities, in source file /users/mateusz/desktop/systemy wbudowane/lab 6/zadanie 2/counter_n_bits/counter_n_bits.v
    Info (12023): Found entity 1: counter_N_bits File: C:/Users/Mateusz/Desktop/Systemy wbudowane/LAB 6/Zadanie 2/counter_N_bits/counter_N_bits.v Line: 1
Info (12021): Found 1 design units, including 1 entities, in source file rom32x9.v
    Info (12023): Found entity 1: rom32x9 File: C:/Users/Mateusz/Desktop/Systemy wbudowane/LAB 11/Zadanie 2/proc_with_ROM/rom32x9.v Line: 39
Info (12021): Found 1 design units, including 1 entities, in source file proc_with_rom.v
    Info (12023): Found entity 1: proc_with_ROM File: C:/Users/Mateusz/Desktop/Systemy wbudowane/LAB 11/Zadanie 2/proc_with_ROM/proc_with_ROM.v Line: 1
Info (12127): Elaborating entity "proc_with_ROM" for the top level hierarchy
Info (12128): Elaborating entity "counter_N_bits" for hierarchy "counter_N_bits:counter" File: C:/Users/Mateusz/Desktop/Systemy wbudowane/LAB 11/Zadanie 2/proc_with_ROM/proc_with_ROM.v Line: 7
Info (12128): Elaborating entity "rom32x9" for hierarchy "rom32x9:ROM" File: C:/Users/Mateusz/Desktop/Systemy wbudowane/LAB 11/Zadanie 2/proc_with_ROM/proc_with_ROM.v Line: 11
Info (12128): Elaborating entity "altsyncram" for hierarchy "rom32x9:ROM|altsyncram:altsyncram_component" File: C:/Users/Mateusz/Desktop/Systemy wbudowane/LAB 11/Zadanie 2/proc_with_ROM/rom32x9.v Line: 81
Info (12130): Elaborated megafunction instantiation "rom32x9:ROM|altsyncram:altsyncram_component" File: C:/Users/Mateusz/Desktop/Systemy wbudowane/LAB 11/Zadanie 2/proc_with_ROM/rom32x9.v Line: 81
Info (12133): Instantiated megafunction "rom32x9:ROM|altsyncram:altsyncram_component" with the following parameter: File: C:/Users/Mateusz/Desktop/Systemy wbudowane/LAB 11/Zadanie 2/proc_with_ROM/rom32x9.v Line: 81
    Info (12134): Parameter "address_aclr_a" = "NONE"
    Info (12134): Parameter "clock_enable_input_a" = "BYPASS"
    Info (12134): Parameter "clock_enable_output_a" = "BYPASS"
    Info (12134): Parameter "init_file" = "memory_init.mif"
    Info (12134): Parameter "intended_device_family" = "Cyclone V"
    Info (12134): Parameter "lpm_hint" = "ENABLE_RUNTIME_MOD=NO"
    Info (12134): Parameter "lpm_type" = "altsyncram"
    Info (12134): Parameter "numwords_a" = "32"
    Info (12134): Parameter "operation_mode" = "ROM"
    Info (12134): Parameter "outdata_aclr_a" = "NONE"
    Info (12134): Parameter "outdata_reg_a" = "UNREGISTERED"
    Info (12134): Parameter "widthad_a" = "5"
    Info (12134): Parameter "width_a" = "9"
    Info (12134): Parameter "width_byteena_a" = "1"
Info (12021): Found 1 design units, including 1 entities, in source file db/altsyncram_nkg1.tdf
    Info (12023): Found entity 1: altsyncram_nkg1 File: C:/Users/Mateusz/Desktop/Systemy wbudowane/LAB 11/Zadanie 2/proc_with_ROM/db/altsyncram_nkg1.tdf Line: 27
Info (12128): Elaborating entity "altsyncram_nkg1" for hierarchy "rom32x9:ROM|altsyncram:altsyncram_component|altsyncram_nkg1:auto_generated" File: c:/intelfpga_lite/18.0/quartus/libraries/megafunctions/altsyncram.tdf Line: 791
Info (12128): Elaborating entity "proc" for hierarchy "proc:processor" File: C:/Users/Mateusz/Desktop/Systemy wbudowane/LAB 11/Zadanie 2/proc_with_ROM/proc_with_ROM.v Line: 13
Warning (10270): Verilog HDL Case Statement warning at proc.v(63): incomplete case statement has no default case item File: C:/Users/Mateusz/Desktop/Systemy wbudowane/LAB 11/Zadanie 1/proc/proc.v Line: 63
Warning (10270): Verilog HDL Case Statement warning at proc.v(83): incomplete case statement has no default case item File: C:/Users/Mateusz/Desktop/Systemy wbudowane/LAB 11/Zadanie 1/proc/proc.v Line: 83
Warning (10270): Verilog HDL Case Statement warning at proc.v(97): incomplete case statement has no default case item File: C:/Users/Mateusz/Desktop/Systemy wbudowane/LAB 11/Zadanie 1/proc/proc.v Line: 97
Info (12128): Elaborating entity "dec3to8" for hierarchy "proc:processor|dec3to8:decX" File: C:/Users/Mateusz/Desktop/Systemy wbudowane/LAB 11/Zadanie 1/proc/proc.v Line: 29
Info (12128): Elaborating entity "regn" for hierarchy "proc:processor|regn:reg_0" File: C:/Users/Mateusz/Desktop/Systemy wbudowane/LAB 11/Zadanie 1/proc/proc.v Line: 114
Info (12128): Elaborating entity "ripple_carry_adder_subtractor" for hierarchy "proc:processor|ripple_carry_adder_subtractor:ALU" File: C:/Users/Mateusz/Desktop/Systemy wbudowane/LAB 11/Zadanie 1/proc/proc.v Line: 127
Info (12128): Elaborating entity "full_adder" for hierarchy "proc:processor|ripple_carry_adder_subtractor:ALU|full_adder:add_or_sub[0].FA" File: C:/Users/Mateusz/Desktop/Systemy wbudowane/LAB 8/Zadanie 2/ripple_carry_adder_subtractor/ripple_carry_adder_subtractor.v Line: 15
Info (12128): Elaborating entity "mux_10_1_9_bits" for hierarchy "proc:processor|mux_10_1_9_bits:mux" File: C:/Users/Mateusz/Desktop/Systemy wbudowane/LAB 11/Zadanie 1/proc/proc.v Line: 131
Info (10264): Verilog HDL Case Statement information at mux_10_1_9_bits.v(5): all case item expressions in this case statement are onehot File: C:/Users/Mateusz/Desktop/Systemy wbudowane/LAB 11/Zadanie 1/mux_10_1_9_bits/mux_10_1_9_bits.v Line: 5
Warning (12241): 1 hierarchies have connectivity warnings - see the Connectivity Checks report folder
Info (286030): Timing-Driven Synthesis is running
Info (17049): 2 registers lost all their fanouts during netlist optimizations.
Info (16010): Generating hard_block partition "hard_block:auto_generated_inst"
    Info (16011): Adding 0 node(s), including 0 DDIO, 0 PLL, 0 transceiver and 0 LCELL
Info (21057): Implemented 250 device resources after synthesis - the final resource count might be different
    Info (21058): Implemented 4 input pins
    Info (21059): Implemented 10 output pins
    Info (21061): Implemented 227 logic cells
    Info (21064): Implemented 9 RAM segments
Info: Quartus Prime Analysis & Synthesis was successful. 0 errors, 5 warnings
    Info: Peak virtual memory: 4872 megabytes
    Info: Processing ended: Sat May 25 00:23:59 2024
    Info: Elapsed time: 00:00:08
    Info: Total CPU time (on all processors): 00:00:17


