Analysis & Synthesis report for shift_word_every_1s_decoder_on_board
Wed Apr 10 19:24:57 2024
Quartus Prime Version 18.0.0 Build 614 04/24/2018 SJ Lite Edition


---------------------
; Table of Contents ;
---------------------
  1. Legal Notice
  2. Analysis & Synthesis Summary
  3. Analysis & Synthesis Settings
  4. Parallel Compilation
  5. Analysis & Synthesis Source Files Read
  6. Analysis & Synthesis Resource Usage Summary
  7. Analysis & Synthesis Resource Utilization by Entity
  8. Registers Removed During Synthesis
  9. General Register Statistics
 10. Inverted Register Statistics
 11. Parameter Settings for User Entity Instance: shift_word_every_1s_decoder:shift_1s_dec|shift_word_every_1s:shift_1s|counter_mod_M:fast_counter
 12. Port Connectivity Checks: "shift_word_every_1s_decoder:shift_1s_dec|shift_word_every_1s:shift_1s|counter_mod_M:fast_counter"
 13. Post-Synthesis Netlist Statistics for Top Partition
 14. Elapsed Time Per Partition
 15. Analysis & Synthesis Messages



----------------
; Legal Notice ;
----------------
Copyright (C) 2018  Intel Corporation. All rights reserved.
Your use of Intel Corporation's design tools, logic functions 
and other software and tools, and its AMPP partner logic 
functions, and any output files from any of the foregoing 
(including device programming or simulation files), and any 
associated documentation or information are expressly subject 
to the terms and conditions of the Intel Program License 
Subscription Agreement, the Intel Quartus Prime License Agreement,
the Intel FPGA IP License Agreement, or other applicable license
agreement, including, without limitation, that your use is for
the sole purpose of programming logic devices manufactured by
Intel and sold by Intel or its authorized distributors.  Please
refer to the applicable agreement for further details.



+-------------------------------------------------------------------------------+
; Analysis & Synthesis Summary                                                  ;
+---------------------------------+---------------------------------------------+
; Analysis & Synthesis Status     ; Successful - Wed Apr 10 19:24:57 2024       ;
; Quartus Prime Version           ; 18.0.0 Build 614 04/24/2018 SJ Lite Edition ;
; Revision Name                   ; shift_word_every_1s_decoder_on_board        ;
; Top-level Entity Name           ; shift_word_every_1s_decoder_on_board        ;
; Family                          ; Cyclone V                                   ;
; Logic utilization (in ALMs)     ; N/A                                         ;
; Total registers                 ; 32                                          ;
; Total pins                      ; 30                                          ;
; Total virtual pins              ; 0                                           ;
; Total block memory bits         ; 0                                           ;
; Total DSP Blocks                ; 0                                           ;
; Total HSSI RX PCSs              ; 0                                           ;
; Total HSSI PMA RX Deserializers ; 0                                           ;
; Total HSSI TX PCSs              ; 0                                           ;
; Total HSSI PMA TX Serializers   ; 0                                           ;
; Total PLLs                      ; 0                                           ;
; Total DLLs                      ; 0                                           ;
+---------------------------------+---------------------------------------------+


+---------------------------------------------------------------------------------------------------------------------------------------------------------------+
; Analysis & Synthesis Settings                                                                                                                                 ;
+---------------------------------------------------------------------------------+--------------------------------------+--------------------------------------+
; Option                                                                          ; Setting                              ; Default Value                        ;
+---------------------------------------------------------------------------------+--------------------------------------+--------------------------------------+
; Device                                                                          ; 5CSEMA5F31C6                         ;                                      ;
; Top-level entity name                                                           ; shift_word_every_1s_decoder_on_board ; shift_word_every_1s_decoder_on_board ;
; Family name                                                                     ; Cyclone V                            ; Cyclone V                            ;
; Use smart compilation                                                           ; Off                                  ; Off                                  ;
; Enable parallel Assembler and Timing Analyzer during compilation                ; On                                   ; On                                   ;
; Enable compact report table                                                     ; Off                                  ; Off                                  ;
; Restructure Multiplexers                                                        ; Auto                                 ; Auto                                 ;
; MLAB Add Timing Constraints For Mixed-Port Feed-Through Mode Setting Don't Care ; Off                                  ; Off                                  ;
; Create Debugging Nodes for IP Cores                                             ; Off                                  ; Off                                  ;
; Preserve fewer node names                                                       ; On                                   ; On                                   ;
; Intel FPGA IP Evaluation Mode                                                   ; Enable                               ; Enable                               ;
; Verilog Version                                                                 ; Verilog_2001                         ; Verilog_2001                         ;
; VHDL Version                                                                    ; VHDL_1993                            ; VHDL_1993                            ;
; State Machine Processing                                                        ; Auto                                 ; Auto                                 ;
; Safe State Machine                                                              ; Off                                  ; Off                                  ;
; Extract Verilog State Machines                                                  ; On                                   ; On                                   ;
; Extract VHDL State Machines                                                     ; On                                   ; On                                   ;
; Ignore Verilog initial constructs                                               ; Off                                  ; Off                                  ;
; Iteration limit for constant Verilog loops                                      ; 5000                                 ; 5000                                 ;
; Iteration limit for non-constant Verilog loops                                  ; 250                                  ; 250                                  ;
; Add Pass-Through Logic to Inferred RAMs                                         ; On                                   ; On                                   ;
; Infer RAMs from Raw Logic                                                       ; On                                   ; On                                   ;
; Parallel Synthesis                                                              ; On                                   ; On                                   ;
; DSP Block Balancing                                                             ; Auto                                 ; Auto                                 ;
; NOT Gate Push-Back                                                              ; On                                   ; On                                   ;
; Power-Up Don't Care                                                             ; On                                   ; On                                   ;
; Remove Redundant Logic Cells                                                    ; Off                                  ; Off                                  ;
; Remove Duplicate Registers                                                      ; On                                   ; On                                   ;
; Ignore CARRY Buffers                                                            ; Off                                  ; Off                                  ;
; Ignore CASCADE Buffers                                                          ; Off                                  ; Off                                  ;
; Ignore GLOBAL Buffers                                                           ; Off                                  ; Off                                  ;
; Ignore ROW GLOBAL Buffers                                                       ; Off                                  ; Off                                  ;
; Ignore LCELL Buffers                                                            ; Off                                  ; Off                                  ;
; Ignore SOFT Buffers                                                             ; On                                   ; On                                   ;
; Limit AHDL Integers to 32 Bits                                                  ; Off                                  ; Off                                  ;
; Optimization Technique                                                          ; Balanced                             ; Balanced                             ;
; Carry Chain Length                                                              ; 70                                   ; 70                                   ;
; Auto Carry Chains                                                               ; On                                   ; On                                   ;
; Auto Open-Drain Pins                                                            ; On                                   ; On                                   ;
; Perform WYSIWYG Primitive Resynthesis                                           ; Off                                  ; Off                                  ;
; Auto ROM Replacement                                                            ; On                                   ; On                                   ;
; Auto RAM Replacement                                                            ; On                                   ; On                                   ;
; Auto DSP Block Replacement                                                      ; On                                   ; On                                   ;
; Auto Shift Register Replacement                                                 ; Auto                                 ; Auto                                 ;
; Allow Shift Register Merging across Hierarchies                                 ; Auto                                 ; Auto                                 ;
; Auto Clock Enable Replacement                                                   ; On                                   ; On                                   ;
; Strict RAM Replacement                                                          ; Off                                  ; Off                                  ;
; Allow Synchronous Control Signals                                               ; On                                   ; On                                   ;
; Force Use of Synchronous Clear Signals                                          ; Off                                  ; Off                                  ;
; Auto Resource Sharing                                                           ; Off                                  ; Off                                  ;
; Allow Any RAM Size For Recognition                                              ; Off                                  ; Off                                  ;
; Allow Any ROM Size For Recognition                                              ; Off                                  ; Off                                  ;
; Allow Any Shift Register Size For Recognition                                   ; Off                                  ; Off                                  ;
; Use LogicLock Constraints during Resource Balancing                             ; On                                   ; On                                   ;
; Ignore translate_off and synthesis_off directives                               ; Off                                  ; Off                                  ;
; Timing-Driven Synthesis                                                         ; On                                   ; On                                   ;
; Report Parameter Settings                                                       ; On                                   ; On                                   ;
; Report Source Assignments                                                       ; On                                   ; On                                   ;
; Report Connectivity Checks                                                      ; On                                   ; On                                   ;
; Ignore Maximum Fan-Out Assignments                                              ; Off                                  ; Off                                  ;
; Synchronization Register Chain Length                                           ; 3                                    ; 3                                    ;
; Power Optimization During Synthesis                                             ; Normal compilation                   ; Normal compilation                   ;
; HDL message level                                                               ; Level2                               ; Level2                               ;
; Suppress Register Optimization Related Messages                                 ; Off                                  ; Off                                  ;
; Number of Removed Registers Reported in Synthesis Report                        ; 5000                                 ; 5000                                 ;
; Number of Swept Nodes Reported in Synthesis Report                              ; 5000                                 ; 5000                                 ;
; Number of Inverted Registers Reported in Synthesis Report                       ; 100                                  ; 100                                  ;
; Clock MUX Protection                                                            ; On                                   ; On                                   ;
; Auto Gated Clock Conversion                                                     ; Off                                  ; Off                                  ;
; Block Design Naming                                                             ; Auto                                 ; Auto                                 ;
; SDC constraint protection                                                       ; Off                                  ; Off                                  ;
; Synthesis Effort                                                                ; Auto                                 ; Auto                                 ;
; Shift Register Replacement - Allow Asynchronous Clear Signal                    ; On                                   ; On                                   ;
; Pre-Mapping Resynthesis Optimization                                            ; Off                                  ; Off                                  ;
; Analysis & Synthesis Message Level                                              ; Medium                               ; Medium                               ;
; Disable Register Merging Across Hierarchies                                     ; Auto                                 ; Auto                                 ;
; Resource Aware Inference For Block RAM                                          ; On                                   ; On                                   ;
; Automatic Parallel Synthesis                                                    ; On                                   ; On                                   ;
; Partial Reconfiguration Bitstream ID                                            ; Off                                  ; Off                                  ;
+---------------------------------------------------------------------------------+--------------------------------------+--------------------------------------+


+------------------------------------------+
; Parallel Compilation                     ;
+----------------------------+-------------+
; Processors                 ; Number      ;
+----------------------------+-------------+
; Number detected on machine ; 16          ;
; Maximum allowed            ; 8           ;
;                            ;             ;
; Average used               ; 1.00        ;
; Maximum used               ; 8           ;
;                            ;             ;
; Usage by Processor         ; % Time Used ;
;     Processor 1            ; 100.0%      ;
;     Processors 2-8         ;   0.0%      ;
+----------------------------+-------------+


+------------------------------------------------------------------------------------------------------------------------------------------------------------------------------------------------------------------------------------------------------------------+
; Analysis & Synthesis Source Files Read                                                                                                                                                                                                                           ;
+--------------------------------------------------------------+-----------------+------------------------+----------------------------------------------------------------------------------------------------------------------------------------------+---------+
; File Name with User-Entered Path                             ; Used in Netlist ; File Type              ; File Name with Absolute Path                                                                                                                 ; Library ;
+--------------------------------------------------------------+-----------------+------------------------+----------------------------------------------------------------------------------------------------------------------------------------------+---------+
; ../../../../LAB 3/Zadanie 3/decoder_7_seg.v                  ; yes             ; User Verilog HDL File  ; C:/Users/Mateusz/Desktop/Systemy wbudowane/LAB 3/Zadanie 3/decoder_7_seg.v                                                                   ;         ;
; ../../../Zadanie 3/counter_mod_M/counter_mod_M.v             ; yes             ; User Verilog HDL File  ; C:/Users/Mateusz/Desktop/Systemy wbudowane/LAB 6/Zadanie 3/counter_mod_M/counter_mod_M.v                                                     ;         ;
; ../shift_word/shift_word.v                                   ; yes             ; User Verilog HDL File  ; C:/Users/Mateusz/Desktop/Systemy wbudowane/LAB 6/Zadanie 4/1 try/shift_word/shift_word.v                                                     ;         ;
; ../shift_word_every_1s/shift_word_every_1s.v                 ; yes             ; User Verilog HDL File  ; C:/Users/Mateusz/Desktop/Systemy wbudowane/LAB 6/Zadanie 4/1 try/shift_word_every_1s/shift_word_every_1s.v                                   ;         ;
; ../shift_word_every_1s_decoder/shift_word_every_1s_decoder.v ; yes             ; User Verilog HDL File  ; C:/Users/Mateusz/Desktop/Systemy wbudowane/LAB 6/Zadanie 4/1 try/shift_word_every_1s_decoder/shift_word_every_1s_decoder.v                   ;         ;
; shift_word_every_1s_decoder_on_board.v                       ; yes             ; User Verilog HDL File  ; C:/Users/Mateusz/Desktop/Systemy wbudowane/LAB 6/Zadanie 4/1 try/shift_word_every_1s_decoder_on_board/shift_word_every_1s_decoder_on_board.v ;         ;
+--------------------------------------------------------------+-----------------+------------------------+----------------------------------------------------------------------------------------------------------------------------------------------+---------+


+---------------------------------------------------------------------------------------------------------------------------------------------------------+
; Analysis & Synthesis Resource Usage Summary                                                                                                             ;
+---------------------------------------------+-----------------------------------------------------------------------------------------------------------+
; Resource                                    ; Usage                                                                                                     ;
+---------------------------------------------+-----------------------------------------------------------------------------------------------------------+
; Estimate of Logic utilization (ALMs needed) ; 35                                                                                                        ;
;                                             ;                                                                                                           ;
; Combinational ALUT usage for logic          ; 61                                                                                                        ;
;     -- 7 input functions                    ; 0                                                                                                         ;
;     -- 6 input functions                    ; 9                                                                                                         ;
;     -- 5 input functions                    ; 0                                                                                                         ;
;     -- 4 input functions                    ; 0                                                                                                         ;
;     -- <=3 input functions                  ; 52                                                                                                        ;
;                                             ;                                                                                                           ;
; Dedicated logic registers                   ; 32                                                                                                        ;
;                                             ;                                                                                                           ;
; I/O pins                                    ; 30                                                                                                        ;
;                                             ;                                                                                                           ;
; Total DSP Blocks                            ; 0                                                                                                         ;
;                                             ;                                                                                                           ;
; Maximum fan-out node                        ; shift_word_every_1s_decoder:shift_1s_dec|shift_word_every_1s:shift_1s|counter_mod_M:fast_counter|Equal0~4 ;
; Maximum fan-out                             ; 26                                                                                                        ;
; Total fan-out                               ; 303                                                                                                       ;
; Average fan-out                             ; 1.98                                                                                                      ;
+---------------------------------------------+-----------------------------------------------------------------------------------------------------------+


+-------------------------------------------------------------------------------------------------------------------------------------------------------------------------------------------------------------------------------------------------------------------------------------------------------------------------------------------------------+
; Analysis & Synthesis Resource Utilization by Entity                                                                                                                                                                                                                                                                                                   ;
+-----------------------------------------------+---------------------+---------------------------+-------------------+------------+------+--------------+----------------------------------------------------------------------------------------------------------------------------------------+--------------------------------------+--------------+
; Compilation Hierarchy Node                    ; Combinational ALUTs ; Dedicated Logic Registers ; Block Memory Bits ; DSP Blocks ; Pins ; Virtual Pins ; Full Hierarchy Name                                                                                                                    ; Entity Name                          ; Library Name ;
+-----------------------------------------------+---------------------+---------------------------+-------------------+------------+------+--------------+----------------------------------------------------------------------------------------------------------------------------------------+--------------------------------------+--------------+
; |shift_word_every_1s_decoder_on_board         ; 61 (0)              ; 32 (0)                    ; 0                 ; 0          ; 30   ; 0            ; |shift_word_every_1s_decoder_on_board                                                                                                  ; shift_word_every_1s_decoder_on_board ; work         ;
;    |shift_word_every_1s_decoder:shift_1s_dec| ; 61 (0)              ; 32 (0)                    ; 0                 ; 0          ; 0    ; 0            ; |shift_word_every_1s_decoder_on_board|shift_word_every_1s_decoder:shift_1s_dec                                                         ; shift_word_every_1s_decoder          ; work         ;
;       |decoder_7_seg:dec0|                    ; 5 (5)               ; 0 (0)                     ; 0                 ; 0          ; 0    ; 0            ; |shift_word_every_1s_decoder_on_board|shift_word_every_1s_decoder:shift_1s_dec|decoder_7_seg:dec0                                      ; decoder_7_seg                        ; work         ;
;       |decoder_7_seg:dec1|                    ; 5 (5)               ; 0 (0)                     ; 0                 ; 0          ; 0    ; 0            ; |shift_word_every_1s_decoder_on_board|shift_word_every_1s_decoder:shift_1s_dec|decoder_7_seg:dec1                                      ; decoder_7_seg                        ; work         ;
;       |decoder_7_seg:dec2|                    ; 5 (5)               ; 0 (0)                     ; 0                 ; 0          ; 0    ; 0            ; |shift_word_every_1s_decoder_on_board|shift_word_every_1s_decoder:shift_1s_dec|decoder_7_seg:dec2                                      ; decoder_7_seg                        ; work         ;
;       |decoder_7_seg:dec3|                    ; 5 (5)               ; 0 (0)                     ; 0                 ; 0          ; 0    ; 0            ; |shift_word_every_1s_decoder_on_board|shift_word_every_1s_decoder:shift_1s_dec|decoder_7_seg:dec3                                      ; decoder_7_seg                        ; work         ;
;       |shift_word_every_1s:shift_1s|          ; 41 (4)              ; 32 (0)                    ; 0                 ; 0          ; 0    ; 0            ; |shift_word_every_1s_decoder_on_board|shift_word_every_1s_decoder:shift_1s_dec|shift_word_every_1s:shift_1s                            ; shift_word_every_1s                  ; work         ;
;          |counter_mod_M:fast_counter|         ; 31 (31)             ; 26 (26)                   ; 0                 ; 0          ; 0    ; 0            ; |shift_word_every_1s_decoder_on_board|shift_word_every_1s_decoder:shift_1s_dec|shift_word_every_1s:shift_1s|counter_mod_M:fast_counter ; counter_mod_M                        ; work         ;
;          |shift_word:shift|                   ; 6 (6)               ; 6 (6)                     ; 0                 ; 0          ; 0    ; 0            ; |shift_word_every_1s_decoder_on_board|shift_word_every_1s_decoder:shift_1s_dec|shift_word_every_1s:shift_1s|shift_word:shift           ; shift_word                           ; work         ;
+-----------------------------------------------+---------------------+---------------------------+-------------------+------------+------+--------------+----------------------------------------------------------------------------------------------------------------------------------------+--------------------------------------+--------------+
Note: For table entries with two numbers listed, the numbers in parentheses indicate the number of resources of the given type used by the specific entity alone. The numbers listed outside of parentheses indicate the total resources of the given type used by the specific entity and all of its sub-entities in the hierarchy.


+---------------------------------------------------------------------------------------------------------------------------------------------------------------------------------------------------------------------+
; Registers Removed During Synthesis                                                                                                                                                                                  ;
+----------------------------------------------------------------------------------------------------+----------------------------------------------------------------------------------------------------------------+
; Register name                                                                                      ; Reason for Removal                                                                                             ;
+----------------------------------------------------------------------------------------------------+----------------------------------------------------------------------------------------------------------------+
; shift_word_every_1s_decoder:shift_1s_dec|shift_word_every_1s:shift_1s|shift_word:shift|char_out[6] ; Merged with shift_word_every_1s_decoder:shift_1s_dec|shift_word_every_1s:shift_1s|shift_word:shift|char_out[2] ;
; shift_word_every_1s_decoder:shift_1s_dec|shift_word_every_1s:shift_1s|shift_word:shift|char_out[4] ; Merged with shift_word_every_1s_decoder:shift_1s_dec|shift_word_every_1s:shift_1s|shift_word:shift|char_out[0] ;
; Total Number of Removed Registers = 2                                                              ;                                                                                                                ;
+----------------------------------------------------------------------------------------------------+----------------------------------------------------------------------------------------------------------------+


+------------------------------------------------------+
; General Register Statistics                          ;
+----------------------------------------------+-------+
; Statistic                                    ; Value ;
+----------------------------------------------+-------+
; Total registers                              ; 32    ;
; Number of registers using Synchronous Clear  ; 26    ;
; Number of registers using Synchronous Load   ; 0     ;
; Number of registers using Asynchronous Clear ; 0     ;
; Number of registers using Asynchronous Load  ; 0     ;
; Number of registers using Clock Enable       ; 0     ;
; Number of registers using Preset             ; 0     ;
+----------------------------------------------+-------+


+--------------------------------------------------------------------------------------------------------------+
; Inverted Register Statistics                                                                                 ;
+----------------------------------------------------------------------------------------------------+---------+
; Inverted Register                                                                                  ; Fan out ;
+----------------------------------------------------------------------------------------------------+---------+
; shift_word_every_1s_decoder:shift_1s_dec|shift_word_every_1s:shift_1s|shift_word:shift|char_out[0] ; 13      ;
; shift_word_every_1s_decoder:shift_1s_dec|shift_word_every_1s:shift_1s|shift_word:shift|char_out[3] ; 7       ;
; shift_word_every_1s_decoder:shift_1s_dec|shift_word_every_1s:shift_1s|shift_word:shift|char_out[1] ; 7       ;
; Total number of inverted registers = 3                                                             ;         ;
+----------------------------------------------------------------------------------------------------+---------+


+-----------------------------------------------------------------------------------------------------------------------------------------------+
; Parameter Settings for User Entity Instance: shift_word_every_1s_decoder:shift_1s_dec|shift_word_every_1s:shift_1s|counter_mod_M:fast_counter ;
+----------------+----------+-------------------------------------------------------------------------------------------------------------------+
; Parameter Name ; Value    ; Type                                                                                                              ;
+----------------+----------+-------------------------------------------------------------------------------------------------------------------+
; M              ; 50000000 ; Signed Integer                                                                                                    ;
+----------------+----------+-------------------------------------------------------------------------------------------------------------------+
Note: In order to hide this table in the UI and the text report file, please set the "Show Parameter Settings in Synthesis Report" option in "Analysis and Synthesis Settings -> More Settings" to "Off".


+------------------------------------------------------------------------------------------------------------------------------+
; Port Connectivity Checks: "shift_word_every_1s_decoder:shift_1s_dec|shift_word_every_1s:shift_1s|counter_mod_M:fast_counter" ;
+--------+-------+----------+--------------------------------------------------------------------------------------------------+
; Port   ; Type  ; Severity ; Details                                                                                          ;
+--------+-------+----------+--------------------------------------------------------------------------------------------------+
; aclr   ; Input ; Info     ; Stuck at VCC                                                                                     ;
; enable ; Input ; Info     ; Stuck at VCC                                                                                     ;
+--------+-------+----------+--------------------------------------------------------------------------------------------------+


+-----------------------------------------------------+
; Post-Synthesis Netlist Statistics for Top Partition ;
+-----------------------+-----------------------------+
; Type                  ; Count                       ;
+-----------------------+-----------------------------+
; arriav_ff             ; 32                          ;
;     SCLR              ; 26                          ;
;     plain             ; 6                           ;
; arriav_lcell_comb     ; 71                          ;
;     arith             ; 26                          ;
;         1 data inputs ; 26                          ;
;     normal            ; 45                          ;
;         0 data inputs ; 1                           ;
;         1 data inputs ; 11                          ;
;         2 data inputs ; 20                          ;
;         3 data inputs ; 4                           ;
;         6 data inputs ; 9                           ;
; boundary_port         ; 30                          ;
;                       ;                             ;
; Max LUT depth         ; 3.50                        ;
; Average LUT depth     ; 2.25                        ;
+-----------------------+-----------------------------+


+-------------------------------+
; Elapsed Time Per Partition    ;
+----------------+--------------+
; Partition Name ; Elapsed Time ;
+----------------+--------------+
; Top            ; 00:00:00     ;
+----------------+--------------+


+-------------------------------+
; Analysis & Synthesis Messages ;
+-------------------------------+
Info: *******************************************************************
Info: Running Quartus Prime Analysis & Synthesis
    Info: Version 18.0.0 Build 614 04/24/2018 SJ Lite Edition
    Info: Processing started: Wed Apr 10 19:24:50 2024
Info: Command: quartus_map --read_settings_files=on --write_settings_files=off shift_word_every_1s_decoder_on_board -c shift_word_every_1s_decoder_on_board
Warning (18236): Number of processors has not been specified which may cause overloading on shared machines.  Set the global assignment NUM_PARALLEL_PROCESSORS in your QSF to an appropriate value for best performance.
Info (20030): Parallel compilation is enabled and will use 8 of the 8 processors detected
Info (12021): Found 1 design units, including 1 entities, in source file /users/mateusz/desktop/systemy wbudowane/lab 3/zadanie 3/decoder_7_seg.v
    Info (12023): Found entity 1: decoder_7_seg File: C:/Users/Mateusz/Desktop/Systemy wbudowane/LAB 3/Zadanie 3/decoder_7_seg.v Line: 1
Info (12021): Found 1 design units, including 1 entities, in source file /users/mateusz/desktop/systemy wbudowane/lab 6/zadanie 3/counter_mod_m/counter_mod_m.v
    Info (12023): Found entity 1: counter_mod_M File: C:/Users/Mateusz/Desktop/Systemy wbudowane/LAB 6/Zadanie 3/counter_mod_M/counter_mod_M.v Line: 1
Info (12021): Found 1 design units, including 1 entities, in source file /users/mateusz/desktop/systemy wbudowane/lab 6/zadanie 4/1 try/shift_word/shift_word.v
    Info (12023): Found entity 1: shift_word File: C:/Users/Mateusz/Desktop/Systemy wbudowane/LAB 6/Zadanie 4/1 try/shift_word/shift_word.v Line: 1
Info (12021): Found 1 design units, including 1 entities, in source file /users/mateusz/desktop/systemy wbudowane/lab 6/zadanie 4/1 try/shift_word_every_1s/shift_word_every_1s.v
    Info (12023): Found entity 1: shift_word_every_1s File: C:/Users/Mateusz/Desktop/Systemy wbudowane/LAB 6/Zadanie 4/1 try/shift_word_every_1s/shift_word_every_1s.v Line: 1
Info (12021): Found 1 design units, including 1 entities, in source file /users/mateusz/desktop/systemy wbudowane/lab 6/zadanie 4/1 try/shift_word_every_1s_decoder/shift_word_every_1s_decoder.v
    Info (12023): Found entity 1: shift_word_every_1s_decoder File: C:/Users/Mateusz/Desktop/Systemy wbudowane/LAB 6/Zadanie 4/1 try/shift_word_every_1s_decoder/shift_word_every_1s_decoder.v Line: 1
Info (12021): Found 1 design units, including 1 entities, in source file shift_word_every_1s_decoder_on_board.v
    Info (12023): Found entity 1: shift_word_every_1s_decoder_on_board File: C:/Users/Mateusz/Desktop/Systemy wbudowane/LAB 6/Zadanie 4/1 try/shift_word_every_1s_decoder_on_board/shift_word_every_1s_decoder_on_board.v Line: 1
Info (12127): Elaborating entity "shift_word_every_1s_decoder_on_board" for the top level hierarchy
Info (12128): Elaborating entity "shift_word_every_1s_decoder" for hierarchy "shift_word_every_1s_decoder:shift_1s_dec" File: C:/Users/Mateusz/Desktop/Systemy wbudowane/LAB 6/Zadanie 4/1 try/shift_word_every_1s_decoder_on_board/shift_word_every_1s_decoder_on_board.v Line: 5
Info (12128): Elaborating entity "shift_word_every_1s" for hierarchy "shift_word_every_1s_decoder:shift_1s_dec|shift_word_every_1s:shift_1s" File: C:/Users/Mateusz/Desktop/Systemy wbudowane/LAB 6/Zadanie 4/1 try/shift_word_every_1s_decoder/shift_word_every_1s_decoder.v Line: 6
Info (12128): Elaborating entity "counter_mod_M" for hierarchy "shift_word_every_1s_decoder:shift_1s_dec|shift_word_every_1s:shift_1s|counter_mod_M:fast_counter" File: C:/Users/Mateusz/Desktop/Systemy wbudowane/LAB 6/Zadanie 4/1 try/shift_word_every_1s/shift_word_every_1s.v Line: 15
Info (12128): Elaborating entity "shift_word" for hierarchy "shift_word_every_1s_decoder:shift_1s_dec|shift_word_every_1s:shift_1s|shift_word:shift" File: C:/Users/Mateusz/Desktop/Systemy wbudowane/LAB 6/Zadanie 4/1 try/shift_word_every_1s/shift_word_every_1s.v Line: 19
Info (12128): Elaborating entity "decoder_7_seg" for hierarchy "shift_word_every_1s_decoder:shift_1s_dec|decoder_7_seg:dec0" File: C:/Users/Mateusz/Desktop/Systemy wbudowane/LAB 6/Zadanie 4/1 try/shift_word_every_1s_decoder/shift_word_every_1s_decoder.v Line: 8
Warning (13024): Output pins are stuck at VCC or GND
    Warning (13410): Pin "HEX3[6]" is stuck at GND File: C:/Users/Mateusz/Desktop/Systemy wbudowane/LAB 6/Zadanie 4/1 try/shift_word_every_1s_decoder_on_board/shift_word_every_1s_decoder_on_board.v Line: 3
    Warning (13410): Pin "HEX2[6]" is stuck at GND File: C:/Users/Mateusz/Desktop/Systemy wbudowane/LAB 6/Zadanie 4/1 try/shift_word_every_1s_decoder_on_board/shift_word_every_1s_decoder_on_board.v Line: 3
    Warning (13410): Pin "HEX1[6]" is stuck at GND File: C:/Users/Mateusz/Desktop/Systemy wbudowane/LAB 6/Zadanie 4/1 try/shift_word_every_1s_decoder_on_board/shift_word_every_1s_decoder_on_board.v Line: 3
    Warning (13410): Pin "HEX0[6]" is stuck at GND File: C:/Users/Mateusz/Desktop/Systemy wbudowane/LAB 6/Zadanie 4/1 try/shift_word_every_1s_decoder_on_board/shift_word_every_1s_decoder_on_board.v Line: 3
Info (286030): Timing-Driven Synthesis is running
Info (16010): Generating hard_block partition "hard_block:auto_generated_inst"
    Info (16011): Adding 0 node(s), including 0 DDIO, 0 PLL, 0 transceiver and 0 LCELL
Info (21057): Implemented 91 device resources after synthesis - the final resource count might be different
    Info (21058): Implemented 2 input pins
    Info (21059): Implemented 28 output pins
    Info (21061): Implemented 61 logic cells
Info: Quartus Prime Analysis & Synthesis was successful. 0 errors, 6 warnings
    Info: Peak virtual memory: 4866 megabytes
    Info: Processing ended: Wed Apr 10 19:24:57 2024
    Info: Elapsed time: 00:00:07
    Info: Total CPU time (on all processors): 00:00:16


